    "<Event xmlns=\"http://schemas.microsoft.com/win/2004/08/events/event\"><System><Provider Name=\"Microsoft-Windows-UserPnp\" Guid=\"{96f4a050-7e31-453c-88be-9634f4e02139}\"></Provider>\n<EventID Qualifiers=\"\">20001</EventID>\n<Version>0</Version>\n<Level>4</Level>\n<Task>7005</Task>\n<Opcode>0</Opcode>\n<Keywords>0x8000000000000000</Keywords>\n<TimeCreated SystemTime=\"2024-12-19 09:42:20.944614\"></TimeCreated>\n<EventRecordID>187</EventRecordID>\n<Correlation ActivityID=\"\" RelatedActivityID=\"\"></Correlation>\n<Execution ProcessID=\"2040\" ThreadID=\"2008\"></Execution>\n<Channel>System</Channel>\n<Computer>37L4247F27-25</Computer>\n<Security UserID=\"S-1-5-18\"></Security>\n</System>\n<UserData><InstallDeviceID xmlns:auto-ns2=\"http://schemas.microsoft.com/win/2004/08/events\" xmlns=\"http://manifests.microsoft.com/win/2004/08/windows/userpnp\"><DriverName>FileRepository\\machine.inf_amd64_neutral_a2f120466549d68b\\machine.inf</DriverName>\n<DriverVersion>6.1.7601.17514</DriverVersion>\n<DriverProvider>Microsoft</DriverProvider>\n<DeviceInstanceID>PCI\\VEN_15AD&amp;DEV_07A0&amp;SUBSYS_07A015AD&amp;REV_01\\3&amp;2B8E0B4B&amp;0&amp;BF</DeviceInstanceID>\n<SetupClass>{4d36e97d-e325-11ce-bfc1-08002be10318}</SetupClass>\n<RebootOption>False</RebootOption>\n<UpgradeDevice>False</UpgradeDevice>\n<IsDriverOEM>False</IsDriverOEM>\n<InstallStatus>0x00000000</InstallStatus>\n<DriverDescription>PCI Express standard Root Port</DriverDescription>\n</InstallDeviceID>\n</UserData>\n</Event>\n",
    "<Event xmlns=\"http://schemas.microsoft.com/win/2004/08/events/event\"><System><Provider Name=\"Microsoft-Windows-UserPnp\" Guid=\"{96f4a050-7e31-453c-88be-9634f4e02139}\"></Provider>\n<EventID Qualifiers=\"\">20003</EventID>\n<Version>0</Version>\n<Level>4</Level>\n<Task>7005</Task>\n<Opcode>0</Opcode>\n<Keywords>0x8000000000000000</Keywords>\n<TimeCreated SystemTime=\"2024-12-19 09:42:20.975813\"></TimeCreated>\n<EventRecordID>188</EventRecordID>\n<Correlation ActivityID=\"\" RelatedActivityID=\"\"></Correlation>\n<Execution ProcessID=\"2044\" ThreadID=\"1988\"></Execution>\n<Channel>System</Channel>\n<Computer>37L4247F27-25</Computer>\n<Security UserID=\"S-1-5-18\"></Security>\n</System>\n<UserData><AddServiceID xmlns:auto-ns2=\"http://schemas.microsoft.com/win/2004/08/events\" xmlns=\"http://manifests.microsoft.com/win/2004/08/windows/userpnp\"><ServiceName>pci</ServiceName>\n<DriverFileName>system32\\DRIVERS\\pci.sys</DriverFileName>\n<DeviceInstanceID>PCI\\VEN_15AD&amp;DEV_0790&amp;SUBSYS_079015AD&amp;REV_02\\3&amp;2B8E0B4B&amp;0&amp;88</DeviceInstanceID>\n<PrimaryService>True</PrimaryService>\n<UpdateService>True</UpdateService>\n<AddServiceStatus>0</AddServiceStatus>\n</AddServiceID>\n</UserData>\n</Event>\n",
    "<Event xmlns=\"http://schemas.microsoft.com/win/2004/08/events/event\"><System><Provider Name=\"Microsoft-Windows-UserPnp\" Guid=\"{96f4a050-7e31-453c-88be-9634f4e02139}\"></Provider>\n<EventID Qualifiers=\"\">20001</EventID>\n<Version>0</Version>\n<Level>4</Level>\n<Task>7005</Task>\n<Opcode>0</Opcode>\n<Keywords>0x8000000000000000</Keywords>\n<TimeCreated SystemTime=\"2024-12-19 09:42:24.205021\"></TimeCreated>\n<EventRecordID>189</EventRecordID>\n<Correlation ActivityID=\"\" RelatedActivityID=\"\"></Correlation>\n<Execution ProcessID=\"2044\" ThreadID=\"1988\"></Execution>\n<Channel>System</Channel>\n<Computer>37L4247F27-25</Computer>\n<Security UserID=\"S-1-5-18\"></Security>\n</System>\n<UserData><InstallDeviceID xmlns:auto-ns2=\"http://schemas.microsoft.com/win/2004/08/events\" xmlns=\"http://manifests.microsoft.com/win/2004/08/windows/userpnp\"><DriverName>FileRepository\\machine.inf_amd64_neutral_a2f120466549d68b\\machine.inf</DriverName>\n<DriverVersion>6.1.7601.17514</DriverVersion>\n<DriverProvider>Microsoft</DriverProvider>\n<DeviceInstanceID>PCI\\VEN_15AD&amp;DEV_0790&amp;SUBSYS_079015AD&amp;REV_02\\3&amp;2B8E0B4B&amp;0&amp;88</DeviceInstanceID>\n<SetupClass>{4d36e97d-e325-11ce-bfc1-08002be10318}</SetupClass>\n<RebootOption>False</RebootOption>\n<UpgradeDevice>False</UpgradeDevice>\n<IsDriverOEM>False</IsDriverOEM>\n<InstallStatus>0x00000000</InstallStatus>\n<DriverDescription>PCI standard PCI-to-PCI bridge</DriverDescription>\n</InstallDeviceID>\n</UserData>\n</Event>\n",
    "<Event xmlns=\"http://schemas.microsoft.com/win/2004/08/events/event\"><System><Provider Name=\"Microsoft-Windows-UserPnp\" Guid=\"{96f4a050-7e31-453c-88be-9634f4e02139}\"></Provider>\n<EventID Qualifiers=\"\">20003</EventID>\n<Version>0</Version>\n<Level>4</Level>\n<Task>7005</Task>\n<Opcode>0</Opcode>\n<Keywords>0x8000000000000000</Keywords>\n<TimeCreated SystemTime=\"2024-12-19 09:42:26.716625\"></TimeCreated>\n<EventRecordID>190</EventRecordID>\n<Correlation ActivityID=\"\" RelatedActivityID=\"\"></Correlation>\n<Execution ProcessID=\"1984\" ThreadID=\"1104\"></Execution>\n<Channel>System</Channel>\n<Computer>37L4247F27-25</Computer>\n<Security UserID=\"S-1-5-18\"></Security>\n</System>\n<UserData><AddServiceID xmlns:auto-ns2=\"http://schemas.microsoft.com/win/2004/08/events\" xmlns=\"http://manifests.microsoft.com/win/2004/08/windows/userpnp\"><ServiceName>pci</ServiceName>\n<DriverFileName>system32\\DRIVERS\\pci.sys</DriverFileName>\n<DeviceInstanceID>PCI\\VEN_15AD&amp;DEV_07A0&amp;SUBSYS_07A015AD&amp;REV_01\\3&amp;2B8E0B4B&amp;0&amp;B7</DeviceInstanceID>\n<PrimaryService>True</PrimaryService>\n<UpdateService>True</UpdateService>\n<AddServiceStatus>0</AddServiceStatus>\n</AddServiceID>\n</UserData>\n</Event>\n",
    "<Event xmlns=\"http://schemas.microsoft.com/win/2004/08/events/event\"><System><Provider Name=\"Microsoft-Windows-UserPnp\" Guid=\"{96f4a050-7e31-453c-88be-9634f4e02139}\"></Provider>\n<EventID Qualifiers=\"\">20001</EventID>\n<Version>0</Version>\n<Level>4</Level>\n<Task>7005</Task>\n<Opcode>0</Opcode>\n<Keywords>0x8000000000000000</Keywords>\n<TimeCreated SystemTime=\"2024-12-19 09:42:34.797440\"></TimeCreated>\n<EventRecordID>191</EventRecordID>\n<Correlation ActivityID=\"\" RelatedActivityID=\"\"></Correlation>\n<Execution ProcessID=\"1984\" ThreadID=\"1104\"></Execution>\n<Channel>System</Channel>\n<Computer>37L4247F27-25</Computer>\n<Security UserID=\"S-1-5-18\"></Security>\n</System>\n<UserData><InstallDeviceID xmlns:auto-ns2=\"http://schemas.microsoft.com/win/2004/08/events\" xmlns=\"http://manifests.microsoft.com/win/2004/08/windows/userpnp\"><DriverName>FileRepository\\machine.inf_amd64_neutral_a2f120466549d68b\\machine.inf</DriverName>\n<DriverVersion>6.1.7601.17514</DriverVersion>\n<DriverProvider>Microsoft</DriverProvider>\n<DeviceInstanceID>PCI\\VEN_15AD&amp;DEV_07A0&amp;SUBSYS_07A015AD&amp;REV_01\\3&amp;2B8E0B4B&amp;0&amp;B7</DeviceInstanceID>\n<SetupClass>{4d36e97d-e325-11ce-bfc1-08002be10318}</SetupClass>\n<RebootOption>False</RebootOption>\n<UpgradeDevice>False</UpgradeDevice>\n<IsDriverOEM>False</IsDriverOEM>\n<InstallStatus>0x00000000</InstallStatus>\n<DriverDescription>PCI Express standard Root Port</DriverDescription>\n</InstallDeviceID>\n</UserData>\n</Event>\n",
    "<Event xmlns=\"http://schemas.microsoft.com/win/2004/08/events/event\"><System><Provider Name=\"Microsoft-Windows-UserPnp\" Guid=\"{96f4a050-7e31-453c-88be-9634f4e02139}\"></Provider>\n<EventID Qualifiers=\"\">20003</EventID>\n<Version>0</Version>\n<Level>4</Level>\n<Task>7005</Task>\n<Opcode>0</Opcode>\n<Keywords>0x8000000000000000</Keywords>\n<TimeCreated SystemTime=\"2024-12-19 09:42:34.844240\"></TimeCreated>\n<EventRecordID>192</EventRecordID>\n<Correlation ActivityID=\"\" RelatedActivityID=\"\"></Correlation>\n<Execution ProcessID=\"1996\" ThreadID=\"2004\"></Execution>\n<Channel>System</Channel>\n<Computer>37L4247F27-25</Computer>\n<Security UserID=\"S-1-5-18\"></Security>\n</System>\n<UserData><AddServiceID xmlns:auto-ns2=\"http://schemas.microsoft.com/win/2004/08/events\" xmlns=\"http://manifests.microsoft.com/win/2004/08/windows/userpnp\"><ServiceName>pci</ServiceName>\n<DriverFileName>system32\\DRIVERS\\pci.sys</DriverFileName>\n<DeviceInstanceID>PCI\\VEN_15AD&amp;DEV_07A0&amp;SUBSYS_07A015AD&amp;REV_01\\3&amp;2B8E0B4B&amp;0&amp;AF</DeviceInstanceID>\n<PrimaryService>True</PrimaryService>\n<UpdateService>True</UpdateService>\n<AddServiceStatus>0</AddServiceStatus>\n</AddServiceID>\n</UserData>\n</Event>\n",
    "<Event xmlns=\"http://schemas.microsoft.com/win/2004/08/events/event\"><System><Provider Name=\"Microsoft-Windows-UserPnp\" Guid=\"{96f4a050-7e31-453c-88be-9634f4e02139}\"></Provider>\n<EventID Qualifiers=\"\">20001</EventID>\n<Version>0</Version>\n<Level>4</Level>\n<Task>7005</Task>\n<Opcode>0</Opcode>\n<Keywords>0x8000000000000000</Keywords>\n<TimeCreated SystemTime=\"2024-12-19 09:42:35.000240\"></TimeCreated>\n<EventRecordID>193</EventRecordID>\n<Correlation ActivityID=\"\" RelatedActivityID=\"\"></Correlation>\n<Execution ProcessID=\"1996\" ThreadID=\"2004\"></Execution>\n<Channel>System</Channel>\n<Computer>37L4247F27-25</Computer>\n<Security UserID=\"S-1-5-18\"></Security>\n</System>\n<UserData><InstallDeviceID xmlns:auto-ns2=\"http://schemas.microsoft.com/win/2004/08/events\" xmlns=\"http://manifests.microsoft.com/win/2004/08/windows/userpnp\"><DriverName>FileRepository\\machine.inf_amd64_neutral_a2f120466549d68b\\machine.inf</DriverName>\n<DriverVersion>6.1.7601.17514</DriverVersion>\n<DriverProvider>Microsoft</DriverProvider>\n<DeviceInstanceID>PCI\\VEN_15AD&amp;DEV_07A0&amp;SUBSYS_07A015AD&amp;REV_01\\3&amp;2B8E0B4B&amp;0&amp;AF</DeviceInstanceID>\n<SetupClass>{4d36e97d-e325-11ce-bfc1-08002be10318}</SetupClass>\n<RebootOption>False</RebootOption>\n<UpgradeDevice>False</UpgradeDevice>\n<IsDriverOEM>False</IsDriverOEM>\n<InstallStatus>0x00000000</InstallStatus>\n<DriverDescription>PCI Express standard Root Port</DriverDescription>\n</InstallDeviceID>\n</UserData>\n</Event>\n",
    "<Event xmlns=\"http://schemas.microsoft.com/win/2004/08/events/event\"><System><Provider Name=\"Microsoft-Windows-UserPnp\" Guid=\"{96f4a050-7e31-453c-88be-9634f4e02139}\"></Provider>\n<EventID Qualifiers=\"\">20003</EventID>\n<Version>0</Version>\n<Level>4</Level>\n<Task>7005</Task>\n<Opcode>0</Opcode>\n<Keywords>0x8000000000000000</Keywords>\n<TimeCreated SystemTime=\"2024-12-19 09:42:35.031439\"></TimeCreated>\n<EventRecordID>194</EventRecordID>\n<Correlation ActivityID=\"\" RelatedActivityID=\"\"></Correlation>\n<Execution ProcessID=\"872\" ThreadID=\"1320\"></Execution>\n<Channel>System</Channel>\n<Computer>37L4247F27-25</Computer>\n<Security UserID=\"S-1-5-18\"></Security>\n</System>\n<UserData><AddServiceID xmlns:auto-ns2=\"http://schemas.microsoft.com/win/2004/08/events\" xmlns=\"http://manifests.microsoft.com/win/2004/08/windows/userpnp\"><ServiceName>pci</ServiceName>\n<DriverFileName>system32\\DRIVERS\\pci.sys</DriverFileName>\n<DeviceInstanceID>PCI\\VEN_15AD&amp;DEV_07A0&amp;SUBSYS_07A015AD&amp;REV_01\\3&amp;2B8E0B4B&amp;0&amp;C7</DeviceInstanceID>\n<PrimaryService>True</PrimaryService>\n<UpdateService>True</UpdateService>\n<AddServiceStatus>0</AddServiceStatus>\n</AddServiceID>\n</UserData>\n</Event>\n",
    "<Event xmlns=\"http://schemas.microsoft.com/win/2004/08/events/event\"><System><Provider Name=\"Microsoft-Windows-UserPnp\" Guid=\"{96f4a050-7e31-453c-88be-9634f4e02139}\"></Provider>\n<EventID Qualifiers=\"\">20001</EventID>\n<Version>0</Version>\n<Level>4</Level>\n<Task>7005</Task>\n<Opcode>0</Opcode>\n<Keywords>0x8000000000000000</Keywords>\n<TimeCreated SystemTime=\"2024-12-19 09:42:35.265440\"></TimeCreated>\n<EventRecordID>195</EventRecordID>\n<Correlation ActivityID=\"\" RelatedActivityID=\"\"></Correlation>\n<Execution ProcessID=\"872\" ThreadID=\"1320\"></Execution>\n<Channel>System</Channel>\n<Computer>37L4247F27-25</Computer>\n<Security UserID=\"S-1-5-18\"></Security>\n</System>\n<UserData><InstallDeviceID xmlns:auto-ns2=\"http://schemas.microsoft.com/win/2004/08/events\" xmlns=\"http://manifests.microsoft.com/win/2004/08/windows/userpnp\"><DriverName>FileRepository\\machine.inf_amd64_neutral_a2f120466549d68b\\machine.inf</DriverName>\n<DriverVersion>6.1.7601.17514</DriverVersion>\n<DriverProvider>Microsoft</DriverProvider>\n<DeviceInstanceID>PCI\\VEN_15AD&amp;DEV_07A0&amp;SUBSYS_07A015AD&amp;REV_01\\3&amp;2B8E0B4B&amp;0&amp;C7</DeviceInstanceID>\n<SetupClass>{4d36e97d-e325-11ce-bfc1-08002be10318}</SetupClass>\n<RebootOption>False</RebootOption>\n<UpgradeDevice>False</UpgradeDevice>\n<IsDriverOEM>False</IsDriverOEM>\n<InstallStatus>0x00000000</InstallStatus>\n<DriverDescription>PCI Express standard Root Port</DriverDescription>\n</InstallDeviceID>\n</UserData>\n</Event>\n",
    "<Event xmlns=\"http://schemas.microsoft.com/win/2004/08/events/event\"><System><Provider Name=\"Microsoft-Windows-UserPnp\" Guid=\"{96f4a050-7e31-453c-88be-9634f4e02139}\"></Provider>\n<EventID Qualifiers=\"\">20001</EventID>\n<Version>0</Version>\n<Level>4</Level>\n<Task>7005</Task>\n<Opcode>0</Opcode>\n<Keywords>0x8000000000000000</Keywords>\n<TimeCreated SystemTime=\"2024-12-19 09:42:35.437040\"></TimeCreated>\n<EventRecordID>196</EventRecordID>\n<Correlation ActivityID=\"\" RelatedActivityID=\"\"></Correlation>\n<Execution ProcessID=\"1432\" ThreadID=\"880\"></Execution>\n<Channel>System</Channel>\n<Computer>37L4247F27-25</Computer>\n<Security UserID=\"S-1-5-18\"></Security>\n</System>\n<UserData><InstallDeviceID xmlns:auto-ns2=\"http://schemas.microsoft.com/win/2004/08/events\" xmlns=\"http://manifests.microsoft.com/win/2004/08/windows/userpnp\"><DriverName>FileRepository\\machine.inf_amd64_neutral_a2f120466549d68b\\machine.inf</DriverName>\n<DriverVersion>6.1.7601.17514</DriverVersion>\n<DriverProvider>Microsoft</DriverProvider>\n<DeviceInstanceID>ACPI\\PNP0A05\\37</DeviceInstanceID>\n<SetupClass>{4d36e97d-e325-11ce-bfc1-08002be10318}</SetupClass>\n<RebootOption>False</RebootOption>\n<UpgradeDevice>False</UpgradeDevice>\n<IsDriverOEM>False</IsDriverOEM>\n<InstallStatus>0x00000000</InstallStatus>\n<DriverDescription>Generic Bus</DriverDescription>\n</InstallDeviceID>\n</UserData>\n</Event>\n",
    "<Event xmlns=\"http://schemas.microsoft.com/win/2004/08/events/event\"><System><Provider Name=\"Microsoft-Windows-UserPnp\" Guid=\"{96f4a050-7e31-453c-88be-9634f4e02139}\"></Provider>\n<EventID Qualifiers=\"\">20001</EventID>\n<Version>0</Version>\n<Level>4</Level>\n<Task>7005</Task>\n<Opcode>0</Opcode>\n<Keywords>0x8000000000000000</Keywords>\n<TimeCreated SystemTime=\"2024-12-19 09:42:35.608639\"></TimeCreated>\n<EventRecordID>197</EventRecordID>\n<Correlation ActivityID=\"\" RelatedActivityID=\"\"></Correlation>\n<Execution ProcessID=\"1428\" ThreadID=\"1416\"></Execution>\n<Channel>System</Channel>\n<Computer>37L4247F27-25</Computer>\n<Security UserID=\"S-1-5-18\"></Security>\n</System>\n<UserData><InstallDeviceID xmlns:auto-ns2=\"http://schemas.microsoft.com/win/2004/08/events\" xmlns=\"http://manifests.microsoft.com/win/2004/08/windows/userpnp\"><DriverName>FileRepository\\machine.inf_amd64_neutral_a2f120466549d68b\\machine.inf</DriverName>\n<DriverVersion>6.1.7601.17514</DriverVersion>\n<DriverProvider>Microsoft</DriverProvider>\n<DeviceInstanceID>ACPI\\PNP0A05\\52</DeviceInstanceID>\n<SetupClass>{4d36e97d-e325-11ce-bfc1-08002be10318}</SetupClass>\n<RebootOption>False</RebootOption>\n<UpgradeDevice>False</UpgradeDevice>\n<IsDriverOEM>False</IsDriverOEM>\n<InstallStatus>0x00000000</InstallStatus>\n<DriverDescription>Generic Bus</DriverDescription>\n</InstallDeviceID>\n</UserData>\n</Event>\n",
    "<Event xmlns=\"http://schemas.microsoft.com/win/2004/08/events/event\"><System><Provider Name=\"Microsoft-Windows-UserPnp\" Guid=\"{96f4a050-7e31-453c-88be-9634f4e02139}\"></Provider>\n<EventID Qualifiers=\"\">20001</EventID>\n<Version>0</Version>\n<Level>4</Level>\n<Task>7005</Task>\n<Opcode>0</Opcode>\n<Keywords>0x8000000000000000</Keywords>\n<TimeCreated SystemTime=\"2024-12-19 09:42:35.827042\"></TimeCreated>\n<EventRecordID>198</EventRecordID>\n<Correlation ActivityID=\"\" RelatedActivityID=\"\"></Correlation>\n<Execution ProcessID=\"1488\" ThreadID=\"1340\"></Execution>\n<Channel>System</Channel>\n<Computer>37L4247F27-25</Computer>\n<Security UserID=\"S-1-5-18\"></Security>\n</System>\n<UserData><InstallDeviceID xmlns:auto-ns2=\"http://schemas.microsoft.com/win/2004/08/events\" xmlns=\"http://manifests.microsoft.com/win/2004/08/windows/userpnp\"><DriverName>FileRepository\\machine.inf_amd64_neutral_a2f120466549d68b\\machine.inf</DriverName>\n<DriverVersion>6.1.7601.17514</DriverVersion>\n<DriverProvider>Microsoft</DriverProvider>\n<DeviceInstanceID>ACPI\\PNP0A05\\53</DeviceInstanceID>\n<SetupClass>{4d36e97d-e325-11ce-bfc1-08002be10318}</SetupClass>\n<RebootOption>False</RebootOption>\n<UpgradeDevice>False</UpgradeDevice>\n<IsDriverOEM>False</IsDriverOEM>\n<InstallStatus>0x00000000</InstallStatus>\n<DriverDescription>Generic Bus</DriverDescription>\n</InstallDeviceID>\n</UserData>\n</Event>\n",
    "<Event xmlns=\"http://schemas.microsoft.com/win/2004/08/events/event\"><System><Provider Name=\"Microsoft-Windows-UserPnp\" Guid=\"{96f4a050-7e31-453c-88be-9634f4e02139}\"></Provider>\n<EventID Qualifiers=\"\">20003</EventID>\n<Version>0</Version>\n<Level>4</Level>\n<Task>7005</Task>\n<Opcode>0</Opcode>\n<Keywords>0x8000000000000000</Keywords>\n<TimeCreated SystemTime=\"2024-12-19 09:42:36.014240\"></TimeCreated>\n<EventRecordID>199</EventRecordID>\n<Correlation ActivityID=\"\" RelatedActivityID=\"\"></Correlation>\n<Execution ProcessID=\"1684\" ThreadID=\"1744\"></Execution>\n<Channel>System</Channel>\n<Computer>37L4247F27-25</Computer>\n<Security UserID=\"S-1-5-18\"></Security>\n</System>\n<UserData><AddServiceID xmlns:auto-ns2=\"http://schemas.microsoft.com/win/2004/08/events\" xmlns=\"http://manifests.microsoft.com/win/2004/08/windows/userpnp\"><ServiceName>pci</ServiceName>\n<DriverFileName>system32\\DRIVERS\\pci.sys</DriverFileName>\n<DeviceInstanceID>PCI\\VEN_15AD&amp;DEV_07A0&amp;SUBSYS_07A015AD&amp;REV_01\\3&amp;2B8E0B4B&amp;0&amp;A8</DeviceInstanceID>\n<PrimaryService>True</PrimaryService>\n<UpdateService>True</UpdateService>\n<AddServiceStatus>0</AddServiceStatus>\n</AddServiceID>\n</UserData>\n</Event>\n",
    "<Event xmlns=\"http://schemas.microsoft.com/win/2004/08/events/event\"><System><Provider Name=\"Microsoft-Windows-UserPnp\" Guid=\"{96f4a050-7e31-453c-88be-9634f4e02139}\"></Provider>\n<EventID Qualifiers=\"\">20001</EventID>\n<Version>0</Version>\n<Level>4</Level>\n<Task>7005</Task>\n<Opcode>0</Opcode>\n<Keywords>0x8000000000000000</Keywords>\n<TimeCreated SystemTime=\"2024-12-19 09:42:37.340242\"></TimeCreated>\n<EventRecordID>200</EventRecordID>\n<Correlation ActivityID=\"\" RelatedActivityID=\"\"></Correlation>\n<Execution ProcessID=\"1684\" ThreadID=\"1744\"></Execution>\n<Channel>System</Channel>\n<Computer>37L4247F27-25</Computer>\n<Security UserID=\"S-1-5-18\"></Security>\n</System>\n<UserData><InstallDeviceID xmlns:auto-ns2=\"http://schemas.microsoft.com/win/2004/08/events\" xmlns=\"http://manifests.microsoft.com/win/2004/08/windows/userpnp\"><DriverName>FileRepository\\machine.inf_amd64_neutral_a2f120466549d68b\\machine.inf</DriverName>\n<DriverVersion>6.1.7601.17514</DriverVersion>\n<DriverProvider>Microsoft</DriverProvider>\n<DeviceInstanceID>PCI\\VEN_15AD&amp;DEV_07A0&amp;SUBSYS_07A015AD&amp;REV_01\\3&amp;2B8E0B4B&amp;0&amp;A8</DeviceInstanceID>\n<SetupClass>{4d36e97d-e325-11ce-bfc1-08002be10318}</SetupClass>\n<RebootOption>True</RebootOption>\n<UpgradeDevice>False</UpgradeDevice>\n<IsDriverOEM>False</IsDriverOEM>\n<InstallStatus>0x00000000</InstallStatus>\n<DriverDescription>PCI Express standard Root Port</DriverDescription>\n</InstallDeviceID>\n</UserData>\n</Event>\n",
    "<Event xmlns=\"http://schemas.microsoft.com/win/2004/08/events/event\"><System><Provider Name=\"Microsoft-Windows-UserPnp\" Guid=\"{96f4a050-7e31-453c-88be-9634f4e02139}\"></Provider>\n<EventID Qualifiers=\"\">20001</EventID>\n<Version>0</Version>\n<Level>4</Level>\n<Task>7005</Task>\n<Opcode>0</Opcode>\n<Keywords>0x8000000000000000</Keywords>\n<TimeCreated SystemTime=\"2024-12-19 09:42:37.449442\"></TimeCreated>\n<EventRecordID>201</EventRecordID>\n<Correlation ActivityID=\"\" RelatedActivityID=\"\"></Correlation>\n<Execution ProcessID=\"1516\" ThreadID=\"1528\"></Execution>\n<Channel>System</Channel>\n<Computer>37L4247F27-25</Computer>\n<Security UserID=\"S-1-5-18\"></Security>\n</System>\n<UserData><InstallDeviceID xmlns:auto-ns2=\"http://schemas.microsoft.com/win/2004/08/events\" xmlns=\"http://manifests.microsoft.com/win/2004/08/windows/userpnp\"><DriverName>FileRepository\\machine.inf_amd64_neutral_a2f120466549d68b\\machine.inf</DriverName>\n<DriverVersion>6.1.7601.17514</DriverVersion>\n<DriverProvider>Microsoft</DriverProvider>\n<DeviceInstanceID>ACPI\\PNP0A05\\38</DeviceInstanceID>\n<SetupClass>{4d36e97d-e325-11ce-bfc1-08002be10318}</SetupClass>\n<RebootOption>False</RebootOption>\n<UpgradeDevice>False</UpgradeDevice>\n<IsDriverOEM>False</IsDriverOEM>\n<InstallStatus>0x00000000</InstallStatus>\n<DriverDescription>Generic Bus</DriverDescription>\n</InstallDeviceID>\n</UserData>\n</Event>\n",
    "<Event xmlns=\"http://schemas.microsoft.com/win/2004/08/events/event\"><System><Provider Name=\"Microsoft-Windows-UserPnp\" Guid=\"{96f4a050-7e31-453c-88be-9634f4e02139}\"></Provider>\n<EventID Qualifiers=\"\">20001</EventID>\n<Version>0</Version>\n<Level>4</Level>\n<Task>7005</Task>\n<Opcode>0</Opcode>\n<Keywords>0x8000000000000000</Keywords>\n<TimeCreated SystemTime=\"2024-12-19 09:42:37.621044\"></TimeCreated>\n<EventRecordID>202</EventRecordID>\n<Correlation ActivityID=\"\" RelatedActivityID=\"\"></Correlation>\n<Execution ProcessID=\"1448\" ThreadID=\"1616\"></Execution>\n<Channel>System</Channel>\n<Computer>37L4247F27-25</Computer>\n<Security UserID=\"S-1-5-18\"></Security>\n</System>\n<UserData><InstallDeviceID xmlns:auto-ns2=\"http://schemas.microsoft.com/win/2004/08/events\" xmlns=\"http://manifests.microsoft.com/win/2004/08/windows/userpnp\"><DriverName>FileRepository\\machine.inf_amd64_neutral_a2f120466549d68b\\machine.inf</DriverName>\n<DriverVersion>6.1.7601.17514</DriverVersion>\n<DriverProvider>Microsoft</DriverProvider>\n<DeviceInstanceID>ACPI\\PNP0A05\\54</DeviceInstanceID>\n<SetupClass>{4d36e97d-e325-11ce-bfc1-08002be10318}</SetupClass>\n<RebootOption>False</RebootOption>\n<UpgradeDevice>False</UpgradeDevice>\n<IsDriverOEM>False</IsDriverOEM>\n<InstallStatus>0x00000000</InstallStatus>\n<DriverDescription>Generic Bus</DriverDescription>\n</InstallDeviceID>\n</UserData>\n</Event>\n",
    "<Event xmlns=\"http://schemas.microsoft.com/win/2004/08/events/event\"><System><Provider Name=\"Microsoft-Windows-UserPnp\" Guid=\"{96f4a050-7e31-453c-88be-9634f4e02139}\"></Provider>\n<EventID Qualifiers=\"\">20001</EventID>\n<Version>0</Version>\n<Level>4</Level>\n<Task>7005</Task>\n<Opcode>0</Opcode>\n<Keywords>0x8000000000000000</Keywords>\n<TimeCreated SystemTime=\"2024-12-19 09:42:37.808245\"></TimeCreated>\n<EventRecordID>203</EventRecordID>\n<Correlation ActivityID=\"\" RelatedActivityID=\"\"></Correlation>\n<Execution ProcessID=\"1524\" ThreadID=\"1580\"></Execution>\n<Channel>System</Channel>\n<Computer>37L4247F27-25</Computer>\n<Security UserID=\"S-1-5-18\"></Security>\n</System>\n<UserData><InstallDeviceID xmlns:auto-ns2=\"http://schemas.microsoft.com/win/2004/08/events\" xmlns=\"http://manifests.microsoft.com/win/2004/08/windows/userpnp\"><DriverName>FileRepository\\machine.inf_amd64_neutral_a2f120466549d68b\\machine.inf</DriverName>\n<DriverVersion>6.1.7601.17514</DriverVersion>\n<DriverProvider>Microsoft</DriverProvider>\n<DeviceInstanceID>ACPI\\PNP0A05\\39</DeviceInstanceID>\n<SetupClass>{4d36e97d-e325-11ce-bfc1-08002be10318}</SetupClass>\n<RebootOption>False</RebootOption>\n<UpgradeDevice>False</UpgradeDevice>\n<IsDriverOEM>False</IsDriverOEM>\n<InstallStatus>0x00000000</InstallStatus>\n<DriverDescription>Generic Bus</DriverDescription>\n</InstallDeviceID>\n</UserData>\n</Event>\n",
    "<Event xmlns=\"http://schemas.microsoft.com/win/2004/08/events/event\"><System><Provider Name=\"Microsoft-Windows-UserPnp\" Guid=\"{96f4a050-7e31-453c-88be-9634f4e02139}\"></Provider>\n<EventID Qualifiers=\"\">20001</EventID>\n<Version>0</Version>\n<Level>4</Level>\n<Task>7005</Task>\n<Opcode>0</Opcode>\n<Keywords>0x8000000000000000</Keywords>\n<TimeCreated SystemTime=\"2024-12-19 09:42:38.042244\"></TimeCreated>\n<EventRecordID>204</EventRecordID>\n<Correlation ActivityID=\"\" RelatedActivityID=\"\"></Correlation>\n<Execution ProcessID=\"1708\" ThreadID=\"1700\"></Execution>\n<Channel>System</Channel>\n<Computer>37L4247F27-25</Computer>\n<Security UserID=\"S-1-5-18\"></Security>\n</System>\n<UserData><InstallDeviceID xmlns:auto-ns2=\"http://schemas.microsoft.com/win/2004/08/events\" xmlns=\"http://manifests.microsoft.com/win/2004/08/windows/userpnp\"><DriverName>FileRepository\\machine.inf_amd64_neutral_a2f120466549d68b\\machine.inf</DriverName>\n<DriverVersion>6.1.7601.17514</DriverVersion>\n<DriverProvider>Microsoft</DriverProvider>\n<DeviceInstanceID>ACPI\\PNP0A05\\3A</DeviceInstanceID>\n<SetupClass>{4d36e97d-e325-11ce-bfc1-08002be10318}</SetupClass>\n<RebootOption>False</RebootOption>\n<UpgradeDevice>False</UpgradeDevice>\n<IsDriverOEM>False</IsDriverOEM>\n<InstallStatus>0x00000000</InstallStatus>\n<DriverDescription>Generic Bus</DriverDescription>\n</InstallDeviceID>\n</UserData>\n</Event>\n",
    "<Event xmlns=\"http://schemas.microsoft.com/win/2004/08/events/event\"><System><Provider Name=\"Microsoft-Windows-UserPnp\" Guid=\"{96f4a050-7e31-453c-88be-9634f4e02139}\"></Provider>\n<EventID Qualifiers=\"\">20001</EventID>\n<Version>0</Version>\n<Level>4</Level>\n<Task>7005</Task>\n<Opcode>0</Opcode>\n<Keywords>0x8000000000000000</Keywords>\n<TimeCreated SystemTime=\"2024-12-19 09:42:38.260645\"></TimeCreated>\n<EventRecordID>205</EventRecordID>\n<Correlation ActivityID=\"\" RelatedActivityID=\"\"></Correlation>\n<Execution ProcessID=\"1768\" ThreadID=\"1844\"></Execution>\n<Channel>System</Channel>\n<Computer>37L4247F27-25</Computer>\n<Security UserID=\"S-1-5-18\"></Security>\n</System>\n<UserData><InstallDeviceID xmlns:auto-ns2=\"http://schemas.microsoft.com/win/2004/08/events\" xmlns=\"http://manifests.microsoft.com/win/2004/08/windows/userpnp\"><DriverName>FileRepository\\machine.inf_amd64_neutral_a2f120466549d68b\\machine.inf</DriverName>\n<DriverVersion>6.1.7601.17514</DriverVersion>\n<DriverProvider>Microsoft</DriverProvider>\n<DeviceInstanceID>ACPI\\PNP0A05\\55</DeviceInstanceID>\n<SetupClass>{4d36e97d-e325-11ce-bfc1-08002be10318}</SetupClass>\n<RebootOption>False</RebootOption>\n<UpgradeDevice>False</UpgradeDevice>\n<IsDriverOEM>False</IsDriverOEM>\n<InstallStatus>0x00000000</InstallStatus>\n<DriverDescription>Generic Bus</DriverDescription>\n</InstallDeviceID>\n</UserData>\n</Event>\n",
    "<Event xmlns=\"http://schemas.microsoft.com/win/2004/08/events/event\"><System><Provider Name=\"Microsoft-Windows-UserPnp\" Guid=\"{96f4a050-7e31-453c-88be-9634f4e02139}\"></Provider>\n<EventID Qualifiers=\"\">20001</EventID>\n<Version>0</Version>\n<Level>4</Level>\n<Task>7005</Task>\n<Opcode>0</Opcode>\n<Keywords>0x8000000000000000</Keywords>\n<TimeCreated SystemTime=\"2024-12-19 09:42:38.479046\"></TimeCreated>\n<EventRecordID>206</EventRecordID>\n<Correlation ActivityID=\"\" RelatedActivityID=\"\"></Correlation>\n<Execution ProcessID=\"1820\" ThreadID=\"1732\"></Execution>\n<Channel>System</Channel>\n<Computer>37L4247F27-25</Computer>\n<Security UserID=\"S-1-5-18\"></Security>\n</System>\n<UserData><InstallDeviceID xmlns:auto-ns2=\"http://schemas.microsoft.com/win/2004/08/events\" xmlns=\"http://manifests.microsoft.com/win/2004/08/windows/userpnp\"><DriverName>FileRepository\\machine.inf_amd64_neutral_a2f120466549d68b\\machine.inf</DriverName>\n<DriverVersion>6.1.7601.17514</DriverVersion>\n<DriverProvider>Microsoft</DriverProvider>\n<DeviceInstanceID>ACPI\\PNP0A05\\3B</DeviceInstanceID>\n<SetupClass>{4d36e97d-e325-11ce-bfc1-08002be10318}</SetupClass>\n<RebootOption>False</RebootOption>\n<UpgradeDevice>False</UpgradeDevice>\n<IsDriverOEM>False</IsDriverOEM>\n<InstallStatus>0x00000000</InstallStatus>\n<DriverDescription>Generic Bus</DriverDescription>\n</InstallDeviceID>\n</UserData>\n</Event>\n",
    "<Event xmlns=\"http://schemas.microsoft.com/win/2004/08/events/event\"><System><Provider Name=\"Microsoft-Windows-UserPnp\" Guid=\"{96f4a050-7e31-453c-88be-9634f4e02139}\"></Provider>\n<EventID Qualifiers=\"\">20003</EventID>\n<Version>0</Version>\n<Level>4</Level>\n<Task>7005</Task>\n<Opcode>0</Opcode>\n<Keywords>0x8000000000000000</Keywords>\n<TimeCreated SystemTime=\"2024-12-19 09:42:41.131050\"></TimeCreated>\n<EventRecordID>207</EventRecordID>\n<Correlation ActivityID=\"\" RelatedActivityID=\"\"></Correlation>\n<Execution ProcessID=\"1660\" ThreadID=\"1440\"></Execution>\n<Channel>System</Channel>\n<Computer>37L4247F27-25</Computer>\n<Security UserID=\"S-1-5-18\"></Security>\n</System>\n<UserData><AddServiceID xmlns:auto-ns2=\"http://schemas.microsoft.com/win/2004/08/events\" xmlns=\"http://manifests.microsoft.com/win/2004/08/windows/userpnp\"><ServiceName>pci</ServiceName>\n<DriverFileName>system32\\DRIVERS\\pci.sys</DriverFileName>\n<DeviceInstanceID>PCI\\VEN_15AD&amp;DEV_07A0&amp;SUBSYS_07A015AD&amp;REV_01\\3&amp;2B8E0B4B&amp;0&amp;B0</DeviceInstanceID>\n<PrimaryService>True</PrimaryService>\n<UpdateService>True</UpdateService>\n<AddServiceStatus>0</AddServiceStatus>\n</AddServiceID>\n</UserData>\n</Event>\n",
    "<Event xmlns=\"http://schemas.microsoft.com/win/2004/08/events/event\"><System><Provider Name=\"Microsoft-Windows-UserPnp\" Guid=\"{96f4a050-7e31-453c-88be-9634f4e02139}\"></Provider>\n<EventID Qualifiers=\"\">20001</EventID>\n<Version>0</Version>\n<Level>4</Level>\n<Task>7005</Task>\n<Opcode>0</Opcode>\n<Keywords>0x8000000000000000</Keywords>\n<TimeCreated SystemTime=\"2024-12-19 09:42:41.365051\"></TimeCreated>\n<EventRecordID>208</EventRecordID>\n<Correlation ActivityID=\"\" RelatedActivityID=\"\"></Correlation>\n<Execution ProcessID=\"1660\" ThreadID=\"1440\"></Execution>\n<Channel>System</Channel>\n<Computer>37L4247F27-25</Computer>\n<Security UserID=\"S-1-5-18\"></Security>\n</System>\n<UserData><InstallDeviceID xmlns:auto-ns2=\"http://schemas.microsoft.com/win/2004/08/events\" xmlns=\"http://manifests.microsoft.com/win/2004/08/windows/userpnp\"><DriverName>FileRepository\\machine.inf_amd64_neutral_a2f120466549d68b\\machine.inf</DriverName>\n<DriverVersion>6.1.7601.17514</DriverVersion>\n<DriverProvider>Microsoft</DriverProvider>\n<DeviceInstanceID>PCI\\VEN_15AD&amp;DEV_07A0&amp;SUBSYS_07A015AD&amp;REV_01\\3&amp;2B8E0B4B&amp;0&amp;B0</DeviceInstanceID>\n<SetupClass>{4d36e97d-e325-11ce-bfc1-08002be10318}</SetupClass>\n<RebootOption>False</RebootOption>\n<UpgradeDevice>False</UpgradeDevice>\n<IsDriverOEM>False</IsDriverOEM>\n<InstallStatus>0x00000000</InstallStatus>\n<DriverDescription>PCI Express standard Root Port</DriverDescription>\n</InstallDeviceID>\n</UserData>\n</Event>\n",
    "<Event xmlns=\"http://schemas.microsoft.com/win/2004/08/events/event\"><System><Provider Name=\"Microsoft-Windows-UserPnp\" Guid=\"{96f4a050-7e31-453c-88be-9634f4e02139}\"></Provider>\n<EventID Qualifiers=\"\">20003</EventID>\n<Version>0</Version>\n<Level>4</Level>\n<Task>7005</Task>\n<Opcode>0</Opcode>\n<Keywords>0x8000000000000000</Keywords>\n<TimeCreated SystemTime=\"2024-12-19 09:42:41.443050\"></TimeCreated>\n<EventRecordID>209</EventRecordID>\n<Correlation ActivityID=\"\" RelatedActivityID=\"\"></Correlation>\n<Execution ProcessID=\"1808\" ThreadID=\"1772\"></Execution>\n<Channel>System</Channel>\n<Computer>37L4247F27-25</Computer>\n<Security UserID=\"S-1-5-18\"></Security>\n</System>\n<UserData><AddServiceID xmlns:auto-ns2=\"http://schemas.microsoft.com/win/2004/08/events\" xmlns=\"http://manifests.microsoft.com/win/2004/08/windows/userpnp\"><ServiceName>pci</ServiceName>\n<DriverFileName>system32\\DRIVERS\\pci.sys</DriverFileName>\n<DeviceInstanceID>PCI\\VEN_15AD&amp;DEV_07A0&amp;SUBSYS_07A015AD&amp;REV_01\\3&amp;2B8E0B4B&amp;0&amp;C0</DeviceInstanceID>\n<PrimaryService>True</PrimaryService>\n<UpdateService>True</UpdateService>\n<AddServiceStatus>0</AddServiceStatus>\n</AddServiceID>\n</UserData>\n</Event>\n",
    "<Event xmlns=\"http://schemas.microsoft.com/win/2004/08/events/event\"><System><Provider Name=\"Microsoft-Windows-UserPnp\" Guid=\"{96f4a050-7e31-453c-88be-9634f4e02139}\"></Provider>\n<EventID Qualifiers=\"\">20001</EventID>\n<Version>0</Version>\n<Level>4</Level>\n<Task>7005</Task>\n<Opcode>0</Opcode>\n<Keywords>0x8000000000000000</Keywords>\n<TimeCreated SystemTime=\"2024-12-19 09:42:41.661451\"></TimeCreated>\n<EventRecordID>210</EventRecordID>\n<Correlation ActivityID=\"\" RelatedActivityID=\"\"></Correlation>\n<Execution ProcessID=\"1808\" ThreadID=\"1772\"></Execution>\n<Channel>System</Channel>\n<Computer>37L4247F27-25</Computer>\n<Security UserID=\"S-1-5-18\"></Security>\n</System>\n<UserData><InstallDeviceID xmlns:auto-ns2=\"http://schemas.microsoft.com/win/2004/08/events\" xmlns=\"http://manifests.microsoft.com/win/2004/08/windows/userpnp\"><DriverName>FileRepository\\machine.inf_amd64_neutral_a2f120466549d68b\\machine.inf</DriverName>\n<DriverVersion>6.1.7601.17514</DriverVersion>\n<DriverProvider>Microsoft</DriverProvider>\n<DeviceInstanceID>PCI\\VEN_15AD&amp;DEV_07A0&amp;SUBSYS_07A015AD&amp;REV_01\\3&amp;2B8E0B4B&amp;0&amp;C0</DeviceInstanceID>\n<SetupClass>{4d36e97d-e325-11ce-bfc1-08002be10318}</SetupClass>\n<RebootOption>False</RebootOption>\n<UpgradeDevice>False</UpgradeDevice>\n<IsDriverOEM>False</IsDriverOEM>\n<InstallStatus>0x00000000</InstallStatus>\n<DriverDescription>PCI Express standard Root Port</DriverDescription>\n</InstallDeviceID>\n</UserData>\n</Event>\n",
    "<Event xmlns=\"http://schemas.microsoft.com/win/2004/08/events/event\"><System><Provider Name=\"Microsoft-Windows-UserPnp\" Guid=\"{96f4a050-7e31-453c-88be-9634f4e02139}\"></Provider>\n<EventID Qualifiers=\"\">20003</EventID>\n<Version>0</Version>\n<Level>4</Level>\n<Task>7005</Task>\n<Opcode>0</Opcode>\n<Keywords>0x8000000000000000</Keywords>\n<TimeCreated SystemTime=\"2024-12-19 09:42:41.801851\"></TimeCreated>\n<EventRecordID>211</EventRecordID>\n<Correlation ActivityID=\"\" RelatedActivityID=\"\"></Correlation>\n<Execution ProcessID=\"1776\" ThreadID=\"1856\"></Execution>\n<Channel>System</Channel>\n<Computer>37L4247F27-25</Computer>\n<Security UserID=\"S-1-5-18\"></Security>\n</System>\n<UserData><AddServiceID xmlns:auto-ns2=\"http://schemas.microsoft.com/win/2004/08/events\" xmlns=\"http://manifests.microsoft.com/win/2004/08/windows/userpnp\"><ServiceName>pci</ServiceName>\n<DriverFileName>system32\\DRIVERS\\pci.sys</DriverFileName>\n<DeviceInstanceID>PCI\\VEN_15AD&amp;DEV_07A0&amp;SUBSYS_07A015AD&amp;REV_01\\3&amp;2B8E0B4B&amp;0&amp;B8</DeviceInstanceID>\n<PrimaryService>True</PrimaryService>\n<UpdateService>True</UpdateService>\n<AddServiceStatus>0</AddServiceStatus>\n</AddServiceID>\n</UserData>\n</Event>\n",
    "<Event xmlns=\"http://schemas.microsoft.com/win/2004/08/events/event\"><System><Provider Name=\"Microsoft-Windows-UserPnp\" Guid=\"{96f4a050-7e31-453c-88be-9634f4e02139}\"></Provider>\n<EventID Qualifiers=\"\">20001</EventID>\n<Version>0</Version>\n<Level>4</Level>\n<Task>7005</Task>\n<Opcode>0</Opcode>\n<Keywords>0x8000000000000000</Keywords>\n<TimeCreated SystemTime=\"2024-12-19 09:42:42.020252\"></TimeCreated>\n<EventRecordID>212</EventRecordID>\n<Correlation ActivityID=\"\" RelatedActivityID=\"\"></Correlation>\n<Execution ProcessID=\"1776\" ThreadID=\"1856\"></Execution>\n<Channel>System</Channel>\n<Computer>37L4247F27-25</Computer>\n<Security UserID=\"S-1-5-18\"></Security>\n</System>\n<UserData><InstallDeviceID xmlns:auto-ns2=\"http://schemas.microsoft.com/win/2004/08/events\" xmlns=\"http://manifests.microsoft.com/win/2004/08/windows/userpnp\"><DriverName>FileRepository\\machine.inf_amd64_neutral_a2f120466549d68b\\machine.inf</DriverName>\n<DriverVersion>6.1.7601.17514</DriverVersion>\n<DriverProvider>Microsoft</DriverProvider>\n<DeviceInstanceID>PCI\\VEN_15AD&amp;DEV_07A0&amp;SUBSYS_07A015AD&amp;REV_01\\3&amp;2B8E0B4B&amp;0&amp;B8</DeviceInstanceID>\n<SetupClass>{4d36e97d-e325-11ce-bfc1-08002be10318}</SetupClass>\n<RebootOption>False</RebootOption>\n<UpgradeDevice>False</UpgradeDevice>\n<IsDriverOEM>False</IsDriverOEM>\n<InstallStatus>0x00000000</InstallStatus>\n<DriverDescription>PCI Express standard Root Port</DriverDescription>\n</InstallDeviceID>\n</UserData>\n</Event>\n",
    "<Event xmlns=\"http://schemas.microsoft.com/win/2004/08/events/event\"><System><Provider Name=\"Microsoft-Windows-UserPnp\" Guid=\"{96f4a050-7e31-453c-88be-9634f4e02139}\"></Provider>\n<EventID Qualifiers=\"\">20001</EventID>\n<Version>0</Version>\n<Level>4</Level>\n<Task>7005</Task>\n<Opcode>0</Opcode>\n<Keywords>0x8000000000000000</Keywords>\n<TimeCreated SystemTime=\"2024-12-19 09:42:42.113852\"></TimeCreated>\n<EventRecordID>213</EventRecordID>\n<Correlation ActivityID=\"\" RelatedActivityID=\"\"></Correlation>\n<Execution ProcessID=\"1956\" ThreadID=\"1888\"></Execution>\n<Channel>System</Channel>\n<Computer>37L4247F27-25</Computer>\n<Security UserID=\"S-1-5-18\"></Security>\n</System>\n<UserData><InstallDeviceID xmlns:auto-ns2=\"http://schemas.microsoft.com/win/2004/08/events\" xmlns=\"http://manifests.microsoft.com/win/2004/08/windows/userpnp\"><DriverName>FileRepository\\machine.inf_amd64_neutral_a2f120466549d68b\\machine.inf</DriverName>\n<DriverVersion>6.1.7601.17514</DriverVersion>\n<DriverProvider>Microsoft</DriverProvider>\n<DeviceInstanceID>ACPI\\PNP0A05\\3C</DeviceInstanceID>\n<SetupClass>{4d36e97d-e325-11ce-bfc1-08002be10318}</SetupClass>\n<RebootOption>False</RebootOption>\n<UpgradeDevice>False</UpgradeDevice>\n<IsDriverOEM>False</IsDriverOEM>\n<InstallStatus>0x00000000</InstallStatus>\n<DriverDescription>Generic Bus</DriverDescription>\n</InstallDeviceID>\n</UserData>\n</Event>\n",
    "<Event xmlns=\"http://schemas.microsoft.com/win/2004/08/events/event\"><System><Provider Name=\"Microsoft-Windows-UserPnp\" Guid=\"{96f4a050-7e31-453c-88be-9634f4e02139}\"></Provider>\n<EventID Qualifiers=\"\">20001</EventID>\n<Version>0</Version>\n<Level>4</Level>\n<Task>7005</Task>\n<Opcode>0</Opcode>\n<Keywords>0x8000000000000000</Keywords>\n<TimeCreated SystemTime=\"2024-12-19 09:42:42.301052\"></TimeCreated>\n<EventRecordID>214</EventRecordID>\n<Correlation ActivityID=\"\" RelatedActivityID=\"\"></Correlation>\n<Execution ProcessID=\"1992\" ThreadID=\"1812\"></Execution>\n<Channel>System</Channel>\n<Computer>37L4247F27-25</Computer>\n<Security UserID=\"S-1-5-18\"></Security>\n</System>\n<UserData><InstallDeviceID xmlns:auto-ns2=\"http://schemas.microsoft.com/win/2004/08/events\" xmlns=\"http://manifests.microsoft.com/win/2004/08/windows/userpnp\"><DriverName>FileRepository\\machine.inf_amd64_neutral_a2f120466549d68b\\machine.inf</DriverName>\n<DriverVersion>6.1.7601.17514</DriverVersion>\n<DriverProvider>Microsoft</DriverProvider>\n<DeviceInstanceID>ACPI\\PNP0A05\\57</DeviceInstanceID>\n<SetupClass>{4d36e97d-e325-11ce-bfc1-08002be10318}</SetupClass>\n<RebootOption>False</RebootOption>\n<UpgradeDevice>False</UpgradeDevice>\n<IsDriverOEM>False</IsDriverOEM>\n<InstallStatus>0x00000000</InstallStatus>\n<DriverDescription>Generic Bus</DriverDescription>\n</InstallDeviceID>\n</UserData>\n</Event>\n",
    "<Event xmlns=\"http://schemas.microsoft.com/win/2004/08/events/event\"><System><Provider Name=\"Microsoft-Windows-UserPnp\" Guid=\"{96f4a050-7e31-453c-88be-9634f4e02139}\"></Provider>\n<EventID Qualifiers=\"\">20001</EventID>\n<Version>0</Version>\n<Level>4</Level>\n<Task>7005</Task>\n<Opcode>0</Opcode>\n<Keywords>0x8000000000000000</Keywords>\n<TimeCreated SystemTime=\"2024-12-19 09:42:42.535051\"></TimeCreated>\n<EventRecordID>215</EventRecordID>\n<Correlation ActivityID=\"\" RelatedActivityID=\"\"></Correlation>\n<Execution ProcessID=\"1884\" ThreadID=\"1800\"></Execution>\n<Channel>System</Channel>\n<Computer>37L4247F27-25</Computer>\n<Security UserID=\"S-1-5-18\"></Security>\n</System>\n<UserData><InstallDeviceID xmlns:auto-ns2=\"http://schemas.microsoft.com/win/2004/08/events\" xmlns=\"http://manifests.microsoft.com/win/2004/08/windows/userpnp\"><DriverName>FileRepository\\machine.inf_amd64_neutral_a2f120466549d68b\\machine.inf</DriverName>\n<DriverVersion>6.1.7601.17514</DriverVersion>\n<DriverProvider>Microsoft</DriverProvider>\n<DeviceInstanceID>ACPI\\PNP0A05\\56</DeviceInstanceID>\n<SetupClass>{4d36e97d-e325-11ce-bfc1-08002be10318}</SetupClass>\n<RebootOption>False</RebootOption>\n<UpgradeDevice>False</UpgradeDevice>\n<IsDriverOEM>False</IsDriverOEM>\n<InstallStatus>0x00000000</InstallStatus>\n<DriverDescription>Generic Bus</DriverDescription>\n</InstallDeviceID>\n</UserData>\n</Event>\n",
    "<Event xmlns=\"http://schemas.microsoft.com/win/2004/08/events/event\"><System><Provider Name=\"Microsoft-Windows-UserPnp\" Guid=\"{96f4a050-7e31-453c-88be-9634f4e02139}\"></Provider>\n<EventID Qualifiers=\"\">20001</EventID>\n<Version>0</Version>\n<Level>4</Level>\n<Task>7005</Task>\n<Opcode>0</Opcode>\n<Keywords>0x8000000000000000</Keywords>\n<TimeCreated SystemTime=\"2024-12-19 09:42:46.357059\"></TimeCreated>\n<EventRecordID>216</EventRecordID>\n<Correlation ActivityID=\"\" RelatedActivityID=\"\"></Correlation>\n<Execution ProcessID=\"2008\" ThreadID=\"1096\"></Execution>\n<Channel>System</Channel>\n<Computer>37L4247F27-25</Computer>\n<Security UserID=\"S-1-5-18\"></Security>\n</System>\n<UserData><InstallDeviceID xmlns:auto-ns2=\"http://schemas.microsoft.com/win/2004/08/events\" xmlns=\"http://manifests.microsoft.com/win/2004/08/windows/userpnp\"><DriverName>FileRepository\\machine.inf_amd64_neutral_a2f120466549d68b\\machine.inf</DriverName>\n<DriverVersion>6.1.7601.17514</DriverVersion>\n<DriverProvider>Microsoft</DriverProvider>\n<DeviceInstanceID>ACPI\\PNP0A05\\21</DeviceInstanceID>\n<SetupClass>{4d36e97d-e325-11ce-bfc1-08002be10318}</SetupClass>\n<RebootOption>False</RebootOption>\n<UpgradeDevice>False</UpgradeDevice>\n<IsDriverOEM>False</IsDriverOEM>\n<InstallStatus>0x00000000</InstallStatus>\n<DriverDescription>Generic Bus</DriverDescription>\n</InstallDeviceID>\n</UserData>\n</Event>\n",
    "<Event xmlns=\"http://schemas.microsoft.com/win/2004/08/events/event\"><System><Provider Name=\"Microsoft-Windows-UserPnp\" Guid=\"{96f4a050-7e31-453c-88be-9634f4e02139}\"></Provider>\n<EventID Qualifiers=\"\">20001</EventID>\n<Version>0</Version>\n<Level>4</Level>\n<Task>7005</Task>\n<Opcode>0</Opcode>\n<Keywords>0x8000000000000000</Keywords>\n<TimeCreated SystemTime=\"2024-12-19 09:42:46.528658\"></TimeCreated>\n<EventRecordID>217</EventRecordID>\n<Correlation ActivityID=\"\" RelatedActivityID=\"\"></Correlation>\n<Execution ProcessID=\"1040\" ThreadID=\"2012\"></Execution>\n<Channel>System</Channel>\n<Computer>37L4247F27-25</Computer>\n<Security UserID=\"S-1-5-18\"></Security>\n</System>\n<UserData><InstallDeviceID xmlns:auto-ns2=\"http://schemas.microsoft.com/win/2004/08/events\" xmlns=\"http://manifests.microsoft.com/win/2004/08/windows/userpnp\"><DriverName>FileRepository\\machine.inf_amd64_neutral_a2f120466549d68b\\machine.inf</DriverName>\n<DriverVersion>6.1.7601.17514</DriverVersion>\n<DriverProvider>Microsoft</DriverProvider>\n<DeviceInstanceID>ACPI\\PNP0A05\\58</DeviceInstanceID>\n<SetupClass>{4d36e97d-e325-11ce-bfc1-08002be10318}</SetupClass>\n<RebootOption>False</RebootOption>\n<UpgradeDevice>False</UpgradeDevice>\n<IsDriverOEM>False</IsDriverOEM>\n<InstallStatus>0x00000000</InstallStatus>\n<DriverDescription>Generic Bus</DriverDescription>\n</InstallDeviceID>\n</UserData>\n</Event>\n",
    "<Event xmlns=\"http://schemas.microsoft.com/win/2004/08/events/event\"><System><Provider Name=\"Microsoft-Windows-UserPnp\" Guid=\"{96f4a050-7e31-453c-88be-9634f4e02139}\"></Provider>\n<EventID Qualifiers=\"\">20001</EventID>\n<Version>0</Version>\n<Level>4</Level>\n<Task>7005</Task>\n<Opcode>0</Opcode>\n<Keywords>0x8000000000000000</Keywords>\n<TimeCreated SystemTime=\"2024-12-19 09:42:46.700260\"></TimeCreated>\n<EventRecordID>218</EventRecordID>\n<Correlation ActivityID=\"\" RelatedActivityID=\"\"></Correlation>\n<Execution ProcessID=\"1940\" ThreadID=\"2040\"></Execution>\n<Channel>System</Channel>\n<Computer>37L4247F27-25</Computer>\n<Security UserID=\"S-1-5-18\"></Security>\n</System>\n<UserData><InstallDeviceID xmlns:auto-ns2=\"http://schemas.microsoft.com/win/2004/08/events\" xmlns=\"http://manifests.microsoft.com/win/2004/08/windows/userpnp\"><DriverName>FileRepository\\machine.inf_amd64_neutral_a2f120466549d68b\\machine.inf</DriverName>\n<DriverVersion>6.1.7601.17514</DriverVersion>\n<DriverProvider>Microsoft</DriverProvider>\n<DeviceInstanceID>ACPI\\PNP0A05\\20</DeviceInstanceID>\n<SetupClass>{4d36e97d-e325-11ce-bfc1-08002be10318}</SetupClass>\n<RebootOption>False</RebootOption>\n<UpgradeDevice>False</UpgradeDevice>\n<IsDriverOEM>False</IsDriverOEM>\n<InstallStatus>0x00000000</InstallStatus>\n<DriverDescription>Generic Bus</DriverDescription>\n</InstallDeviceID>\n</UserData>\n</Event>\n",
    "<Event xmlns=\"http://schemas.microsoft.com/win/2004/08/events/event\"><System><Provider Name=\"Microsoft-Windows-UserPnp\" Guid=\"{96f4a050-7e31-453c-88be-9634f4e02139}\"></Provider>\n<EventID Qualifiers=\"\">20001</EventID>\n<Version>0</Version>\n<Level>4</Level>\n<Task>7005</Task>\n<Opcode>0</Opcode>\n<Keywords>0x8000000000000000</Keywords>\n<TimeCreated SystemTime=\"2024-12-19 09:42:46.871861\"></TimeCreated>\n<EventRecordID>219</EventRecordID>\n<Correlation ActivityID=\"\" RelatedActivityID=\"\"></Correlation>\n<Execution ProcessID=\"2024\" ThreadID=\"580\"></Execution>\n<Channel>System</Channel>\n<Computer>37L4247F27-25</Computer>\n<Security UserID=\"S-1-5-18\"></Security>\n</System>\n<UserData><InstallDeviceID xmlns:auto-ns2=\"http://schemas.microsoft.com/win/2004/08/events\" xmlns=\"http://manifests.microsoft.com/win/2004/08/windows/userpnp\"><DriverName>FileRepository\\machine.inf_amd64_neutral_a2f120466549d68b\\machine.inf</DriverName>\n<DriverVersion>6.1.7601.17514</DriverVersion>\n<DriverProvider>Microsoft</DriverProvider>\n<DeviceInstanceID>ACPI\\PNP0A05\\3D</DeviceInstanceID>\n<SetupClass>{4d36e97d-e325-11ce-bfc1-08002be10318}</SetupClass>\n<RebootOption>False</RebootOption>\n<UpgradeDevice>False</UpgradeDevice>\n<IsDriverOEM>False</IsDriverOEM>\n<InstallStatus>0x00000000</InstallStatus>\n<DriverDescription>Generic Bus</DriverDescription>\n</InstallDeviceID>\n</UserData>\n</Event>\n",
    "<Event xmlns=\"http://schemas.microsoft.com/win/2004/08/events/event\"><System><Provider Name=\"Microsoft-Windows-UserPnp\" Guid=\"{96f4a050-7e31-453c-88be-9634f4e02139}\"></Provider>\n<EventID Qualifiers=\"\">20003</EventID>\n<Version>0</Version>\n<Level>4</Level>\n<Task>7005</Task>\n<Opcode>0</Opcode>\n<Keywords>0x8000000000000000</Keywords>\n<TimeCreated SystemTime=\"2024-12-19 09:42:47.027861\"></TimeCreated>\n<EventRecordID>220</EventRecordID>\n<Correlation ActivityID=\"\" RelatedActivityID=\"\"></Correlation>\n<Execution ProcessID=\"1480\" ThreadID=\"1064\"></Execution>\n<Channel>System</Channel>\n<Computer>37L4247F27-25</Computer>\n<Security UserID=\"S-1-5-18\"></Security>\n</System>\n<UserData><AddServiceID xmlns:auto-ns2=\"http://schemas.microsoft.com/win/2004/08/events\" xmlns=\"http://manifests.microsoft.com/win/2004/08/windows/userpnp\"><ServiceName>pci</ServiceName>\n<DriverFileName>system32\\DRIVERS\\pci.sys</DriverFileName>\n<DeviceInstanceID>PCI\\VEN_15AD&amp;DEV_07A0&amp;SUBSYS_07A015AD&amp;REV_01\\3&amp;2B8E0B4B&amp;0&amp;B1</DeviceInstanceID>\n<PrimaryService>True</PrimaryService>\n<UpdateService>True</UpdateService>\n<AddServiceStatus>0</AddServiceStatus>\n</AddServiceID>\n</UserData>\n</Event>\n",
    "<Event xmlns=\"http://schemas.microsoft.com/win/2004/08/events/event\"><System><Provider Name=\"Microsoft-Windows-UserPnp\" Guid=\"{96f4a050-7e31-453c-88be-9634f4e02139}\"></Provider>\n<EventID Qualifiers=\"\">20001</EventID>\n<Version>0</Version>\n<Level>4</Level>\n<Task>7005</Task>\n<Opcode>0</Opcode>\n<Keywords>0x8000000000000000</Keywords>\n<TimeCreated SystemTime=\"2024-12-19 09:42:47.261860\"></TimeCreated>\n<EventRecordID>221</EventRecordID>\n<Correlation ActivityID=\"\" RelatedActivityID=\"\"></Correlation>\n<Execution ProcessID=\"1480\" ThreadID=\"1064\"></Execution>\n<Channel>System</Channel>\n<Computer>37L4247F27-25</Computer>\n<Security UserID=\"S-1-5-18\"></Security>\n</System>\n<UserData><InstallDeviceID xmlns:auto-ns2=\"http://schemas.microsoft.com/win/2004/08/events\" xmlns=\"http://manifests.microsoft.com/win/2004/08/windows/userpnp\"><DriverName>FileRepository\\machine.inf_amd64_neutral_a2f120466549d68b\\machine.inf</DriverName>\n<DriverVersion>6.1.7601.17514</DriverVersion>\n<DriverProvider>Microsoft</DriverProvider>\n<DeviceInstanceID>PCI\\VEN_15AD&amp;DEV_07A0&amp;SUBSYS_07A015AD&amp;REV_01\\3&amp;2B8E0B4B&amp;0&amp;B1</DeviceInstanceID>\n<SetupClass>{4d36e97d-e325-11ce-bfc1-08002be10318}</SetupClass>\n<RebootOption>False</RebootOption>\n<UpgradeDevice>False</UpgradeDevice>\n<IsDriverOEM>False</IsDriverOEM>\n<InstallStatus>0x00000000</InstallStatus>\n<DriverDescription>PCI Express standard Root Port</DriverDescription>\n</InstallDeviceID>\n</UserData>\n</Event>\n",
