    "<Event xmlns=\"http://schemas.microsoft.com/win/2004/08/events/event\"><System><Provider Name=\"Service Control Manager\" Guid=\"{555908d1-a6d7-4695-8e1e-26931d2012f4}\" EventSourceName=\"Service Control Manager\"></Provider>\n<EventID Qualifiers=\"16384\">7036</EventID>\n<Version>0</Version>\n<Level>4</Level>\n<Task>0</Task>\n<Opcode>0</Opcode>\n<Keywords>0x8080000000000000</Keywords>\n<TimeCreated SystemTime=\"2024-12-18 23:48:41.290644\"></TimeCreated>\n<EventRecordID>586</EventRecordID>\n<Correlation ActivityID=\"\" RelatedActivityID=\"\"></Correlation>\n<Execution ProcessID=\"432\" ThreadID=\"1496\"></Execution>\n<Channel>System</Channel>\n<Computer>WIN-9HMG19S1CU8</Computer>\n<Security UserID=\"\"></Security>\n</System>\n<EventData><Data Name=\"param1\">Background Intelligent Transfer Service</Data>\n<Data Name=\"param2\">running</Data>\n<Binary>QgBJAFQAUwAvADQAAAA=</Binary>\n</EventData>\n</Event>\n",
    "<Event xmlns=\"http://schemas.microsoft.com/win/2004/08/events/event\"><System><Provider Name=\"Service Control Manager\" Guid=\"{555908d1-a6d7-4695-8e1e-26931d2012f4}\" EventSourceName=\"Service Control Manager\"></Provider>\n<EventID Qualifiers=\"16384\">7036</EventID>\n<Version>0</Version>\n<Level>4</Level>\n<Task>0</Task>\n<Opcode>0</Opcode>\n<Keywords>0x8080000000000000</Keywords>\n<TimeCreated SystemTime=\"2024-12-18 23:48:41.462244\"></TimeCreated>\n<EventRecordID>587</EventRecordID>\n<Correlation ActivityID=\"\" RelatedActivityID=\"\"></Correlation>\n<Execution ProcessID=\"432\" ThreadID=\"2036\"></Execution>\n<Channel>System</Channel>\n<Computer>WIN-9HMG19S1CU8</Computer>\n<Security UserID=\"\"></Security>\n</System>\n<EventData><Data Name=\"param1\">SSDP Discovery</Data>\n<Data Name=\"param2\">running</Data>\n<Binary>UwBTAEQAUABTAFIAVgAvADQAAAA=</Binary>\n</EventData>\n</Event>\n",
    "<Event xmlns=\"http://schemas.microsoft.com/win/2004/08/events/event\"><System><Provider Name=\"Service Control Manager\" Guid=\"{555908d1-a6d7-4695-8e1e-26931d2012f4}\" EventSourceName=\"Service Control Manager\"></Provider>\n<EventID Qualifiers=\"16384\">7036</EventID>\n<Version>0</Version>\n<Level>4</Level>\n<Task>0</Task>\n<Opcode>0</Opcode>\n<Keywords>0x8080000000000000</Keywords>\n<TimeCreated SystemTime=\"2024-12-18 23:48:41.571445\"></TimeCreated>\n<EventRecordID>588</EventRecordID>\n<Correlation ActivityID=\"\" RelatedActivityID=\"\"></Correlation>\n<Execution ProcessID=\"432\" ThreadID=\"2036\"></Execution>\n<Channel>System</Channel>\n<Computer>WIN-9HMG19S1CU8</Computer>\n<Security UserID=\"\"></Security>\n</System>\n<EventData><Data Name=\"param1\">Microsoft .NET Framework NGEN v2.0.50727_X86</Data>\n<Data Name=\"param2\">running</Data>\n<Binary>YwBsAHIAXwBvAHAAdABpAG0AaQB6AGEAdABpAG8AbgBfAHYAMgAuADAALgA1ADAANwAyADcAXwAzADIALwA0AAAA</Binary>\n</EventData>\n</Event>\n",
    "<Event xmlns=\"http://schemas.microsoft.com/win/2004/08/events/event\"><System><Provider Name=\"Service Control Manager\" Guid=\"{555908d1-a6d7-4695-8e1e-26931d2012f4}\" EventSourceName=\"Service Control Manager\"></Provider>\n<EventID Qualifiers=\"16384\">7036</EventID>\n<Version>0</Version>\n<Level>4</Level>\n<Task>0</Task>\n<Opcode>0</Opcode>\n<Keywords>0x8080000000000000</Keywords>\n<TimeCreated SystemTime=\"2024-12-18 23:48:41.758646\"></TimeCreated>\n<EventRecordID>589</EventRecordID>\n<Correlation ActivityID=\"\" RelatedActivityID=\"\"></Correlation>\n<Execution ProcessID=\"432\" ThreadID=\"2036\"></Execution>\n<Channel>System</Channel>\n<Computer>WIN-9HMG19S1CU8</Computer>\n<Security UserID=\"\"></Security>\n</System>\n<EventData><Data Name=\"param1\">Microsoft .NET Framework NGEN v2.0.50727_X64</Data>\n<Data Name=\"param2\">running</Data>\n<Binary>YwBsAHIAXwBvAHAAdABpAG0AaQB6AGEAdABpAG8AbgBfAHYAMgAuADAALgA1ADAANwAyADcAXwA2ADQALwA0AAAA</Binary>\n</EventData>\n</Event>\n",
    "<Event xmlns=\"http://schemas.microsoft.com/win/2004/08/events/event\"><System><Provider Name=\"Service Control Manager\" Guid=\"{555908d1-a6d7-4695-8e1e-26931d2012f4}\" EventSourceName=\"Service Control Manager\"></Provider>\n<EventID Qualifiers=\"16384\">7036</EventID>\n<Version>0</Version>\n<Level>4</Level>\n<Task>0</Task>\n<Opcode>0</Opcode>\n<Keywords>0x8080000000000000</Keywords>\n<TimeCreated SystemTime=\"2024-12-18 23:48:41.914646\"></TimeCreated>\n<EventRecordID>590</EventRecordID>\n<Correlation ActivityID=\"\" RelatedActivityID=\"\"></Correlation>\n<Execution ProcessID=\"432\" ThreadID=\"2036\"></Execution>\n<Channel>System</Channel>\n<Computer>WIN-9HMG19S1CU8</Computer>\n<Security UserID=\"\"></Security>\n</System>\n<EventData><Data Name=\"param1\">Windows Font Cache Service</Data>\n<Data Name=\"param2\">running</Data>\n<Binary>RgBvAG4AdABDAGEAYwBoAGUALwA0AAAA</Binary>\n</EventData>\n</Event>\n",
    "<Event xmlns=\"http://schemas.microsoft.com/win/2004/08/events/event\"><System><Provider Name=\"Service Control Manager\" Guid=\"{555908d1-a6d7-4695-8e1e-26931d2012f4}\" EventSourceName=\"Service Control Manager\"></Provider>\n<EventID Qualifiers=\"16384\">7036</EventID>\n<Version>0</Version>\n<Level>4</Level>\n<Task>0</Task>\n<Opcode>0</Opcode>\n<Keywords>0x8080000000000000</Keywords>\n<TimeCreated SystemTime=\"2024-12-18 23:48:42.133045\"></TimeCreated>\n<EventRecordID>591</EventRecordID>\n<Correlation ActivityID=\"\" RelatedActivityID=\"\"></Correlation>\n<Execution ProcessID=\"432\" ThreadID=\"2036\"></Execution>\n<Channel>System</Channel>\n<Computer>WIN-9HMG19S1CU8</Computer>\n<Security UserID=\"\"></Security>\n</System>\n<EventData><Data Name=\"param1\">Windows Defender</Data>\n<Data Name=\"param2\">running</Data>\n<Binary>VwBpAG4ARABlAGYAZQBuAGQALwA0AAAA</Binary>\n</EventData>\n</Event>\n",
    "<Event xmlns=\"http://schemas.microsoft.com/win/2004/08/events/event\"><System><Provider Name=\"Service Control Manager\" Guid=\"{555908d1-a6d7-4695-8e1e-26931d2012f4}\" EventSourceName=\"Service Control Manager\"></Provider>\n<EventID Qualifiers=\"16384\">7036</EventID>\n<Version>0</Version>\n<Level>4</Level>\n<Task>0</Task>\n<Opcode>0</Opcode>\n<Keywords>0x8080000000000000</Keywords>\n<TimeCreated SystemTime=\"2024-12-18 23:48:42.257845\"></TimeCreated>\n<EventRecordID>592</EventRecordID>\n<Correlation ActivityID=\"\" RelatedActivityID=\"\"></Correlation>\n<Execution ProcessID=\"432\" ThreadID=\"2036\"></Execution>\n<Channel>System</Channel>\n<Computer>WIN-9HMG19S1CU8</Computer>\n<Security UserID=\"\"></Security>\n</System>\n<EventData><Data Name=\"param1\">Security Center</Data>\n<Data Name=\"param2\">running</Data>\n<Binary>dwBzAGMAcwB2AGMALwA0AAAA</Binary>\n</EventData>\n</Event>\n",
    "<Event xmlns=\"http://schemas.microsoft.com/win/2004/08/events/event\"><System><Provider Name=\"Service Control Manager\" Guid=\"{555908d1-a6d7-4695-8e1e-26931d2012f4}\" EventSourceName=\"Service Control Manager\"></Provider>\n<EventID Qualifiers=\"16384\">7036</EventID>\n<Version>0</Version>\n<Level>4</Level>\n<Task>0</Task>\n<Opcode>0</Opcode>\n<Keywords>0x8080000000000000</Keywords>\n<TimeCreated SystemTime=\"2024-12-18 23:48:42.850647\"></TimeCreated>\n<EventRecordID>593</EventRecordID>\n<Correlation ActivityID=\"\" RelatedActivityID=\"\"></Correlation>\n<Execution ProcessID=\"432\" ThreadID=\"2036\"></Execution>\n<Channel>System</Channel>\n<Computer>WIN-9HMG19S1CU8</Computer>\n<Security UserID=\"\"></Security>\n</System>\n<EventData><Data Name=\"param1\">Windows Update</Data>\n<Data Name=\"param2\">running</Data>\n<Binary>dwB1AGEAdQBzAGUAcgB2AC8ANAAAAA==</Binary>\n</EventData>\n</Event>\n",
    "<Event xmlns=\"http://schemas.microsoft.com/win/2004/08/events/event\"><System><Provider Name=\"Service Control Manager\" Guid=\"{555908d1-a6d7-4695-8e1e-26931d2012f4}\" EventSourceName=\"Service Control Manager\"></Provider>\n<EventID Qualifiers=\"16384\">7036</EventID>\n<Version>0</Version>\n<Level>4</Level>\n<Task>0</Task>\n<Opcode>0</Opcode>\n<Keywords>0x8080000000000000</Keywords>\n<TimeCreated SystemTime=\"2024-12-18 23:48:52.674469\"></TimeCreated>\n<EventRecordID>594</EventRecordID>\n<Correlation ActivityID=\"\" RelatedActivityID=\"\"></Correlation>\n<Execution ProcessID=\"432\" ThreadID=\"1216\"></Execution>\n<Channel>System</Channel>\n<Computer>WIN-9HMG19S1CU8</Computer>\n<Security UserID=\"\"></Security>\n</System>\n<EventData><Data Name=\"param1\">Portable Device Enumerator Service</Data>\n<Data Name=\"param2\">stopped</Data>\n<Binary>VwBQAEQAQgB1AHMARQBuAHUAbQAvADEAAAA=</Binary>\n</EventData>\n</Event>\n",
    "<Event xmlns=\"http://schemas.microsoft.com/win/2004/08/events/event\"><System><Provider Name=\"Schannel\" Guid=\"{1f678132-5938-4686-9fdc-c8ff68f15c85}\"></Provider>\n<EventID Qualifiers=\"\">36887</EventID>\n<Version>0</Version>\n<Level>2</Level>\n<Task>0</Task>\n<Opcode>0</Opcode>\n<Keywords>0x8000000000000000</Keywords>\n<TimeCreated SystemTime=\"2024-12-18 23:49:11.066900\"></TimeCreated>\n<EventRecordID>595</EventRecordID>\n<Correlation ActivityID=\"\" RelatedActivityID=\"\"></Correlation>\n<Execution ProcessID=\"448\" ThreadID=\"820\"></Execution>\n<Channel>System</Channel>\n<Computer>WIN-9HMG19S1CU8</Computer>\n<Security UserID=\"S-1-5-18\"></Security>\n</System>\n<EventData><Data Name=\"AlertDesc\">70</Data>\n</EventData>\n</Event>\n",
    "<Event xmlns=\"http://schemas.microsoft.com/win/2004/08/events/event\"><System><Provider Name=\"Schannel\" Guid=\"{1f678132-5938-4686-9fdc-c8ff68f15c85}\"></Provider>\n<EventID Qualifiers=\"\">36887</EventID>\n<Version>0</Version>\n<Level>2</Level>\n<Task>0</Task>\n<Opcode>0</Opcode>\n<Keywords>0x8000000000000000</Keywords>\n<TimeCreated SystemTime=\"2024-12-18 23:49:11.098101\"></TimeCreated>\n<EventRecordID>596</EventRecordID>\n<Correlation ActivityID=\"\" RelatedActivityID=\"\"></Correlation>\n<Execution ProcessID=\"448\" ThreadID=\"820\"></Execution>\n<Channel>System</Channel>\n<Computer>WIN-9HMG19S1CU8</Computer>\n<Security UserID=\"S-1-5-18\"></Security>\n</System>\n<EventData><Data Name=\"AlertDesc\">70</Data>\n</EventData>\n</Event>\n",
    "<Event xmlns=\"http://schemas.microsoft.com/win/2004/08/events/event\"><System><Provider Name=\"Schannel\" Guid=\"{1f678132-5938-4686-9fdc-c8ff68f15c85}\"></Provider>\n<EventID Qualifiers=\"\">36887</EventID>\n<Version>0</Version>\n<Level>2</Level>\n<Task>0</Task>\n<Opcode>0</Opcode>\n<Keywords>0x8000000000000000</Keywords>\n<TimeCreated SystemTime=\"2024-12-18 23:49:11.129301\"></TimeCreated>\n<EventRecordID>597</EventRecordID>\n<Correlation ActivityID=\"\" RelatedActivityID=\"\"></Correlation>\n<Execution ProcessID=\"448\" ThreadID=\"820\"></Execution>\n<Channel>System</Channel>\n<Computer>WIN-9HMG19S1CU8</Computer>\n<Security UserID=\"S-1-5-18\"></Security>\n</System>\n<EventData><Data Name=\"AlertDesc\">40</Data>\n</EventData>\n</Event>\n",
    "<Event xmlns=\"http://schemas.microsoft.com/win/2004/08/events/event\"><System><Provider Name=\"Schannel\" Guid=\"{1f678132-5938-4686-9fdc-c8ff68f15c85}\"></Provider>\n<EventID Qualifiers=\"\">36887</EventID>\n<Version>0</Version>\n<Level>2</Level>\n<Task>0</Task>\n<Opcode>0</Opcode>\n<Keywords>0x8000000000000000</Keywords>\n<TimeCreated SystemTime=\"2024-12-18 23:49:14.920109\"></TimeCreated>\n<EventRecordID>598</EventRecordID>\n<Correlation ActivityID=\"\" RelatedActivityID=\"\"></Correlation>\n<Execution ProcessID=\"448\" ThreadID=\"820\"></Execution>\n<Channel>System</Channel>\n<Computer>WIN-9HMG19S1CU8</Computer>\n<Security UserID=\"S-1-5-18\"></Security>\n</System>\n<EventData><Data Name=\"AlertDesc\">70</Data>\n</EventData>\n</Event>\n",
    "<Event xmlns=\"http://schemas.microsoft.com/win/2004/08/events/event\"><System><Provider Name=\"Schannel\" Guid=\"{1f678132-5938-4686-9fdc-c8ff68f15c85}\"></Provider>\n<EventID Qualifiers=\"\">36887</EventID>\n<Version>0</Version>\n<Level>2</Level>\n<Task>0</Task>\n<Opcode>0</Opcode>\n<Keywords>0x8000000000000000</Keywords>\n<TimeCreated SystemTime=\"2024-12-18 23:49:15.013708\"></TimeCreated>\n<EventRecordID>599</EventRecordID>\n<Correlation ActivityID=\"\" RelatedActivityID=\"\"></Correlation>\n<Execution ProcessID=\"448\" ThreadID=\"820\"></Execution>\n<Channel>System</Channel>\n<Computer>WIN-9HMG19S1CU8</Computer>\n<Security UserID=\"S-1-5-18\"></Security>\n</System>\n<EventData><Data Name=\"AlertDesc\">70</Data>\n</EventData>\n</Event>\n",
    "<Event xmlns=\"http://schemas.microsoft.com/win/2004/08/events/event\"><System><Provider Name=\"Schannel\" Guid=\"{1f678132-5938-4686-9fdc-c8ff68f15c85}\"></Provider>\n<EventID Qualifiers=\"\">36887</EventID>\n<Version>0</Version>\n<Level>2</Level>\n<Task>0</Task>\n<Opcode>0</Opcode>\n<Keywords>0x8000000000000000</Keywords>\n<TimeCreated SystemTime=\"2024-12-18 23:49:15.122908\"></TimeCreated>\n<EventRecordID>600</EventRecordID>\n<Correlation ActivityID=\"\" RelatedActivityID=\"\"></Correlation>\n<Execution ProcessID=\"448\" ThreadID=\"820\"></Execution>\n<Channel>System</Channel>\n<Computer>WIN-9HMG19S1CU8</Computer>\n<Security UserID=\"S-1-5-18\"></Security>\n</System>\n<EventData><Data Name=\"AlertDesc\">40</Data>\n</EventData>\n</Event>\n",
    "<Event xmlns=\"http://schemas.microsoft.com/win/2004/08/events/event\"><System><Provider Name=\"Schannel\" Guid=\"{1f678132-5938-4686-9fdc-c8ff68f15c85}\"></Provider>\n<EventID Qualifiers=\"\">36887</EventID>\n<Version>0</Version>\n<Level>2</Level>\n<Task>0</Task>\n<Opcode>0</Opcode>\n<Keywords>0x8000000000000000</Keywords>\n<TimeCreated SystemTime=\"2024-12-18 23:49:30.011335\"></TimeCreated>\n<EventRecordID>601</EventRecordID>\n<Correlation ActivityID=\"\" RelatedActivityID=\"\"></Correlation>\n<Execution ProcessID=\"448\" ThreadID=\"820\"></Execution>\n<Channel>System</Channel>\n<Computer>WIN-9HMG19S1CU8</Computer>\n<Security UserID=\"S-1-5-18\"></Security>\n</System>\n<EventData><Data Name=\"AlertDesc\">70</Data>\n</EventData>\n</Event>\n",
    "<Event xmlns=\"http://schemas.microsoft.com/win/2004/08/events/event\"><System><Provider Name=\"Schannel\" Guid=\"{1f678132-5938-4686-9fdc-c8ff68f15c85}\"></Provider>\n<EventID Qualifiers=\"\">36887</EventID>\n<Version>0</Version>\n<Level>2</Level>\n<Task>0</Task>\n<Opcode>0</Opcode>\n<Keywords>0x8000000000000000</Keywords>\n<TimeCreated SystemTime=\"2024-12-18 23:49:30.073736\"></TimeCreated>\n<EventRecordID>602</EventRecordID>\n<Correlation ActivityID=\"\" RelatedActivityID=\"\"></Correlation>\n<Execution ProcessID=\"448\" ThreadID=\"820\"></Execution>\n<Channel>System</Channel>\n<Computer>WIN-9HMG19S1CU8</Computer>\n<Security UserID=\"S-1-5-18\"></Security>\n</System>\n<EventData><Data Name=\"AlertDesc\">70</Data>\n</EventData>\n</Event>\n",
    "<Event xmlns=\"http://schemas.microsoft.com/win/2004/08/events/event\"><System><Provider Name=\"Schannel\" Guid=\"{1f678132-5938-4686-9fdc-c8ff68f15c85}\"></Provider>\n<EventID Qualifiers=\"\">36887</EventID>\n<Version>0</Version>\n<Level>2</Level>\n<Task>0</Task>\n<Opcode>0</Opcode>\n<Keywords>0x8000000000000000</Keywords>\n<TimeCreated SystemTime=\"2024-12-18 23:49:30.120535\"></TimeCreated>\n<EventRecordID>603</EventRecordID>\n<Correlation ActivityID=\"\" RelatedActivityID=\"\"></Correlation>\n<Execution ProcessID=\"448\" ThreadID=\"820\"></Execution>\n<Channel>System</Channel>\n<Computer>WIN-9HMG19S1CU8</Computer>\n<Security UserID=\"S-1-5-18\"></Security>\n</System>\n<EventData><Data Name=\"AlertDesc\">70</Data>\n</EventData>\n</Event>\n",
    "<Event xmlns=\"http://schemas.microsoft.com/win/2004/08/events/event\"><System><Provider Name=\"Schannel\" Guid=\"{1f678132-5938-4686-9fdc-c8ff68f15c85}\"></Provider>\n<EventID Qualifiers=\"\">36887</EventID>\n<Version>0</Version>\n<Level>2</Level>\n<Task>0</Task>\n<Opcode>0</Opcode>\n<Keywords>0x8000000000000000</Keywords>\n<TimeCreated SystemTime=\"2024-12-18 23:49:30.198536\"></TimeCreated>\n<EventRecordID>604</EventRecordID>\n<Correlation ActivityID=\"\" RelatedActivityID=\"\"></Correlation>\n<Execution ProcessID=\"448\" ThreadID=\"820\"></Execution>\n<Channel>System</Channel>\n<Computer>WIN-9HMG19S1CU8</Computer>\n<Security UserID=\"S-1-5-18\"></Security>\n</System>\n<EventData><Data Name=\"AlertDesc\">70</Data>\n</EventData>\n</Event>\n",
    "<Event xmlns=\"http://schemas.microsoft.com/win/2004/08/events/event\"><System><Provider Name=\"Schannel\" Guid=\"{1f678132-5938-4686-9fdc-c8ff68f15c85}\"></Provider>\n<EventID Qualifiers=\"\">36887</EventID>\n<Version>0</Version>\n<Level>2</Level>\n<Task>0</Task>\n<Opcode>0</Opcode>\n<Keywords>0x8000000000000000</Keywords>\n<TimeCreated SystemTime=\"2024-12-18 23:49:30.214136\"></TimeCreated>\n<EventRecordID>605</EventRecordID>\n<Correlation ActivityID=\"\" RelatedActivityID=\"\"></Correlation>\n<Execution ProcessID=\"448\" ThreadID=\"820\"></Execution>\n<Channel>System</Channel>\n<Computer>WIN-9HMG19S1CU8</Computer>\n<Security UserID=\"S-1-5-18\"></Security>\n</System>\n<EventData><Data Name=\"AlertDesc\">80</Data>\n</EventData>\n</Event>\n",
    "<Event xmlns=\"http://schemas.microsoft.com/win/2004/08/events/event\"><System><Provider Name=\"Schannel\" Guid=\"{1f678132-5938-4686-9fdc-c8ff68f15c85}\"></Provider>\n<EventID Qualifiers=\"\">36887</EventID>\n<Version>0</Version>\n<Level>2</Level>\n<Task>0</Task>\n<Opcode>0</Opcode>\n<Keywords>0x8000000000000000</Keywords>\n<TimeCreated SystemTime=\"2024-12-18 23:49:30.338936\"></TimeCreated>\n<EventRecordID>606</EventRecordID>\n<Correlation ActivityID=\"\" RelatedActivityID=\"\"></Correlation>\n<Execution ProcessID=\"448\" ThreadID=\"820\"></Execution>\n<Channel>System</Channel>\n<Computer>WIN-9HMG19S1CU8</Computer>\n<Security UserID=\"S-1-5-18\"></Security>\n</System>\n<EventData><Data Name=\"AlertDesc\">40</Data>\n</EventData>\n</Event>\n",
    "<Event xmlns=\"http://schemas.microsoft.com/win/2004/08/events/event\"><System><Provider Name=\"Schannel\" Guid=\"{1f678132-5938-4686-9fdc-c8ff68f15c85}\"></Provider>\n<EventID Qualifiers=\"\">36887</EventID>\n<Version>0</Version>\n<Level>2</Level>\n<Task>0</Task>\n<Opcode>0</Opcode>\n<Keywords>0x8000000000000000</Keywords>\n<TimeCreated SystemTime=\"2024-12-18 23:49:30.385735\"></TimeCreated>\n<EventRecordID>607</EventRecordID>\n<Correlation ActivityID=\"\" RelatedActivityID=\"\"></Correlation>\n<Execution ProcessID=\"448\" ThreadID=\"820\"></Execution>\n<Channel>System</Channel>\n<Computer>WIN-9HMG19S1CU8</Computer>\n<Security UserID=\"S-1-5-18\"></Security>\n</System>\n<EventData><Data Name=\"AlertDesc\">70</Data>\n</EventData>\n</Event>\n",
    "<Event xmlns=\"http://schemas.microsoft.com/win/2004/08/events/event\"><System><Provider Name=\"Schannel\" Guid=\"{1f678132-5938-4686-9fdc-c8ff68f15c85}\"></Provider>\n<EventID Qualifiers=\"\">36887</EventID>\n<Version>0</Version>\n<Level>2</Level>\n<Task>0</Task>\n<Opcode>0</Opcode>\n<Keywords>0x8000000000000000</Keywords>\n<TimeCreated SystemTime=\"2024-12-18 23:49:30.479336\"></TimeCreated>\n<EventRecordID>608</EventRecordID>\n<Correlation ActivityID=\"\" RelatedActivityID=\"\"></Correlation>\n<Execution ProcessID=\"448\" ThreadID=\"820\"></Execution>\n<Channel>System</Channel>\n<Computer>WIN-9HMG19S1CU8</Computer>\n<Security UserID=\"S-1-5-18\"></Security>\n</System>\n<EventData><Data Name=\"AlertDesc\">70</Data>\n</EventData>\n</Event>\n",
    "<Event xmlns=\"http://schemas.microsoft.com/win/2004/08/events/event\"><System><Provider Name=\"Schannel\" Guid=\"{1f678132-5938-4686-9fdc-c8ff68f15c85}\"></Provider>\n<EventID Qualifiers=\"\">36887</EventID>\n<Version>0</Version>\n<Level>2</Level>\n<Task>0</Task>\n<Opcode>0</Opcode>\n<Keywords>0x8000000000000000</Keywords>\n<TimeCreated SystemTime=\"2024-12-18 23:49:30.541735\"></TimeCreated>\n<EventRecordID>609</EventRecordID>\n<Correlation ActivityID=\"\" RelatedActivityID=\"\"></Correlation>\n<Execution ProcessID=\"448\" ThreadID=\"820\"></Execution>\n<Channel>System</Channel>\n<Computer>WIN-9HMG19S1CU8</Computer>\n<Security UserID=\"S-1-5-18\"></Security>\n</System>\n<EventData><Data Name=\"AlertDesc\">70</Data>\n</EventData>\n</Event>\n",
    "<Event xmlns=\"http://schemas.microsoft.com/win/2004/08/events/event\"><System><Provider Name=\"Schannel\" Guid=\"{1f678132-5938-4686-9fdc-c8ff68f15c85}\"></Provider>\n<EventID Qualifiers=\"\">36887</EventID>\n<Version>0</Version>\n<Level>2</Level>\n<Task>0</Task>\n<Opcode>0</Opcode>\n<Keywords>0x8000000000000000</Keywords>\n<TimeCreated SystemTime=\"2024-12-18 23:49:30.557335\"></TimeCreated>\n<EventRecordID>610</EventRecordID>\n<Correlation ActivityID=\"\" RelatedActivityID=\"\"></Correlation>\n<Execution ProcessID=\"448\" ThreadID=\"820\"></Execution>\n<Channel>System</Channel>\n<Computer>WIN-9HMG19S1CU8</Computer>\n<Security UserID=\"S-1-5-18\"></Security>\n</System>\n<EventData><Data Name=\"AlertDesc\">70</Data>\n</EventData>\n</Event>\n",
    "<Event xmlns=\"http://schemas.microsoft.com/win/2004/08/events/event\"><System><Provider Name=\"Schannel\" Guid=\"{1f678132-5938-4686-9fdc-c8ff68f15c85}\"></Provider>\n<EventID Qualifiers=\"\">36887</EventID>\n<Version>0</Version>\n<Level>2</Level>\n<Task>0</Task>\n<Opcode>0</Opcode>\n<Keywords>0x8000000000000000</Keywords>\n<TimeCreated SystemTime=\"2024-12-18 23:49:30.588535\"></TimeCreated>\n<EventRecordID>611</EventRecordID>\n<Correlation ActivityID=\"\" RelatedActivityID=\"\"></Correlation>\n<Execution ProcessID=\"448\" ThreadID=\"820\"></Execution>\n<Channel>System</Channel>\n<Computer>WIN-9HMG19S1CU8</Computer>\n<Security UserID=\"S-1-5-18\"></Security>\n</System>\n<EventData><Data Name=\"AlertDesc\">70</Data>\n</EventData>\n</Event>\n",
    "<Event xmlns=\"http://schemas.microsoft.com/win/2004/08/events/event\"><System><Provider Name=\"Schannel\" Guid=\"{1f678132-5938-4686-9fdc-c8ff68f15c85}\"></Provider>\n<EventID Qualifiers=\"\">36887</EventID>\n<Version>0</Version>\n<Level>2</Level>\n<Task>0</Task>\n<Opcode>0</Opcode>\n<Keywords>0x8000000000000000</Keywords>\n<TimeCreated SystemTime=\"2024-12-18 23:49:31.337337\"></TimeCreated>\n<EventRecordID>612</EventRecordID>\n<Correlation ActivityID=\"\" RelatedActivityID=\"\"></Correlation>\n<Execution ProcessID=\"448\" ThreadID=\"820\"></Execution>\n<Channel>System</Channel>\n<Computer>WIN-9HMG19S1CU8</Computer>\n<Security UserID=\"S-1-5-18\"></Security>\n</System>\n<EventData><Data Name=\"AlertDesc\">70</Data>\n</EventData>\n</Event>\n",
    "<Event xmlns=\"http://schemas.microsoft.com/win/2004/08/events/event\"><System><Provider Name=\"Schannel\" Guid=\"{1f678132-5938-4686-9fdc-c8ff68f15c85}\"></Provider>\n<EventID Qualifiers=\"\">36887</EventID>\n<Version>0</Version>\n<Level>2</Level>\n<Task>0</Task>\n<Opcode>0</Opcode>\n<Keywords>0x8000000000000000</Keywords>\n<TimeCreated SystemTime=\"2024-12-18 23:49:31.337337\"></TimeCreated>\n<EventRecordID>613</EventRecordID>\n<Correlation ActivityID=\"\" RelatedActivityID=\"\"></Correlation>\n<Execution ProcessID=\"448\" ThreadID=\"820\"></Execution>\n<Channel>System</Channel>\n<Computer>WIN-9HMG19S1CU8</Computer>\n<Security UserID=\"S-1-5-18\"></Security>\n</System>\n<EventData><Data Name=\"AlertDesc\">40</Data>\n</EventData>\n</Event>\n",
    "<Event xmlns=\"http://schemas.microsoft.com/win/2004/08/events/event\"><System><Provider Name=\"Schannel\" Guid=\"{1f678132-5938-4686-9fdc-c8ff68f15c85}\"></Provider>\n<EventID Qualifiers=\"\">36887</EventID>\n<Version>0</Version>\n<Level>2</Level>\n<Task>0</Task>\n<Opcode>0</Opcode>\n<Keywords>0x8000000000000000</Keywords>\n<TimeCreated SystemTime=\"2024-12-18 23:49:31.399736\"></TimeCreated>\n<EventRecordID>614</EventRecordID>\n<Correlation ActivityID=\"\" RelatedActivityID=\"\"></Correlation>\n<Execution ProcessID=\"448\" ThreadID=\"820\"></Execution>\n<Channel>System</Channel>\n<Computer>WIN-9HMG19S1CU8</Computer>\n<Security UserID=\"S-1-5-18\"></Security>\n</System>\n<EventData><Data Name=\"AlertDesc\">80</Data>\n</EventData>\n</Event>\n",
    "<Event xmlns=\"http://schemas.microsoft.com/win/2004/08/events/event\"><System><Provider Name=\"Schannel\" Guid=\"{1f678132-5938-4686-9fdc-c8ff68f15c85}\"></Provider>\n<EventID Qualifiers=\"\">36887</EventID>\n<Version>0</Version>\n<Level>2</Level>\n<Task>0</Task>\n<Opcode>0</Opcode>\n<Keywords>0x8000000000000000</Keywords>\n<TimeCreated SystemTime=\"2024-12-18 23:49:31.477737\"></TimeCreated>\n<EventRecordID>615</EventRecordID>\n<Correlation ActivityID=\"\" RelatedActivityID=\"\"></Correlation>\n<Execution ProcessID=\"448\" ThreadID=\"820\"></Execution>\n<Channel>System</Channel>\n<Computer>WIN-9HMG19S1CU8</Computer>\n<Security UserID=\"S-1-5-18\"></Security>\n</System>\n<EventData><Data Name=\"AlertDesc\">40</Data>\n</EventData>\n</Event>\n",
    "<Event xmlns=\"http://schemas.microsoft.com/win/2004/08/events/event\"><System><Provider Name=\"Schannel\" Guid=\"{1f678132-5938-4686-9fdc-c8ff68f15c85}\"></Provider>\n<EventID Qualifiers=\"\">36887</EventID>\n<Version>0</Version>\n<Level>2</Level>\n<Task>0</Task>\n<Opcode>0</Opcode>\n<Keywords>0x8000000000000000</Keywords>\n<TimeCreated SystemTime=\"2024-12-18 23:49:31.540136\"></TimeCreated>\n<EventRecordID>616</EventRecordID>\n<Correlation ActivityID=\"\" RelatedActivityID=\"\"></Correlation>\n<Execution ProcessID=\"448\" ThreadID=\"820\"></Execution>\n<Channel>System</Channel>\n<Computer>WIN-9HMG19S1CU8</Computer>\n<Security UserID=\"S-1-5-18\"></Security>\n</System>\n<EventData><Data Name=\"AlertDesc\">70</Data>\n</EventData>\n</Event>\n",
    "<Event xmlns=\"http://schemas.microsoft.com/win/2004/08/events/event\"><System><Provider Name=\"Schannel\" Guid=\"{1f678132-5938-4686-9fdc-c8ff68f15c85}\"></Provider>\n<EventID Qualifiers=\"\">36887</EventID>\n<Version>0</Version>\n<Level>2</Level>\n<Task>0</Task>\n<Opcode>0</Opcode>\n<Keywords>0x8000000000000000</Keywords>\n<TimeCreated SystemTime=\"2024-12-18 23:49:31.618137\"></TimeCreated>\n<EventRecordID>617</EventRecordID>\n<Correlation ActivityID=\"\" RelatedActivityID=\"\"></Correlation>\n<Execution ProcessID=\"448\" ThreadID=\"820\"></Execution>\n<Channel>System</Channel>\n<Computer>WIN-9HMG19S1CU8</Computer>\n<Security UserID=\"S-1-5-18\"></Security>\n</System>\n<EventData><Data Name=\"AlertDesc\">70</Data>\n</EventData>\n</Event>\n",
    "<Event xmlns=\"http://schemas.microsoft.com/win/2004/08/events/event\"><System><Provider Name=\"Schannel\" Guid=\"{1f678132-5938-4686-9fdc-c8ff68f15c85}\"></Provider>\n<EventID Qualifiers=\"\">36887</EventID>\n<Version>0</Version>\n<Level>2</Level>\n<Task>0</Task>\n<Opcode>0</Opcode>\n<Keywords>0x8000000000000000</Keywords>\n<TimeCreated SystemTime=\"2024-12-18 23:49:31.680536\"></TimeCreated>\n<EventRecordID>618</EventRecordID>\n<Correlation ActivityID=\"\" RelatedActivityID=\"\"></Correlation>\n<Execution ProcessID=\"448\" ThreadID=\"820\"></Execution>\n<Channel>System</Channel>\n<Computer>WIN-9HMG19S1CU8</Computer>\n<Security UserID=\"S-1-5-18\"></Security>\n</System>\n<EventData><Data Name=\"AlertDesc\">70</Data>\n</EventData>\n</Event>\n",
    "<Event xmlns=\"http://schemas.microsoft.com/win/2004/08/events/event\"><System><Provider Name=\"Schannel\" Guid=\"{1f678132-5938-4686-9fdc-c8ff68f15c85}\"></Provider>\n<EventID Qualifiers=\"\">36887</EventID>\n<Version>0</Version>\n<Level>2</Level>\n<Task>0</Task>\n<Opcode>0</Opcode>\n<Keywords>0x8000000000000000</Keywords>\n<TimeCreated SystemTime=\"2024-12-18 23:49:31.742937\"></TimeCreated>\n<EventRecordID>619</EventRecordID>\n<Correlation ActivityID=\"\" RelatedActivityID=\"\"></Correlation>\n<Execution ProcessID=\"448\" ThreadID=\"820\"></Execution>\n<Channel>System</Channel>\n<Computer>WIN-9HMG19S1CU8</Computer>\n<Security UserID=\"S-1-5-18\"></Security>\n</System>\n<EventData><Data Name=\"AlertDesc\">70</Data>\n</EventData>\n</Event>\n",
    "<Event xmlns=\"http://schemas.microsoft.com/win/2004/08/events/event\"><System><Provider Name=\"Schannel\" Guid=\"{1f678132-5938-4686-9fdc-c8ff68f15c85}\"></Provider>\n<EventID Qualifiers=\"\">36887</EventID>\n<Version>0</Version>\n<Level>2</Level>\n<Task>0</Task>\n<Opcode>0</Opcode>\n<Keywords>0x8000000000000000</Keywords>\n<TimeCreated SystemTime=\"2024-12-18 23:49:31.805338\"></TimeCreated>\n<EventRecordID>620</EventRecordID>\n<Correlation ActivityID=\"\" RelatedActivityID=\"\"></Correlation>\n<Execution ProcessID=\"448\" ThreadID=\"820\"></Execution>\n<Channel>System</Channel>\n<Computer>WIN-9HMG19S1CU8</Computer>\n<Security UserID=\"S-1-5-18\"></Security>\n</System>\n<EventData><Data Name=\"AlertDesc\">40</Data>\n</EventData>\n</Event>\n",
    "<Event xmlns=\"http://schemas.microsoft.com/win/2004/08/events/event\"><System><Provider Name=\"Schannel\" Guid=\"{1f678132-5938-4686-9fdc-c8ff68f15c85}\"></Provider>\n<EventID Qualifiers=\"\">36887</EventID>\n<Version>0</Version>\n<Level>2</Level>\n<Task>0</Task>\n<Opcode>0</Opcode>\n<Keywords>0x8000000000000000</Keywords>\n<TimeCreated SystemTime=\"2024-12-18 23:49:31.852139\"></TimeCreated>\n<EventRecordID>621</EventRecordID>\n<Correlation ActivityID=\"\" RelatedActivityID=\"\"></Correlation>\n<Execution ProcessID=\"448\" ThreadID=\"820\"></Execution>\n<Channel>System</Channel>\n<Computer>WIN-9HMG19S1CU8</Computer>\n<Security UserID=\"S-1-5-18\"></Security>\n</System>\n<EventData><Data Name=\"AlertDesc\">80</Data>\n</EventData>\n</Event>\n",
    "<Event xmlns=\"http://schemas.microsoft.com/win/2004/08/events/event\"><System><Provider Name=\"Schannel\" Guid=\"{1f678132-5938-4686-9fdc-c8ff68f15c85}\"></Provider>\n<EventID Qualifiers=\"\">36887</EventID>\n<Version>0</Version>\n<Level>2</Level>\n<Task>0</Task>\n<Opcode>0</Opcode>\n<Keywords>0x8000000000000000</Keywords>\n<TimeCreated SystemTime=\"2024-12-18 23:49:32.266539\"></TimeCreated>\n<EventRecordID>622</EventRecordID>\n<Correlation ActivityID=\"\" RelatedActivityID=\"\"></Correlation>\n<Execution ProcessID=\"448\" ThreadID=\"820\"></Execution>\n<Channel>System</Channel>\n<Computer>WIN-9HMG19S1CU8</Computer>\n<Security UserID=\"S-1-5-18\"></Security>\n</System>\n<EventData><Data Name=\"AlertDesc\">70</Data>\n</EventData>\n</Event>\n",
    "<Event xmlns=\"http://schemas.microsoft.com/win/2004/08/events/event\"><System><Provider Name=\"Schannel\" Guid=\"{1f678132-5938-4686-9fdc-c8ff68f15c85}\"></Provider>\n<EventID Qualifiers=\"\">36887</EventID>\n<Version>0</Version>\n<Level>2</Level>\n<Task>0</Task>\n<Opcode>0</Opcode>\n<Keywords>0x8000000000000000</Keywords>\n<TimeCreated SystemTime=\"2024-12-18 23:49:32.417740\"></TimeCreated>\n<EventRecordID>623</EventRecordID>\n<Correlation ActivityID=\"\" RelatedActivityID=\"\"></Correlation>\n<Execution ProcessID=\"448\" ThreadID=\"820\"></Execution>\n<Channel>System</Channel>\n<Computer>WIN-9HMG19S1CU8</Computer>\n<Security UserID=\"S-1-5-18\"></Security>\n</System>\n<EventData><Data Name=\"AlertDesc\">70</Data>\n</EventData>\n</Event>\n",
    "<Event xmlns=\"http://schemas.microsoft.com/win/2004/08/events/event\"><System><Provider Name=\"Schannel\" Guid=\"{1f678132-5938-4686-9fdc-c8ff68f15c85}\"></Provider>\n<EventID Qualifiers=\"\">36887</EventID>\n<Version>0</Version>\n<Level>2</Level>\n<Task>0</Task>\n<Opcode>0</Opcode>\n<Keywords>0x8000000000000000</Keywords>\n<TimeCreated SystemTime=\"2024-12-18 23:49:32.526939\"></TimeCreated>\n<EventRecordID>624</EventRecordID>\n<Correlation ActivityID=\"\" RelatedActivityID=\"\"></Correlation>\n<Execution ProcessID=\"448\" ThreadID=\"820\"></Execution>\n<Channel>System</Channel>\n<Computer>WIN-9HMG19S1CU8</Computer>\n<Security UserID=\"S-1-5-18\"></Security>\n</System>\n<EventData><Data Name=\"AlertDesc\">40</Data>\n</EventData>\n</Event>\n",
    "<Event xmlns=\"http://schemas.microsoft.com/win/2004/08/events/event\"><System><Provider Name=\"Schannel\" Guid=\"{1f678132-5938-4686-9fdc-c8ff68f15c85}\"></Provider>\n<EventID Qualifiers=\"\">36887</EventID>\n<Version>0</Version>\n<Level>2</Level>\n<Task>0</Task>\n<Opcode>0</Opcode>\n<Keywords>0x8000000000000000</Keywords>\n<TimeCreated SystemTime=\"2024-12-18 23:49:34.289743\"></TimeCreated>\n<EventRecordID>625</EventRecordID>\n<Correlation ActivityID=\"\" RelatedActivityID=\"\"></Correlation>\n<Execution ProcessID=\"448\" ThreadID=\"820\"></Execution>\n<Channel>System</Channel>\n<Computer>WIN-9HMG19S1CU8</Computer>\n<Security UserID=\"S-1-5-18\"></Security>\n</System>\n<EventData><Data Name=\"AlertDesc\">70</Data>\n</EventData>\n</Event>\n",
    "<Event xmlns=\"http://schemas.microsoft.com/win/2004/08/events/event\"><System><Provider Name=\"Schannel\" Guid=\"{1f678132-5938-4686-9fdc-c8ff68f15c85}\"></Provider>\n<EventID Qualifiers=\"\">36887</EventID>\n<Version>0</Version>\n<Level>2</Level>\n<Task>0</Task>\n<Opcode>0</Opcode>\n<Keywords>0x8000000000000000</Keywords>\n<TimeCreated SystemTime=\"2024-12-18 23:49:34.383343\"></TimeCreated>\n<EventRecordID>626</EventRecordID>\n<Correlation ActivityID=\"\" RelatedActivityID=\"\"></Correlation>\n<Execution ProcessID=\"448\" ThreadID=\"820\"></Execution>\n<Channel>System</Channel>\n<Computer>WIN-9HMG19S1CU8</Computer>\n<Security UserID=\"S-1-5-18\"></Security>\n</System>\n<EventData><Data Name=\"AlertDesc\">70</Data>\n</EventData>\n</Event>\n",
    "<Event xmlns=\"http://schemas.microsoft.com/win/2004/08/events/event\"><System><Provider Name=\"Schannel\" Guid=\"{1f678132-5938-4686-9fdc-c8ff68f15c85}\"></Provider>\n<EventID Qualifiers=\"\">36887</EventID>\n<Version>0</Version>\n<Level>2</Level>\n<Task>0</Task>\n<Opcode>0</Opcode>\n<Keywords>0x8000000000000000</Keywords>\n<TimeCreated SystemTime=\"2024-12-18 23:49:34.436543\"></TimeCreated>\n<EventRecordID>627</EventRecordID>\n<Correlation ActivityID=\"\" RelatedActivityID=\"\"></Correlation>\n<Execution ProcessID=\"448\" ThreadID=\"820\"></Execution>\n<Channel>System</Channel>\n<Computer>WIN-9HMG19S1CU8</Computer>\n<Security UserID=\"S-1-5-18\"></Security>\n</System>\n<EventData><Data Name=\"AlertDesc\">70</Data>\n</EventData>\n</Event>\n",
    "<Event xmlns=\"http://schemas.microsoft.com/win/2004/08/events/event\"><System><Provider Name=\"Schannel\" Guid=\"{1f678132-5938-4686-9fdc-c8ff68f15c85}\"></Provider>\n<EventID Qualifiers=\"\">36887</EventID>\n<Version>0</Version>\n<Level>2</Level>\n<Task>0</Task>\n<Opcode>0</Opcode>\n<Keywords>0x8000000000000000</Keywords>\n<TimeCreated SystemTime=\"2024-12-18 23:49:34.536543\"></TimeCreated>\n<EventRecordID>628</EventRecordID>\n<Correlation ActivityID=\"\" RelatedActivityID=\"\"></Correlation>\n<Execution ProcessID=\"448\" ThreadID=\"820\"></Execution>\n<Channel>System</Channel>\n<Computer>WIN-9HMG19S1CU8</Computer>\n<Security UserID=\"S-1-5-18\"></Security>\n</System>\n<EventData><Data Name=\"AlertDesc\">70</Data>\n</EventData>\n</Event>\n",
    "<Event xmlns=\"http://schemas.microsoft.com/win/2004/08/events/event\"><System><Provider Name=\"Schannel\" Guid=\"{1f678132-5938-4686-9fdc-c8ff68f15c85}\"></Provider>\n<EventID Qualifiers=\"\">36887</EventID>\n<Version>0</Version>\n<Level>2</Level>\n<Task>0</Task>\n<Opcode>0</Opcode>\n<Keywords>0x8000000000000000</Keywords>\n<TimeCreated SystemTime=\"2024-12-18 23:49:34.587744\"></TimeCreated>\n<EventRecordID>629</EventRecordID>\n<Correlation ActivityID=\"\" RelatedActivityID=\"\"></Correlation>\n<Execution ProcessID=\"448\" ThreadID=\"820\"></Execution>\n<Channel>System</Channel>\n<Computer>WIN-9HMG19S1CU8</Computer>\n<Security UserID=\"S-1-5-18\"></Security>\n</System>\n<EventData><Data Name=\"AlertDesc\">80</Data>\n</EventData>\n</Event>\n",
    "<Event xmlns=\"http://schemas.microsoft.com/win/2004/08/events/event\"><System><Provider Name=\"Schannel\" Guid=\"{1f678132-5938-4686-9fdc-c8ff68f15c85}\"></Provider>\n<EventID Qualifiers=\"\">36887</EventID>\n<Version>0</Version>\n<Level>2</Level>\n<Task>0</Task>\n<Opcode>0</Opcode>\n<Keywords>0x8000000000000000</Keywords>\n<TimeCreated SystemTime=\"2024-12-18 23:49:34.790543\"></TimeCreated>\n<EventRecordID>630</EventRecordID>\n<Correlation ActivityID=\"\" RelatedActivityID=\"\"></Correlation>\n<Execution ProcessID=\"448\" ThreadID=\"820\"></Execution>\n<Channel>System</Channel>\n<Computer>WIN-9HMG19S1CU8</Computer>\n<Security UserID=\"S-1-5-18\"></Security>\n</System>\n<EventData><Data Name=\"AlertDesc\">40</Data>\n</EventData>\n</Event>\n",
    "<Event xmlns=\"http://schemas.microsoft.com/win/2004/08/events/event\"><System><Provider Name=\"Schannel\" Guid=\"{1f678132-5938-4686-9fdc-c8ff68f15c85}\"></Provider>\n<EventID Qualifiers=\"\">36887</EventID>\n<Version>0</Version>\n<Level>2</Level>\n<Task>0</Task>\n<Opcode>0</Opcode>\n<Keywords>0x8000000000000000</Keywords>\n<TimeCreated SystemTime=\"2024-12-18 23:49:34.837343\"></TimeCreated>\n<EventRecordID>631</EventRecordID>\n<Correlation ActivityID=\"\" RelatedActivityID=\"\"></Correlation>\n<Execution ProcessID=\"448\" ThreadID=\"820\"></Execution>\n<Channel>System</Channel>\n<Computer>WIN-9HMG19S1CU8</Computer>\n<Security UserID=\"S-1-5-18\"></Security>\n</System>\n<EventData><Data Name=\"AlertDesc\">70</Data>\n</EventData>\n</Event>\n",
    "<Event xmlns=\"http://schemas.microsoft.com/win/2004/08/events/event\"><System><Provider Name=\"Schannel\" Guid=\"{1f678132-5938-4686-9fdc-c8ff68f15c85}\"></Provider>\n<EventID Qualifiers=\"\">36887</EventID>\n<Version>0</Version>\n<Level>2</Level>\n<Task>0</Task>\n<Opcode>0</Opcode>\n<Keywords>0x8000000000000000</Keywords>\n<TimeCreated SystemTime=\"2024-12-18 23:49:34.852943\"></TimeCreated>\n<EventRecordID>632</EventRecordID>\n<Correlation ActivityID=\"\" RelatedActivityID=\"\"></Correlation>\n<Execution ProcessID=\"448\" ThreadID=\"820\"></Execution>\n<Channel>System</Channel>\n<Computer>WIN-9HMG19S1CU8</Computer>\n<Security UserID=\"S-1-5-18\"></Security>\n</System>\n<EventData><Data Name=\"AlertDesc\">70</Data>\n</EventData>\n</Event>\n",
    "<Event xmlns=\"http://schemas.microsoft.com/win/2004/08/events/event\"><System><Provider Name=\"Schannel\" Guid=\"{1f678132-5938-4686-9fdc-c8ff68f15c85}\"></Provider>\n<EventID Qualifiers=\"\">36887</EventID>\n<Version>0</Version>\n<Level>2</Level>\n<Task>0</Task>\n<Opcode>0</Opcode>\n<Keywords>0x8000000000000000</Keywords>\n<TimeCreated SystemTime=\"2024-12-18 23:49:34.946543\"></TimeCreated>\n<EventRecordID>633</EventRecordID>\n<Correlation ActivityID=\"\" RelatedActivityID=\"\"></Correlation>\n<Execution ProcessID=\"448\" ThreadID=\"820\"></Execution>\n<Channel>System</Channel>\n<Computer>WIN-9HMG19S1CU8</Computer>\n<Security UserID=\"S-1-5-18\"></Security>\n</System>\n<EventData><Data Name=\"AlertDesc\">70</Data>\n</EventData>\n</Event>\n",
    "<Event xmlns=\"http://schemas.microsoft.com/win/2004/08/events/event\"><System><Provider Name=\"Schannel\" Guid=\"{1f678132-5938-4686-9fdc-c8ff68f15c85}\"></Provider>\n<EventID Qualifiers=\"\">36887</EventID>\n<Version>0</Version>\n<Level>2</Level>\n<Task>0</Task>\n<Opcode>0</Opcode>\n<Keywords>0x8000000000000000</Keywords>\n<TimeCreated SystemTime=\"2024-12-18 23:49:34.977743\"></TimeCreated>\n<EventRecordID>634</EventRecordID>\n<Correlation ActivityID=\"\" RelatedActivityID=\"\"></Correlation>\n<Execution ProcessID=\"448\" ThreadID=\"820\"></Execution>\n<Channel>System</Channel>\n<Computer>WIN-9HMG19S1CU8</Computer>\n<Security UserID=\"S-1-5-18\"></Security>\n</System>\n<EventData><Data Name=\"AlertDesc\">70</Data>\n</EventData>\n</Event>\n",
    "<Event xmlns=\"http://schemas.microsoft.com/win/2004/08/events/event\"><System><Provider Name=\"Schannel\" Guid=\"{1f678132-5938-4686-9fdc-c8ff68f15c85}\"></Provider>\n<EventID Qualifiers=\"\">36887</EventID>\n<Version>0</Version>\n<Level>2</Level>\n<Task>0</Task>\n<Opcode>0</Opcode>\n<Keywords>0x8000000000000000</Keywords>\n<TimeCreated SystemTime=\"2024-12-18 23:49:34.993343\"></TimeCreated>\n<EventRecordID>635</EventRecordID>\n<Correlation ActivityID=\"\" RelatedActivityID=\"\"></Correlation>\n<Execution ProcessID=\"448\" ThreadID=\"820\"></Execution>\n<Channel>System</Channel>\n<Computer>WIN-9HMG19S1CU8</Computer>\n<Security UserID=\"S-1-5-18\"></Security>\n</System>\n<EventData><Data Name=\"AlertDesc\">70</Data>\n</EventData>\n</Event>\n",
    "<Event xmlns=\"http://schemas.microsoft.com/win/2004/08/events/event\"><System><Provider Name=\"Schannel\" Guid=\"{1f678132-5938-4686-9fdc-c8ff68f15c85}\"></Provider>\n<EventID Qualifiers=\"\">36887</EventID>\n<Version>0</Version>\n<Level>2</Level>\n<Task>0</Task>\n<Opcode>0</Opcode>\n<Keywords>0x8000000000000000</Keywords>\n<TimeCreated SystemTime=\"2024-12-18 23:49:35.055744\"></TimeCreated>\n<EventRecordID>636</EventRecordID>\n<Correlation ActivityID=\"\" RelatedActivityID=\"\"></Correlation>\n<Execution ProcessID=\"448\" ThreadID=\"820\"></Execution>\n<Channel>System</Channel>\n<Computer>WIN-9HMG19S1CU8</Computer>\n<Security UserID=\"S-1-5-18\"></Security>\n</System>\n<EventData><Data Name=\"AlertDesc\">80</Data>\n</EventData>\n</Event>\n",
    "<Event xmlns=\"http://schemas.microsoft.com/win/2004/08/events/event\"><System><Provider Name=\"Schannel\" Guid=\"{1f678132-5938-4686-9fdc-c8ff68f15c85}\"></Provider>\n<EventID Qualifiers=\"\">36887</EventID>\n<Version>0</Version>\n<Level>2</Level>\n<Task>0</Task>\n<Opcode>0</Opcode>\n<Keywords>0x8000000000000000</Keywords>\n<TimeCreated SystemTime=\"2024-12-18 23:49:35.180546\"></TimeCreated>\n<EventRecordID>637</EventRecordID>\n<Correlation ActivityID=\"\" RelatedActivityID=\"\"></Correlation>\n<Execution ProcessID=\"448\" ThreadID=\"820\"></Execution>\n<Channel>System</Channel>\n<Computer>WIN-9HMG19S1CU8</Computer>\n<Security UserID=\"S-1-5-18\"></Security>\n</System>\n<EventData><Data Name=\"AlertDesc\">40</Data>\n</EventData>\n</Event>\n",
    "<Event xmlns=\"http://schemas.microsoft.com/win/2004/08/events/event\"><System><Provider Name=\"Schannel\" Guid=\"{1f678132-5938-4686-9fdc-c8ff68f15c85}\"></Provider>\n<EventID Qualifiers=\"\">36887</EventID>\n<Version>0</Version>\n<Level>2</Level>\n<Task>0</Task>\n<Opcode>0</Opcode>\n<Keywords>0x8000000000000000</Keywords>\n<TimeCreated SystemTime=\"2024-12-18 23:49:35.180546\"></TimeCreated>\n<EventRecordID>638</EventRecordID>\n<Correlation ActivityID=\"\" RelatedActivityID=\"\"></Correlation>\n<Execution ProcessID=\"448\" ThreadID=\"820\"></Execution>\n<Channel>System</Channel>\n<Computer>WIN-9HMG19S1CU8</Computer>\n<Security UserID=\"S-1-5-18\"></Security>\n</System>\n<EventData><Data Name=\"AlertDesc\">70</Data>\n</EventData>\n</Event>\n",
    "<Event xmlns=\"http://schemas.microsoft.com/win/2004/08/events/event\"><System><Provider Name=\"Schannel\" Guid=\"{1f678132-5938-4686-9fdc-c8ff68f15c85}\"></Provider>\n<EventID Qualifiers=\"\">36887</EventID>\n<Version>0</Version>\n<Level>2</Level>\n<Task>0</Task>\n<Opcode>0</Opcode>\n<Keywords>0x8000000000000000</Keywords>\n<TimeCreated SystemTime=\"2024-12-18 23:49:35.367744\"></TimeCreated>\n<EventRecordID>639</EventRecordID>\n<Correlation ActivityID=\"\" RelatedActivityID=\"\"></Correlation>\n<Execution ProcessID=\"448\" ThreadID=\"820\"></Execution>\n<Channel>System</Channel>\n<Computer>WIN-9HMG19S1CU8</Computer>\n<Security UserID=\"S-1-5-18\"></Security>\n</System>\n<EventData><Data Name=\"AlertDesc\">40</Data>\n</EventData>\n</Event>\n",
    "<Event xmlns=\"http://schemas.microsoft.com/win/2004/08/events/event\"><System><Provider Name=\"Schannel\" Guid=\"{1f678132-5938-4686-9fdc-c8ff68f15c85}\"></Provider>\n<EventID Qualifiers=\"\">36887</EventID>\n<Version>0</Version>\n<Level>2</Level>\n<Task>0</Task>\n<Opcode>0</Opcode>\n<Keywords>0x8000000000000000</Keywords>\n<TimeCreated SystemTime=\"2024-12-18 23:49:35.383345\"></TimeCreated>\n<EventRecordID>640</EventRecordID>\n<Correlation ActivityID=\"\" RelatedActivityID=\"\"></Correlation>\n<Execution ProcessID=\"448\" ThreadID=\"820\"></Execution>\n<Channel>System</Channel>\n<Computer>WIN-9HMG19S1CU8</Computer>\n<Security UserID=\"S-1-5-18\"></Security>\n</System>\n<EventData><Data Name=\"AlertDesc\">70</Data>\n</EventData>\n</Event>\n",
    "<Event xmlns=\"http://schemas.microsoft.com/win/2004/08/events/event\"><System><Provider Name=\"Schannel\" Guid=\"{1f678132-5938-4686-9fdc-c8ff68f15c85}\"></Provider>\n<EventID Qualifiers=\"\">36887</EventID>\n<Version>0</Version>\n<Level>2</Level>\n<Task>0</Task>\n<Opcode>0</Opcode>\n<Keywords>0x8000000000000000</Keywords>\n<TimeCreated SystemTime=\"2024-12-18 23:49:35.383345\"></TimeCreated>\n<EventRecordID>641</EventRecordID>\n<Correlation ActivityID=\"\" RelatedActivityID=\"\"></Correlation>\n<Execution ProcessID=\"448\" ThreadID=\"820\"></Execution>\n<Channel>System</Channel>\n<Computer>WIN-9HMG19S1CU8</Computer>\n<Security UserID=\"S-1-5-18\"></Security>\n</System>\n<EventData><Data Name=\"AlertDesc\">70</Data>\n</EventData>\n</Event>\n",
    "<Event xmlns=\"http://schemas.microsoft.com/win/2004/08/events/event\"><System><Provider Name=\"Schannel\" Guid=\"{1f678132-5938-4686-9fdc-c8ff68f15c85}\"></Provider>\n<EventID Qualifiers=\"\">36887</EventID>\n<Version>0</Version>\n<Level>2</Level>\n<Task>0</Task>\n<Opcode>0</Opcode>\n<Keywords>0x8000000000000000</Keywords>\n<TimeCreated SystemTime=\"2024-12-18 23:49:35.570545\"></TimeCreated>\n<EventRecordID>642</EventRecordID>\n<Correlation ActivityID=\"\" RelatedActivityID=\"\"></Correlation>\n<Execution ProcessID=\"448\" ThreadID=\"820\"></Execution>\n<Channel>System</Channel>\n<Computer>WIN-9HMG19S1CU8</Computer>\n<Security UserID=\"S-1-5-18\"></Security>\n</System>\n<EventData><Data Name=\"AlertDesc\">70</Data>\n</EventData>\n</Event>\n",
    "<Event xmlns=\"http://schemas.microsoft.com/win/2004/08/events/event\"><System><Provider Name=\"Schannel\" Guid=\"{1f678132-5938-4686-9fdc-c8ff68f15c85}\"></Provider>\n<EventID Qualifiers=\"\">36887</EventID>\n<Version>0</Version>\n<Level>2</Level>\n<Task>0</Task>\n<Opcode>0</Opcode>\n<Keywords>0x8000000000000000</Keywords>\n<TimeCreated SystemTime=\"2024-12-18 23:49:35.570545\"></TimeCreated>\n<EventRecordID>643</EventRecordID>\n<Correlation ActivityID=\"\" RelatedActivityID=\"\"></Correlation>\n<Execution ProcessID=\"448\" ThreadID=\"820\"></Execution>\n<Channel>System</Channel>\n<Computer>WIN-9HMG19S1CU8</Computer>\n<Security UserID=\"S-1-5-18\"></Security>\n</System>\n<EventData><Data Name=\"AlertDesc\">70</Data>\n</EventData>\n</Event>\n",
    "<Event xmlns=\"http://schemas.microsoft.com/win/2004/08/events/event\"><System><Provider Name=\"Schannel\" Guid=\"{1f678132-5938-4686-9fdc-c8ff68f15c85}\"></Provider>\n<EventID Qualifiers=\"\">36887</EventID>\n<Version>0</Version>\n<Level>2</Level>\n<Task>0</Task>\n<Opcode>0</Opcode>\n<Keywords>0x8000000000000000</Keywords>\n<TimeCreated SystemTime=\"2024-12-18 23:49:35.633745\"></TimeCreated>\n<EventRecordID>644</EventRecordID>\n<Correlation ActivityID=\"\" RelatedActivityID=\"\"></Correlation>\n<Execution ProcessID=\"448\" ThreadID=\"820\"></Execution>\n<Channel>System</Channel>\n<Computer>WIN-9HMG19S1CU8</Computer>\n<Security UserID=\"S-1-5-18\"></Security>\n</System>\n<EventData><Data Name=\"AlertDesc\">70</Data>\n</EventData>\n</Event>\n",
    "<Event xmlns=\"http://schemas.microsoft.com/win/2004/08/events/event\"><System><Provider Name=\"Schannel\" Guid=\"{1f678132-5938-4686-9fdc-c8ff68f15c85}\"></Provider>\n<EventID Qualifiers=\"\">36887</EventID>\n<Version>0</Version>\n<Level>2</Level>\n<Task>0</Task>\n<Opcode>0</Opcode>\n<Keywords>0x8000000000000000</Keywords>\n<TimeCreated SystemTime=\"2024-12-18 23:49:35.781548\"></TimeCreated>\n<EventRecordID>645</EventRecordID>\n<Correlation ActivityID=\"\" RelatedActivityID=\"\"></Correlation>\n<Execution ProcessID=\"448\" ThreadID=\"820\"></Execution>\n<Channel>System</Channel>\n<Computer>WIN-9HMG19S1CU8</Computer>\n<Security UserID=\"S-1-5-18\"></Security>\n</System>\n<EventData><Data Name=\"AlertDesc\">40</Data>\n</EventData>\n</Event>\n",
    "<Event xmlns=\"http://schemas.microsoft.com/win/2004/08/events/event\"><System><Provider Name=\"Schannel\" Guid=\"{1f678132-5938-4686-9fdc-c8ff68f15c85}\"></Provider>\n<EventID Qualifiers=\"\">36887</EventID>\n<Version>0</Version>\n<Level>2</Level>\n<Task>0</Task>\n<Opcode>0</Opcode>\n<Keywords>0x8000000000000000</Keywords>\n<TimeCreated SystemTime=\"2024-12-18 23:49:35.781548\"></TimeCreated>\n<EventRecordID>646</EventRecordID>\n<Correlation ActivityID=\"\" RelatedActivityID=\"\"></Correlation>\n<Execution ProcessID=\"448\" ThreadID=\"820\"></Execution>\n<Channel>System</Channel>\n<Computer>WIN-9HMG19S1CU8</Computer>\n<Security UserID=\"S-1-5-18\"></Security>\n</System>\n<EventData><Data Name=\"AlertDesc\">40</Data>\n</EventData>\n</Event>\n",
    "<Event xmlns=\"http://schemas.microsoft.com/win/2004/08/events/event\"><System><Provider Name=\"Schannel\" Guid=\"{1f678132-5938-4686-9fdc-c8ff68f15c85}\"></Provider>\n<EventID Qualifiers=\"\">36887</EventID>\n<Version>0</Version>\n<Level>2</Level>\n<Task>0</Task>\n<Opcode>0</Opcode>\n<Keywords>0x8000000000000000</Keywords>\n<TimeCreated SystemTime=\"2024-12-18 23:49:35.843948\"></TimeCreated>\n<EventRecordID>647</EventRecordID>\n<Correlation ActivityID=\"\" RelatedActivityID=\"\"></Correlation>\n<Execution ProcessID=\"448\" ThreadID=\"820\"></Execution>\n<Channel>System</Channel>\n<Computer>WIN-9HMG19S1CU8</Computer>\n<Security UserID=\"S-1-5-18\"></Security>\n</System>\n<EventData><Data Name=\"AlertDesc\">70</Data>\n</EventData>\n</Event>\n",
    "<Event xmlns=\"http://schemas.microsoft.com/win/2004/08/events/event\"><System><Provider Name=\"Schannel\" Guid=\"{1f678132-5938-4686-9fdc-c8ff68f15c85}\"></Provider>\n<EventID Qualifiers=\"\">36887</EventID>\n<Version>0</Version>\n<Level>2</Level>\n<Task>0</Task>\n<Opcode>0</Opcode>\n<Keywords>0x8000000000000000</Keywords>\n<TimeCreated SystemTime=\"2024-12-18 23:49:35.859549\"></TimeCreated>\n<EventRecordID>648</EventRecordID>\n<Correlation ActivityID=\"\" RelatedActivityID=\"\"></Correlation>\n<Execution ProcessID=\"448\" ThreadID=\"820\"></Execution>\n<Channel>System</Channel>\n<Computer>WIN-9HMG19S1CU8</Computer>\n<Security UserID=\"S-1-5-18\"></Security>\n</System>\n<EventData><Data Name=\"AlertDesc\">70</Data>\n</EventData>\n</Event>\n",
