    "<Event xmlns=\"http://schemas.microsoft.com/win/2004/08/events/event\"><System><Provider Name=\"Service Control Manager\" Guid=\"{555908d1-a6d7-4695-8e1e-26931d2012f4}\" EventSourceName=\"Service Control Manager\"></Provider>\n<EventID Qualifiers=\"16384\">7036</EventID>\n<Version>0</Version>\n<Level>4</Level>\n<Task>0</Task>\n<Opcode>0</Opcode>\n<Keywords>0x8080000000000000</Keywords>\n<TimeCreated SystemTime=\"2024-12-19 09:46:02.680426\"></TimeCreated>\n<EventRecordID>532</EventRecordID>\n<Correlation ActivityID=\"\" RelatedActivityID=\"\"></Correlation>\n<Execution ProcessID=\"432\" ThreadID=\"532\"></Execution>\n<Channel>System</Channel>\n<Computer>WIN-9HMG19S1CU8</Computer>\n<Security UserID=\"\"></Security>\n</System>\n<EventData><Data Name=\"param1\">Remote Procedure Call (RPC)</Data>\n<Data Name=\"param2\">running</Data>\n<Binary>UgBwAGMAUwBzAC8ANAAAAA==</Binary>\n</EventData>\n</Event>\n",
    "<Event xmlns=\"http://schemas.microsoft.com/win/2004/08/events/event\"><System><Provider Name=\"Microsoft-Windows-Kernel-General\" Guid=\"{a68ca8b7-004f-d7b6-a698-07e2de0f1f5d}\"></Provider>\n<EventID Qualifiers=\"\">1</EventID>\n<Version>0</Version>\n<Level>4</Level>\n<Task>0</Task>\n<Opcode>0</Opcode>\n<Keywords>0x8000000000000010</Keywords>\n<TimeCreated SystemTime=\"2024-12-19 09:46:23.350460\"></TimeCreated>\n<EventRecordID>533</EventRecordID>\n<Correlation ActivityID=\"\" RelatedActivityID=\"\"></Correlation>\n<Execution ProcessID=\"800\" ThreadID=\"804\"></Execution>\n<Channel>System</Channel>\n<Computer>WIN-9HMG19S1CU8</Computer>\n<Security UserID=\"S-1-5-18\"></Security>\n</System>\n<EventData><Data Name=\"NewTime\">2024-12-19 09:46:23.350460</Data>\n<Data Name=\"OldTime\">2024-12-19 09:46:23.350460</Data>\n</EventData>\n</Event>\n",
    "<Event xmlns=\"http://schemas.microsoft.com/win/2004/08/events/event\"><System><Provider Name=\"Microsoft-Windows-Kernel-General\" Guid=\"{a68ca8b7-004f-d7b6-a698-07e2de0f1f5d}\"></Provider>\n<EventID Qualifiers=\"\">1</EventID>\n<Version>0</Version>\n<Level>4</Level>\n<Task>0</Task>\n<Opcode>0</Opcode>\n<Keywords>0x8000000000000010</Keywords>\n<TimeCreated SystemTime=\"2024-12-18 23:46:23.349998\"></TimeCreated>\n<EventRecordID>534</EventRecordID>\n<Correlation ActivityID=\"\" RelatedActivityID=\"\"></Correlation>\n<Execution ProcessID=\"800\" ThreadID=\"804\"></Execution>\n<Channel>System</Channel>\n<Computer>WIN-9HMG19S1CU8</Computer>\n<Security UserID=\"S-1-5-18\"></Security>\n</System>\n<EventData><Data Name=\"NewTime\">2024-12-18 23:46:23.349998</Data>\n<Data Name=\"OldTime\">2024-12-19 09:46:23.350460</Data>\n</EventData>\n</Event>\n",
    "<Event xmlns=\"http://schemas.microsoft.com/win/2004/08/events/event\"><System><Provider Name=\"Service Control Manager\" Guid=\"{555908d1-a6d7-4695-8e1e-26931d2012f4}\" EventSourceName=\"Service Control Manager\"></Provider>\n<EventID Qualifiers=\"16384\">7036</EventID>\n<Version>0</Version>\n<Level>4</Level>\n<Task>0</Task>\n<Opcode>0</Opcode>\n<Keywords>0x8080000000000000</Keywords>\n<TimeCreated SystemTime=\"2024-12-18 23:46:23.568399\"></TimeCreated>\n<EventRecordID>535</EventRecordID>\n<Correlation ActivityID=\"\" RelatedActivityID=\"\"></Correlation>\n<Execution ProcessID=\"432\" ThreadID=\"848\"></Execution>\n<Channel>System</Channel>\n<Computer>WIN-9HMG19S1CU8</Computer>\n<Security UserID=\"\"></Security>\n</System>\n<EventData><Data Name=\"param1\">Software Protection</Data>\n<Data Name=\"param2\">running</Data>\n<Binary>cwBwAHAAcwB2AGMALwA0AAAA</Binary>\n</EventData>\n</Event>\n",
    "<Event xmlns=\"http://schemas.microsoft.com/win/2004/08/events/event\"><System><Provider Name=\"Service Control Manager\" Guid=\"{555908d1-a6d7-4695-8e1e-26931d2012f4}\" EventSourceName=\"Service Control Manager\"></Provider>\n<EventID Qualifiers=\"16384\">7036</EventID>\n<Version>0</Version>\n<Level>4</Level>\n<Task>0</Task>\n<Opcode>0</Opcode>\n<Keywords>0x8080000000000000</Keywords>\n<TimeCreated SystemTime=\"2024-12-18 23:46:24.598001\"></TimeCreated>\n<EventRecordID>536</EventRecordID>\n<Correlation ActivityID=\"\" RelatedActivityID=\"\"></Correlation>\n<Execution ProcessID=\"432\" ThreadID=\"532\"></Execution>\n<Channel>System</Channel>\n<Computer>WIN-9HMG19S1CU8</Computer>\n<Security UserID=\"\"></Security>\n</System>\n<EventData><Data Name=\"param1\">Multimedia Class Scheduler</Data>\n<Data Name=\"param2\">running</Data>\n<Binary>TQBNAEMAUwBTAC8ANAAAAA==</Binary>\n</EventData>\n</Event>\n",
    "<Event xmlns=\"http://schemas.microsoft.com/win/2004/08/events/event\"><System><Provider Name=\"Service Control Manager\" Guid=\"{555908d1-a6d7-4695-8e1e-26931d2012f4}\" EventSourceName=\"Service Control Manager\"></Provider>\n<EventID Qualifiers=\"16384\">7036</EventID>\n<Version>0</Version>\n<Level>4</Level>\n<Task>0</Task>\n<Opcode>0</Opcode>\n<Keywords>0x8080000000000000</Keywords>\n<TimeCreated SystemTime=\"2024-12-18 23:46:24.613602\"></TimeCreated>\n<EventRecordID>537</EventRecordID>\n<Correlation ActivityID=\"\" RelatedActivityID=\"\"></Correlation>\n<Execution ProcessID=\"432\" ThreadID=\"532\"></Execution>\n<Channel>System</Channel>\n<Computer>WIN-9HMG19S1CU8</Computer>\n<Security UserID=\"\"></Security>\n</System>\n<EventData><Data Name=\"param1\">Windows Audio Endpoint Builder</Data>\n<Data Name=\"param2\">running</Data>\n<Binary>QQB1AGQAaQBvAEUAbgBkAHAAbwBpAG4AdABCAHUAaQBsAGQAZQByAC8ANAAAAA==</Binary>\n</EventData>\n</Event>\n",
    "<Event xmlns=\"http://schemas.microsoft.com/win/2004/08/events/event\"><System><Provider Name=\"Service Control Manager\" Guid=\"{555908d1-a6d7-4695-8e1e-26931d2012f4}\" EventSourceName=\"Service Control Manager\"></Provider>\n<EventID Qualifiers=\"16384\">7036</EventID>\n<Version>0</Version>\n<Level>4</Level>\n<Task>0</Task>\n<Opcode>0</Opcode>\n<Keywords>0x8080000000000000</Keywords>\n<TimeCreated SystemTime=\"2024-12-18 23:46:25.502802\"></TimeCreated>\n<EventRecordID>538</EventRecordID>\n<Correlation ActivityID=\"\" RelatedActivityID=\"\"></Correlation>\n<Execution ProcessID=\"432\" ThreadID=\"848\"></Execution>\n<Channel>System</Channel>\n<Computer>WIN-9HMG19S1CU8</Computer>\n<Security UserID=\"\"></Security>\n</System>\n<EventData><Data Name=\"param1\">Windows Audio</Data>\n<Data Name=\"param2\">running</Data>\n<Binary>QQB1AGQAaQBvAFMAcgB2AC8ANAAAAA==</Binary>\n</EventData>\n</Event>\n",
    "<Event xmlns=\"http://schemas.microsoft.com/win/2004/08/events/event\"><System><Provider Name=\"Service Control Manager\" Guid=\"{555908d1-a6d7-4695-8e1e-26931d2012f4}\" EventSourceName=\"Service Control Manager\"></Provider>\n<EventID Qualifiers=\"16384\">7036</EventID>\n<Version>0</Version>\n<Level>4</Level>\n<Task>0</Task>\n<Opcode>0</Opcode>\n<Keywords>0x8080000000000000</Keywords>\n<TimeCreated SystemTime=\"2024-12-18 23:46:31.025211\"></TimeCreated>\n<EventRecordID>539</EventRecordID>\n<Correlation ActivityID=\"\" RelatedActivityID=\"\"></Correlation>\n<Execution ProcessID=\"432\" ThreadID=\"848\"></Execution>\n<Channel>System</Channel>\n<Computer>WIN-9HMG19S1CU8</Computer>\n<Security UserID=\"\"></Security>\n</System>\n<EventData><Data Name=\"param1\">Network Store Interface Service</Data>\n<Data Name=\"param2\">running</Data>\n<Binary>bgBzAGkALwA0AAAA</Binary>\n</EventData>\n</Event>\n",
    "<Event xmlns=\"http://schemas.microsoft.com/win/2004/08/events/event\"><System><Provider Name=\"Service Control Manager\" Guid=\"{555908d1-a6d7-4695-8e1e-26931d2012f4}\" EventSourceName=\"Service Control Manager\"></Provider>\n<EventID Qualifiers=\"16384\">7036</EventID>\n<Version>0</Version>\n<Level>4</Level>\n<Task>0</Task>\n<Opcode>0</Opcode>\n<Keywords>0x8080000000000000</Keywords>\n<TimeCreated SystemTime=\"2024-12-18 23:46:36.578823\"></TimeCreated>\n<EventRecordID>540</EventRecordID>\n<Correlation ActivityID=\"\" RelatedActivityID=\"\"></Correlation>\n<Execution ProcessID=\"432\" ThreadID=\"848\"></Execution>\n<Channel>System</Channel>\n<Computer>WIN-9HMG19S1CU8</Computer>\n<Security UserID=\"\"></Security>\n</System>\n<EventData><Data Name=\"param1\">Network Location Awareness</Data>\n<Data Name=\"param2\">running</Data>\n<Binary>TgBsAGEAUwB2AGMALwA0AAAA</Binary>\n</EventData>\n</Event>\n",
    "<Event xmlns=\"http://schemas.microsoft.com/win/2004/08/events/event\"><System><Provider Name=\"Service Control Manager\" Guid=\"{555908d1-a6d7-4695-8e1e-26931d2012f4}\" EventSourceName=\"Service Control Manager\"></Provider>\n<EventID Qualifiers=\"16384\">7036</EventID>\n<Version>0</Version>\n<Level>4</Level>\n<Task>0</Task>\n<Opcode>0</Opcode>\n<Keywords>0x8080000000000000</Keywords>\n<TimeCreated SystemTime=\"2024-12-18 23:46:36.594423\"></TimeCreated>\n<EventRecordID>541</EventRecordID>\n<Correlation ActivityID=\"\" RelatedActivityID=\"\"></Correlation>\n<Execution ProcessID=\"432\" ThreadID=\"532\"></Execution>\n<Channel>System</Channel>\n<Computer>WIN-9HMG19S1CU8</Computer>\n<Security UserID=\"\"></Security>\n</System>\n<EventData><Data Name=\"param1\">Network List Service</Data>\n<Data Name=\"param2\">running</Data>\n<Binary>bgBlAHQAcAByAG8AZgBtAC8ANAAAAA==</Binary>\n</EventData>\n</Event>\n",
    "<Event xmlns=\"http://schemas.microsoft.com/win/2004/08/events/event\"><System><Provider Name=\"Microsoft-Windows-FilterManager\" Guid=\"{f3c5e28e-63f6-49c7-a204-e48a1bc4b09d}\"></Provider>\n<EventID Qualifiers=\"\">6</EventID>\n<Version>0</Version>\n<Level>4</Level>\n<Task>0</Task>\n<Opcode>0</Opcode>\n<Keywords>0x8000000000000000</Keywords>\n<TimeCreated SystemTime=\"2024-12-18 23:46:37.592825\"></TimeCreated>\n<EventRecordID>542</EventRecordID>\n<Correlation ActivityID=\"\" RelatedActivityID=\"\"></Correlation>\n<Execution ProcessID=\"4\" ThreadID=\"52\"></Execution>\n<Channel>System</Channel>\n<Computer>WIN-9HMG19S1CU8</Computer>\n<Security UserID=\"S-1-5-18\"></Security>\n</System>\n<EventData><Data Name=\"FinalStatus\">0x00000000</Data>\n<Data Name=\"DeviceVersionMajor\">6</Data>\n<Data Name=\"DeviceVersionMinor\">1</Data>\n<Data Name=\"DeviceNameLength\">5</Data>\n<Data Name=\"DeviceName\">luafv</Data>\n<Data Name=\"DeviceTime\">2009-07-14 01:26:13</Data>\n</EventData>\n</Event>\n",
    "<Event xmlns=\"http://schemas.microsoft.com/win/2004/08/events/event\"><System><Provider Name=\"Service Control Manager\" Guid=\"{555908d1-a6d7-4695-8e1e-26931d2012f4}\" EventSourceName=\"Service Control Manager\"></Provider>\n<EventID Qualifiers=\"16384\">7036</EventID>\n<Version>0</Version>\n<Level>4</Level>\n<Task>0</Task>\n<Opcode>0</Opcode>\n<Keywords>0x8080000000000000</Keywords>\n<TimeCreated SystemTime=\"2024-12-18 23:46:37.608425\"></TimeCreated>\n<EventRecordID>543</EventRecordID>\n<Correlation ActivityID=\"\" RelatedActivityID=\"\"></Correlation>\n<Execution ProcessID=\"432\" ThreadID=\"848\"></Execution>\n<Channel>System</Channel>\n<Computer>WIN-9HMG19S1CU8</Computer>\n<Security UserID=\"\"></Security>\n</System>\n<EventData><Data Name=\"param1\">Windows Event Log</Data>\n<Data Name=\"param2\">running</Data>\n<Binary>ZQB2AGUAbgB0AGwAbwBnAC8ANAAAAA==</Binary>\n</EventData>\n</Event>\n",
    "<Event xmlns=\"http://schemas.microsoft.com/win/2004/08/events/event\"><System><Provider Name=\"Service Control Manager\" Guid=\"{555908d1-a6d7-4695-8e1e-26931d2012f4}\" EventSourceName=\"Service Control Manager\"></Provider>\n<EventID Qualifiers=\"16384\">7036</EventID>\n<Version>0</Version>\n<Level>4</Level>\n<Task>0</Task>\n<Opcode>0</Opcode>\n<Keywords>0x8080000000000000</Keywords>\n<TimeCreated SystemTime=\"2024-12-18 23:46:37.639626\"></TimeCreated>\n<EventRecordID>544</EventRecordID>\n<Correlation ActivityID=\"\" RelatedActivityID=\"\"></Correlation>\n<Execution ProcessID=\"432\" ThreadID=\"848\"></Execution>\n<Channel>System</Channel>\n<Computer>WIN-9HMG19S1CU8</Computer>\n<Security UserID=\"\"></Security>\n</System>\n<EventData><Data Name=\"param1\">Themes</Data>\n<Data Name=\"param2\">running</Data>\n<Binary>VABoAGUAbQBlAHMALwA0AAAA</Binary>\n</EventData>\n</Event>\n",
    "<Event xmlns=\"http://schemas.microsoft.com/win/2004/08/events/event\"><System><Provider Name=\"Service Control Manager\" Guid=\"{555908d1-a6d7-4695-8e1e-26931d2012f4}\" EventSourceName=\"Service Control Manager\"></Provider>\n<EventID Qualifiers=\"16384\">7036</EventID>\n<Version>0</Version>\n<Level>4</Level>\n<Task>0</Task>\n<Opcode>0</Opcode>\n<Keywords>0x8080000000000000</Keywords>\n<TimeCreated SystemTime=\"2024-12-18 23:46:37.655226\"></TimeCreated>\n<EventRecordID>545</EventRecordID>\n<Correlation ActivityID=\"\" RelatedActivityID=\"\"></Correlation>\n<Execution ProcessID=\"432\" ThreadID=\"760\"></Execution>\n<Channel>System</Channel>\n<Computer>WIN-9HMG19S1CU8</Computer>\n<Security UserID=\"\"></Security>\n</System>\n<EventData><Data Name=\"param1\">Group Policy Client</Data>\n<Data Name=\"param2\">running</Data>\n<Binary>ZwBwAHMAdgBjAC8ANAAAAA==</Binary>\n</EventData>\n</Event>\n",
    "<Event xmlns=\"http://schemas.microsoft.com/win/2004/08/events/event\"><System><Provider Name=\"Service Control Manager\" Guid=\"{555908d1-a6d7-4695-8e1e-26931d2012f4}\" EventSourceName=\"Service Control Manager\"></Provider>\n<EventID Qualifiers=\"16384\">7036</EventID>\n<Version>0</Version>\n<Level>4</Level>\n<Task>0</Task>\n<Opcode>0</Opcode>\n<Keywords>0x8080000000000000</Keywords>\n<TimeCreated SystemTime=\"2024-12-18 23:46:37.655226\"></TimeCreated>\n<EventRecordID>546</EventRecordID>\n<Correlation ActivityID=\"\" RelatedActivityID=\"\"></Correlation>\n<Execution ProcessID=\"432\" ThreadID=\"536\"></Execution>\n<Channel>System</Channel>\n<Computer>WIN-9HMG19S1CU8</Computer>\n<Security UserID=\"\"></Security>\n</System>\n<EventData><Data Name=\"param1\">User Profile Service</Data>\n<Data Name=\"param2\">running</Data>\n<Binary>UAByAG8AZgBTAHYAYwAvADQAAAA=</Binary>\n</EventData>\n</Event>\n",
    "<Event xmlns=\"http://schemas.microsoft.com/win/2004/08/events/event\"><System><Provider Name=\"Service Control Manager\" Guid=\"{555908d1-a6d7-4695-8e1e-26931d2012f4}\" EventSourceName=\"Service Control Manager\"></Provider>\n<EventID Qualifiers=\"16384\">7036</EventID>\n<Version>0</Version>\n<Level>4</Level>\n<Task>0</Task>\n<Opcode>0</Opcode>\n<Keywords>0x8080000000000000</Keywords>\n<TimeCreated SystemTime=\"2024-12-18 23:46:37.655226\"></TimeCreated>\n<EventRecordID>547</EventRecordID>\n<Correlation ActivityID=\"\" RelatedActivityID=\"\"></Correlation>\n<Execution ProcessID=\"432\" ThreadID=\"536\"></Execution>\n<Channel>System</Channel>\n<Computer>WIN-9HMG19S1CU8</Computer>\n<Security UserID=\"\"></Security>\n</System>\n<EventData><Data Name=\"param1\">Offline Files</Data>\n<Data Name=\"param2\">running</Data>\n<Binary>QwBzAGMAUwBlAHIAdgBpAGMAZQAvADQAAAA=</Binary>\n</EventData>\n</Event>\n",
    "<Event xmlns=\"http://schemas.microsoft.com/win/2004/08/events/event\"><System><Provider Name=\"Service Control Manager\" Guid=\"{555908d1-a6d7-4695-8e1e-26931d2012f4}\" EventSourceName=\"Service Control Manager\"></Provider>\n<EventID Qualifiers=\"16384\">7036</EventID>\n<Version>0</Version>\n<Level>4</Level>\n<Task>0</Task>\n<Opcode>0</Opcode>\n<Keywords>0x8080000000000000</Keywords>\n<TimeCreated SystemTime=\"2024-12-18 23:46:37.795626\"></TimeCreated>\n<EventRecordID>548</EventRecordID>\n<Correlation ActivityID=\"\" RelatedActivityID=\"\"></Correlation>\n<Execution ProcessID=\"432\" ThreadID=\"536\"></Execution>\n<Channel>System</Channel>\n<Computer>WIN-9HMG19S1CU8</Computer>\n<Security UserID=\"\"></Security>\n</System>\n<EventData><Data Name=\"param1\">COM+ Event System</Data>\n<Data Name=\"param2\">running</Data>\n<Binary>RQB2AGUAbgB0AFMAeQBzAHQAZQBtAC8ANAAAAA==</Binary>\n</EventData>\n</Event>\n",
    "<Event xmlns=\"http://schemas.microsoft.com/win/2004/08/events/event\"><System><Provider Name=\"Service Control Manager\" Guid=\"{555908d1-a6d7-4695-8e1e-26931d2012f4}\" EventSourceName=\"Service Control Manager\"></Provider>\n<EventID Qualifiers=\"16384\">7036</EventID>\n<Version>0</Version>\n<Level>4</Level>\n<Task>0</Task>\n<Opcode>0</Opcode>\n<Keywords>0x8080000000000000</Keywords>\n<TimeCreated SystemTime=\"2024-12-18 23:46:37.795626\"></TimeCreated>\n<EventRecordID>549</EventRecordID>\n<Correlation ActivityID=\"\" RelatedActivityID=\"\"></Correlation>\n<Execution ProcessID=\"432\" ThreadID=\"536\"></Execution>\n<Channel>System</Channel>\n<Computer>WIN-9HMG19S1CU8</Computer>\n<Security UserID=\"\"></Security>\n</System>\n<EventData><Data Name=\"param1\">System Event Notification Service</Data>\n<Data Name=\"param2\">running</Data>\n<Binary>UwBFAE4AUwAvADQAAAA=</Binary>\n</EventData>\n</Event>\n",
    "<Event xmlns=\"http://schemas.microsoft.com/win/2004/08/events/event\"><System><Provider Name=\"Service Control Manager\" Guid=\"{555908d1-a6d7-4695-8e1e-26931d2012f4}\" EventSourceName=\"Service Control Manager\"></Provider>\n<EventID Qualifiers=\"16384\">7036</EventID>\n<Version>0</Version>\n<Level>4</Level>\n<Task>0</Task>\n<Opcode>0</Opcode>\n<Keywords>0x8080000000000000</Keywords>\n<TimeCreated SystemTime=\"2024-12-18 23:46:40.385229\"></TimeCreated>\n<EventRecordID>550</EventRecordID>\n<Correlation ActivityID=\"\" RelatedActivityID=\"\"></Correlation>\n<Execution ProcessID=\"432\" ThreadID=\"536\"></Execution>\n<Channel>System</Channel>\n<Computer>WIN-9HMG19S1CU8</Computer>\n<Security UserID=\"\"></Security>\n</System>\n<EventData><Data Name=\"param1\">Windows Modules Installer</Data>\n<Data Name=\"param2\">running</Data>\n<Binary>VAByAHUAcwB0AGUAZABJAG4AcwB0AGEAbABsAGUAcgAvADQAAAA=</Binary>\n</EventData>\n</Event>\n",
    "<Event xmlns=\"http://schemas.microsoft.com/win/2004/08/events/event\"><System><Provider Name=\"Service Control Manager\" Guid=\"{555908d1-a6d7-4695-8e1e-26931d2012f4}\" EventSourceName=\"Service Control Manager\"></Provider>\n<EventID Qualifiers=\"16384\">7036</EventID>\n<Version>0</Version>\n<Level>4</Level>\n<Task>0</Task>\n<Opcode>0</Opcode>\n<Keywords>0x8080000000000000</Keywords>\n<TimeCreated SystemTime=\"2024-12-18 23:46:40.400829\"></TimeCreated>\n<EventRecordID>551</EventRecordID>\n<Correlation ActivityID=\"\" RelatedActivityID=\"\"></Correlation>\n<Execution ProcessID=\"432\" ThreadID=\"536\"></Execution>\n<Channel>System</Channel>\n<Computer>WIN-9HMG19S1CU8</Computer>\n<Security UserID=\"\"></Security>\n</System>\n<EventData><Data Name=\"param1\">Desktop Window Manager Session Manager</Data>\n<Data Name=\"param2\">running</Data>\n<Binary>VQB4AFMAbQBzAC8ANAAAAA==</Binary>\n</EventData>\n</Event>\n",
    "<Event xmlns=\"http://schemas.microsoft.com/win/2004/08/events/event\"><System><Provider Name=\"Service Control Manager\" Guid=\"{555908d1-a6d7-4695-8e1e-26931d2012f4}\" EventSourceName=\"Service Control Manager\"></Provider>\n<EventID Qualifiers=\"16384\">7036</EventID>\n<Version>0</Version>\n<Level>4</Level>\n<Task>0</Task>\n<Opcode>0</Opcode>\n<Keywords>0x8080000000000000</Keywords>\n<TimeCreated SystemTime=\"2024-12-18 23:46:40.400829\"></TimeCreated>\n<EventRecordID>552</EventRecordID>\n<Correlation ActivityID=\"\" RelatedActivityID=\"\"></Correlation>\n<Execution ProcessID=\"432\" ThreadID=\"536\"></Execution>\n<Channel>System</Channel>\n<Computer>WIN-9HMG19S1CU8</Computer>\n<Security UserID=\"\"></Security>\n</System>\n<EventData><Data Name=\"param1\">Security Accounts Manager</Data>\n<Data Name=\"param2\">running</Data>\n<Binary>UwBhAG0AUwBzAC8ANAAAAA==</Binary>\n</EventData>\n</Event>\n",
    "<Event xmlns=\"http://schemas.microsoft.com/win/2004/08/events/event\"><System><Provider Name=\"Microsoft-Windows-Dhcp-Client\" Guid=\"{15a7a4f8-0072-4eab-abad-f98a4d666aed}\"></Provider>\n<EventID Qualifiers=\"\">50036</EventID>\n<Version>0</Version>\n<Level>4</Level>\n<Task>4</Task>\n<Opcode>68</Opcode>\n<Keywords>0x2000000000000000</Keywords>\n<TimeCreated SystemTime=\"2024-12-18 23:46:40.416430\"></TimeCreated>\n<EventRecordID>553</EventRecordID>\n<Correlation ActivityID=\"\" RelatedActivityID=\"\"></Correlation>\n<Execution ProcessID=\"952\" ThreadID=\"860\"></Execution>\n<Channel>System</Channel>\n<Computer>WIN-9HMG19S1CU8</Computer>\n<Security UserID=\"S-1-5-19\"></Security>\n</System>\n<EventData></EventData>\n</Event>\n",
    "<Event xmlns=\"http://schemas.microsoft.com/win/2004/08/events/event\"><System><Provider Name=\"Service Control Manager\" Guid=\"{555908d1-a6d7-4695-8e1e-26931d2012f4}\" EventSourceName=\"Service Control Manager\"></Provider>\n<EventID Qualifiers=\"16384\">7036</EventID>\n<Version>0</Version>\n<Level>4</Level>\n<Task>0</Task>\n<Opcode>0</Opcode>\n<Keywords>0x8080000000000000</Keywords>\n<TimeCreated SystemTime=\"2024-12-18 23:46:40.432030\"></TimeCreated>\n<EventRecordID>554</EventRecordID>\n<Correlation ActivityID=\"\" RelatedActivityID=\"\"></Correlation>\n<Execution ProcessID=\"432\" ThreadID=\"536\"></Execution>\n<Channel>System</Channel>\n<Computer>WIN-9HMG19S1CU8</Computer>\n<Security UserID=\"\"></Security>\n</System>\n<EventData><Data Name=\"param1\">TCP/IP NetBIOS Helper</Data>\n<Data Name=\"param2\">running</Data>\n<Binary>bABtAGgAbwBzAHQAcwAvADQAAAA=</Binary>\n</EventData>\n</Event>\n",
    "<Event xmlns=\"http://schemas.microsoft.com/win/2004/08/events/event\"><System><Provider Name=\"Microsoft-Windows-DHCPv6-Client\" Guid=\"{6a1f2b00-6a90-4c38-95a5-5cab3b056778}\"></Provider>\n<EventID Qualifiers=\"\">51046</EventID>\n<Version>0</Version>\n<Level>4</Level>\n<Task>4</Task>\n<Opcode>62</Opcode>\n<Keywords>0x2000000000000000</Keywords>\n<TimeCreated SystemTime=\"2024-12-18 23:46:40.432030\"></TimeCreated>\n<EventRecordID>555</EventRecordID>\n<Correlation ActivityID=\"\" RelatedActivityID=\"\"></Correlation>\n<Execution ProcessID=\"952\" ThreadID=\"1036\"></Execution>\n<Channel>System</Channel>\n<Computer>WIN-9HMG19S1CU8</Computer>\n<Security UserID=\"S-1-5-19\"></Security>\n</System>\n<EventData></EventData>\n</Event>\n",
    "<Event xmlns=\"http://schemas.microsoft.com/win/2004/08/events/event\"><System><Provider Name=\"Service Control Manager\" Guid=\"{555908d1-a6d7-4695-8e1e-26931d2012f4}\" EventSourceName=\"Service Control Manager\"></Provider>\n<EventID Qualifiers=\"16384\">7036</EventID>\n<Version>0</Version>\n<Level>4</Level>\n<Task>0</Task>\n<Opcode>0</Opcode>\n<Keywords>0x8080000000000000</Keywords>\n<TimeCreated SystemTime=\"2024-12-18 23:46:40.432030\"></TimeCreated>\n<EventRecordID>556</EventRecordID>\n<Correlation ActivityID=\"\" RelatedActivityID=\"\"></Correlation>\n<Execution ProcessID=\"432\" ThreadID=\"628\"></Execution>\n<Channel>System</Channel>\n<Computer>WIN-9HMG19S1CU8</Computer>\n<Security UserID=\"\"></Security>\n</System>\n<EventData><Data Name=\"param1\">DHCP Client</Data>\n<Data Name=\"param2\">running</Data>\n<Binary>RABoAGMAcAAvADQAAAA=</Binary>\n</EventData>\n</Event>\n",
    "<Event xmlns=\"http://schemas.microsoft.com/win/2004/08/events/event\"><System><Provider Name=\"Service Control Manager\" Guid=\"{555908d1-a6d7-4695-8e1e-26931d2012f4}\" EventSourceName=\"Service Control Manager\"></Provider>\n<EventID Qualifiers=\"16384\">7036</EventID>\n<Version>0</Version>\n<Level>4</Level>\n<Task>0</Task>\n<Opcode>0</Opcode>\n<Keywords>0x8080000000000000</Keywords>\n<TimeCreated SystemTime=\"2024-12-18 23:46:40.432030\"></TimeCreated>\n<EventRecordID>557</EventRecordID>\n<Correlation ActivityID=\"\" RelatedActivityID=\"\"></Correlation>\n<Execution ProcessID=\"432\" ThreadID=\"628\"></Execution>\n<Channel>System</Channel>\n<Computer>WIN-9HMG19S1CU8</Computer>\n<Security UserID=\"\"></Security>\n</System>\n<EventData><Data Name=\"param1\">DNS Client</Data>\n<Data Name=\"param2\">running</Data>\n<Binary>RABuAHMAYwBhAGMAaABlAC8ANAAAAA==</Binary>\n</EventData>\n</Event>\n",
    "<Event xmlns=\"http://schemas.microsoft.com/win/2004/08/events/event\"><System><Provider Name=\"Service Control Manager\" Guid=\"{555908d1-a6d7-4695-8e1e-26931d2012f4}\" EventSourceName=\"Service Control Manager\"></Provider>\n<EventID Qualifiers=\"16384\">7036</EventID>\n<Version>0</Version>\n<Level>4</Level>\n<Task>0</Task>\n<Opcode>0</Opcode>\n<Keywords>0x8080000000000000</Keywords>\n<TimeCreated SystemTime=\"2024-12-18 23:46:40.447630\"></TimeCreated>\n<EventRecordID>558</EventRecordID>\n<Correlation ActivityID=\"\" RelatedActivityID=\"\"></Correlation>\n<Execution ProcessID=\"432\" ThreadID=\"628\"></Execution>\n<Channel>System</Channel>\n<Computer>WIN-9HMG19S1CU8</Computer>\n<Security UserID=\"\"></Security>\n</System>\n<EventData><Data Name=\"param1\">Shell Hardware Detection</Data>\n<Data Name=\"param2\">running</Data>\n<Binary>UwBoAGUAbABsAEgAVwBEAGUAdABlAGMAdABpAG8AbgAvADQAAAA=</Binary>\n</EventData>\n</Event>\n",
    "<Event xmlns=\"http://schemas.microsoft.com/win/2004/08/events/event\"><System><Provider Name=\"Service Control Manager\" Guid=\"{555908d1-a6d7-4695-8e1e-26931d2012f4}\" EventSourceName=\"Service Control Manager\"></Provider>\n<EventID Qualifiers=\"16384\">7036</EventID>\n<Version>0</Version>\n<Level>4</Level>\n<Task>0</Task>\n<Opcode>0</Opcode>\n<Keywords>0x8080000000000000</Keywords>\n<TimeCreated SystemTime=\"2024-12-18 23:46:40.588030\"></TimeCreated>\n<EventRecordID>559</EventRecordID>\n<Correlation ActivityID=\"\" RelatedActivityID=\"\"></Correlation>\n<Execution ProcessID=\"432\" ThreadID=\"628\"></Execution>\n<Channel>System</Channel>\n<Computer>WIN-9HMG19S1CU8</Computer>\n<Security UserID=\"\"></Security>\n</System>\n<EventData><Data Name=\"param1\">Task Scheduler</Data>\n<Data Name=\"param2\">running</Data>\n<Binary>UwBjAGgAZQBkAHUAbABlAC8ANAAAAA==</Binary>\n</EventData>\n</Event>\n",
    "<Event xmlns=\"http://schemas.microsoft.com/win/2004/08/events/event\"><System><Provider Name=\"Service Control Manager\" Guid=\"{555908d1-a6d7-4695-8e1e-26931d2012f4}\" EventSourceName=\"Service Control Manager\"></Provider>\n<EventID Qualifiers=\"16384\">7036</EventID>\n<Version>0</Version>\n<Level>4</Level>\n<Task>0</Task>\n<Opcode>0</Opcode>\n<Keywords>0x8080000000000000</Keywords>\n<TimeCreated SystemTime=\"2024-12-18 23:46:40.619230\"></TimeCreated>\n<EventRecordID>560</EventRecordID>\n<Correlation ActivityID=\"\" RelatedActivityID=\"\"></Correlation>\n<Execution ProcessID=\"432\" ThreadID=\"532\"></Execution>\n<Channel>System</Channel>\n<Computer>WIN-9HMG19S1CU8</Computer>\n<Security UserID=\"\"></Security>\n</System>\n<EventData><Data Name=\"param1\">Print Spooler</Data>\n<Data Name=\"param2\">running</Data>\n<Binary>UwBwAG8AbwBsAGUAcgAvADQAAAA=</Binary>\n</EventData>\n</Event>\n",
    "<Event xmlns=\"http://schemas.microsoft.com/win/2004/08/events/event\"><System><Provider Name=\"Service Control Manager\" Guid=\"{555908d1-a6d7-4695-8e1e-26931d2012f4}\" EventSourceName=\"Service Control Manager\"></Provider>\n<EventID Qualifiers=\"16384\">7036</EventID>\n<Version>0</Version>\n<Level>4</Level>\n<Task>0</Task>\n<Opcode>0</Opcode>\n<Keywords>0x8080000000000000</Keywords>\n<TimeCreated SystemTime=\"2024-12-18 23:46:40.759630\"></TimeCreated>\n<EventRecordID>561</EventRecordID>\n<Correlation ActivityID=\"\" RelatedActivityID=\"\"></Correlation>\n<Execution ProcessID=\"432\" ThreadID=\"532\"></Execution>\n<Channel>System</Channel>\n<Computer>WIN-9HMG19S1CU8</Computer>\n<Security UserID=\"\"></Security>\n</System>\n<EventData><Data Name=\"param1\">Base Filtering Engine</Data>\n<Data Name=\"param2\">running</Data>\n<Binary>QgBGAEUALwA0AAAA</Binary>\n</EventData>\n</Event>\n",
    "<Event xmlns=\"http://schemas.microsoft.com/win/2004/08/events/event\"><System><Provider Name=\"Service Control Manager\" Guid=\"{555908d1-a6d7-4695-8e1e-26931d2012f4}\" EventSourceName=\"Service Control Manager\"></Provider>\n<EventID Qualifiers=\"16384\">7036</EventID>\n<Version>0</Version>\n<Level>4</Level>\n<Task>0</Task>\n<Opcode>0</Opcode>\n<Keywords>0x8080000000000000</Keywords>\n<TimeCreated SystemTime=\"2024-12-18 23:46:40.837629\"></TimeCreated>\n<EventRecordID>562</EventRecordID>\n<Correlation ActivityID=\"\" RelatedActivityID=\"\"></Correlation>\n<Execution ProcessID=\"432\" ThreadID=\"532\"></Execution>\n<Channel>System</Channel>\n<Computer>WIN-9HMG19S1CU8</Computer>\n<Security UserID=\"\"></Security>\n</System>\n<EventData><Data Name=\"param1\">Windows Firewall</Data>\n<Data Name=\"param2\">running</Data>\n<Binary>TQBwAHMAUwB2AGMALwA0AAAA</Binary>\n</EventData>\n</Event>\n",
    "<Event xmlns=\"http://schemas.microsoft.com/win/2004/08/events/event\"><System><Provider Name=\"Service Control Manager\" Guid=\"{555908d1-a6d7-4695-8e1e-26931d2012f4}\" EventSourceName=\"Service Control Manager\"></Provider>\n<EventID Qualifiers=\"16384\">7036</EventID>\n<Version>0</Version>\n<Level>4</Level>\n<Task>0</Task>\n<Opcode>0</Opcode>\n<Keywords>0x8080000000000000</Keywords>\n<TimeCreated SystemTime=\"2024-12-18 23:46:40.853230\"></TimeCreated>\n<EventRecordID>563</EventRecordID>\n<Correlation ActivityID=\"\" RelatedActivityID=\"\"></Correlation>\n<Execution ProcessID=\"432\" ThreadID=\"532\"></Execution>\n<Channel>System</Channel>\n<Computer>WIN-9HMG19S1CU8</Computer>\n<Security UserID=\"\"></Security>\n</System>\n<EventData><Data Name=\"param1\">Workstation</Data>\n<Data Name=\"param2\">running</Data>\n<Binary>TABhAG4AbQBhAG4AVwBvAHIAawBzAHQAYQB0AGkAbwBuAC8ANAAAAA==</Binary>\n</EventData>\n</Event>\n",
    "<Event xmlns=\"http://schemas.microsoft.com/win/2004/08/events/event\"><System><Provider Name=\"Service Control Manager\" Guid=\"{555908d1-a6d7-4695-8e1e-26931d2012f4}\" EventSourceName=\"Service Control Manager\"></Provider>\n<EventID Qualifiers=\"16384\">7036</EventID>\n<Version>0</Version>\n<Level>4</Level>\n<Task>0</Task>\n<Opcode>0</Opcode>\n<Keywords>0x8080000000000000</Keywords>\n<TimeCreated SystemTime=\"2024-12-18 23:46:40.868830\"></TimeCreated>\n<EventRecordID>564</EventRecordID>\n<Correlation ActivityID=\"\" RelatedActivityID=\"\"></Correlation>\n<Execution ProcessID=\"432\" ThreadID=\"532\"></Execution>\n<Channel>System</Channel>\n<Computer>WIN-9HMG19S1CU8</Computer>\n<Security UserID=\"\"></Security>\n</System>\n<EventData><Data Name=\"param1\">Cryptographic Services</Data>\n<Data Name=\"param2\">running</Data>\n<Binary>QwByAHkAcAB0AFMAdgBjAC8ANAAAAA==</Binary>\n</EventData>\n</Event>\n",
    "<Event xmlns=\"http://schemas.microsoft.com/win/2004/08/events/event\"><System><Provider Name=\"Service Control Manager\" Guid=\"{555908d1-a6d7-4695-8e1e-26931d2012f4}\" EventSourceName=\"Service Control Manager\"></Provider>\n<EventID Qualifiers=\"16384\">7036</EventID>\n<Version>0</Version>\n<Level>4</Level>\n<Task>0</Task>\n<Opcode>0</Opcode>\n<Keywords>0x8080000000000000</Keywords>\n<TimeCreated SystemTime=\"2024-12-18 23:46:40.900030\"></TimeCreated>\n<EventRecordID>565</EventRecordID>\n<Correlation ActivityID=\"\" RelatedActivityID=\"\"></Correlation>\n<Execution ProcessID=\"432\" ThreadID=\"628\"></Execution>\n<Channel>System</Channel>\n<Computer>WIN-9HMG19S1CU8</Computer>\n<Security UserID=\"\"></Security>\n</System>\n<EventData><Data Name=\"param1\">Diagnostic Policy Service</Data>\n<Data Name=\"param2\">running</Data>\n<Binary>RABQAFMALwA0AAAA</Binary>\n</EventData>\n</Event>\n",
    "<Event xmlns=\"http://schemas.microsoft.com/win/2004/08/events/event\"><System><Provider Name=\"Service Control Manager\" Guid=\"{555908d1-a6d7-4695-8e1e-26931d2012f4}\" EventSourceName=\"Service Control Manager\"></Provider>\n<EventID Qualifiers=\"16384\">7036</EventID>\n<Version>0</Version>\n<Level>4</Level>\n<Task>0</Task>\n<Opcode>0</Opcode>\n<Keywords>0x8080000000000000</Keywords>\n<TimeCreated SystemTime=\"2024-12-18 23:46:41.024830\"></TimeCreated>\n<EventRecordID>566</EventRecordID>\n<Correlation ActivityID=\"\" RelatedActivityID=\"\"></Correlation>\n<Execution ProcessID=\"432\" ThreadID=\"532\"></Execution>\n<Channel>System</Channel>\n<Computer>WIN-9HMG19S1CU8</Computer>\n<Security UserID=\"\"></Security>\n</System>\n<EventData><Data Name=\"param1\">Superfetch</Data>\n<Data Name=\"param2\">running</Data>\n<Binary>UwB5AHMATQBhAGkAbgAvADQAAAA=</Binary>\n</EventData>\n</Event>\n",
    "<Event xmlns=\"http://schemas.microsoft.com/win/2004/08/events/event\"><System><Provider Name=\"Service Control Manager\" Guid=\"{555908d1-a6d7-4695-8e1e-26931d2012f4}\" EventSourceName=\"Service Control Manager\"></Provider>\n<EventID Qualifiers=\"16384\">7036</EventID>\n<Version>0</Version>\n<Level>4</Level>\n<Task>0</Task>\n<Opcode>0</Opcode>\n<Keywords>0x8080000000000000</Keywords>\n<TimeCreated SystemTime=\"2024-12-18 23:46:41.024830\"></TimeCreated>\n<EventRecordID>567</EventRecordID>\n<Correlation ActivityID=\"\" RelatedActivityID=\"\"></Correlation>\n<Execution ProcessID=\"432\" ThreadID=\"536\"></Execution>\n<Channel>System</Channel>\n<Computer>WIN-9HMG19S1CU8</Computer>\n<Security UserID=\"\"></Security>\n</System>\n<EventData><Data Name=\"param1\">Distributed Link Tracking Client</Data>\n<Data Name=\"param2\">running</Data>\n<Binary>VAByAGsAVwBrAHMALwA0AAAA</Binary>\n</EventData>\n</Event>\n",
    "<Event xmlns=\"http://schemas.microsoft.com/win/2004/08/events/event\"><System><Provider Name=\"Microsoft-Windows-Application-Experience\" Guid=\"{eef54e71-0661-422d-9a98-82fd4940b820}\"></Provider>\n<EventID Qualifiers=\"\">201</EventID>\n<Version>0</Version>\n<Level>4</Level>\n<Task>0</Task>\n<Opcode>0</Opcode>\n<Keywords>0x8000000000000000</Keywords>\n<TimeCreated SystemTime=\"2024-12-18 23:46:41.024830\"></TimeCreated>\n<EventRecordID>568</EventRecordID>\n<Correlation ActivityID=\"\" RelatedActivityID=\"\"></Correlation>\n<Execution ProcessID=\"880\" ThreadID=\"1304\"></Execution>\n<Channel>System</Channel>\n<Computer>WIN-9HMG19S1CU8</Computer>\n<Security UserID=\"S-1-5-18\"></Security>\n</System>\n<EventData></EventData>\n</Event>\n",
    "<Event xmlns=\"http://schemas.microsoft.com/win/2004/08/events/event\"><System><Provider Name=\"Service Control Manager\" Guid=\"{555908d1-a6d7-4695-8e1e-26931d2012f4}\" EventSourceName=\"Service Control Manager\"></Provider>\n<EventID Qualifiers=\"16384\">7036</EventID>\n<Version>0</Version>\n<Level>4</Level>\n<Task>0</Task>\n<Opcode>0</Opcode>\n<Keywords>0x8080000000000000</Keywords>\n<TimeCreated SystemTime=\"2024-12-18 23:46:41.024830\"></TimeCreated>\n<EventRecordID>569</EventRecordID>\n<Correlation ActivityID=\"\" RelatedActivityID=\"\"></Correlation>\n<Execution ProcessID=\"432\" ThreadID=\"532\"></Execution>\n<Channel>System</Channel>\n<Computer>WIN-9HMG19S1CU8</Computer>\n<Security UserID=\"\"></Security>\n</System>\n<EventData><Data Name=\"param1\">Program Compatibility Assistant Service</Data>\n<Data Name=\"param2\">running</Data>\n<Binary>UABjAGEAUwB2AGMALwA0AAAA</Binary>\n</EventData>\n</Event>\n",
    "<Event xmlns=\"http://schemas.microsoft.com/win/2004/08/events/event\"><System><Provider Name=\"Service Control Manager\" Guid=\"{555908d1-a6d7-4695-8e1e-26931d2012f4}\" EventSourceName=\"Service Control Manager\"></Provider>\n<EventID Qualifiers=\"16384\">7036</EventID>\n<Version>0</Version>\n<Level>4</Level>\n<Task>0</Task>\n<Opcode>0</Opcode>\n<Keywords>0x8080000000000000</Keywords>\n<TimeCreated SystemTime=\"2024-12-18 23:46:41.040430\"></TimeCreated>\n<EventRecordID>570</EventRecordID>\n<Correlation ActivityID=\"\" RelatedActivityID=\"\"></Correlation>\n<Execution ProcessID=\"432\" ThreadID=\"536\"></Execution>\n<Channel>System</Channel>\n<Computer>WIN-9HMG19S1CU8</Computer>\n<Security UserID=\"\"></Security>\n</System>\n<EventData><Data Name=\"param1\">Windows Management Instrumentation</Data>\n<Data Name=\"param2\">running</Data>\n<Binary>VwBpAG4AbQBnAG0AdAAvADQAAAA=</Binary>\n</EventData>\n</Event>\n",
    "<Event xmlns=\"http://schemas.microsoft.com/win/2004/08/events/event\"><System><Provider Name=\"Service Control Manager\" Guid=\"{555908d1-a6d7-4695-8e1e-26931d2012f4}\" EventSourceName=\"Service Control Manager\"></Provider>\n<EventID Qualifiers=\"16384\">7036</EventID>\n<Version>0</Version>\n<Level>4</Level>\n<Task>0</Task>\n<Opcode>0</Opcode>\n<Keywords>0x8080000000000000</Keywords>\n<TimeCreated SystemTime=\"2024-12-18 23:46:41.102831\"></TimeCreated>\n<EventRecordID>571</EventRecordID>\n<Correlation ActivityID=\"\" RelatedActivityID=\"\"></Correlation>\n<Execution ProcessID=\"432\" ThreadID=\"536\"></Execution>\n<Channel>System</Channel>\n<Computer>WIN-9HMG19S1CU8</Computer>\n<Security UserID=\"\"></Security>\n</System>\n<EventData><Data Name=\"param1\">IP Helper</Data>\n<Data Name=\"param2\">running</Data>\n<Binary>aQBwAGgAbABwAHMAdgBjAC8ANAAAAA==</Binary>\n</EventData>\n</Event>\n",
    "<Event xmlns=\"http://schemas.microsoft.com/win/2004/08/events/event\"><System><Provider Name=\"Service Control Manager\" Guid=\"{555908d1-a6d7-4695-8e1e-26931d2012f4}\" EventSourceName=\"Service Control Manager\"></Provider>\n<EventID Qualifiers=\"16384\">7036</EventID>\n<Version>0</Version>\n<Level>4</Level>\n<Task>0</Task>\n<Opcode>0</Opcode>\n<Keywords>0x8080000000000000</Keywords>\n<TimeCreated SystemTime=\"2024-12-18 23:46:41.165232\"></TimeCreated>\n<EventRecordID>572</EventRecordID>\n<Correlation ActivityID=\"\" RelatedActivityID=\"\"></Correlation>\n<Execution ProcessID=\"432\" ThreadID=\"536\"></Execution>\n<Channel>System</Channel>\n<Computer>WIN-9HMG19S1CU8</Computer>\n<Security UserID=\"\"></Security>\n</System>\n<EventData><Data Name=\"param1\">Server</Data>\n<Data Name=\"param2\">running</Data>\n<Binary>TABhAG4AbQBhAG4AUwBlAHIAdgBlAHIALwA0AAAA</Binary>\n</EventData>\n</Event>\n",
    "<Event xmlns=\"http://schemas.microsoft.com/win/2004/08/events/event\"><System><Provider Name=\"Service Control Manager\" Guid=\"{555908d1-a6d7-4695-8e1e-26931d2012f4}\" EventSourceName=\"Service Control Manager\"></Provider>\n<EventID Qualifiers=\"16384\">7040</EventID>\n<Version>0</Version>\n<Level>4</Level>\n<Task>0</Task>\n<Opcode>0</Opcode>\n<Keywords>0x8080000000000000</Keywords>\n<TimeCreated SystemTime=\"2024-12-18 23:46:41.196432\"></TimeCreated>\n<EventRecordID>573</EventRecordID>\n<Correlation ActivityID=\"\" RelatedActivityID=\"\"></Correlation>\n<Execution ProcessID=\"432\" ThreadID=\"1496\"></Execution>\n<Channel>System</Channel>\n<Computer>WIN-9HMG19S1CU8</Computer>\n<Security UserID=\"S-1-5-18\"></Security>\n</System>\n<EventData><Data Name=\"param1\">Windows Modules Installer</Data>\n<Data Name=\"param2\">auto start</Data>\n<Data Name=\"param3\">demand start</Data>\n<Data Name=\"param4\">TrustedInstaller</Data>\n</EventData>\n</Event>\n",
    "<Event xmlns=\"http://schemas.microsoft.com/win/2004/08/events/event\"><System><Provider Name=\"Service Control Manager\" Guid=\"{555908d1-a6d7-4695-8e1e-26931d2012f4}\" EventSourceName=\"Service Control Manager\"></Provider>\n<EventID Qualifiers=\"16384\">7036</EventID>\n<Version>0</Version>\n<Level>4</Level>\n<Task>0</Task>\n<Opcode>0</Opcode>\n<Keywords>0x8080000000000000</Keywords>\n<TimeCreated SystemTime=\"2024-12-18 23:46:41.227631\"></TimeCreated>\n<EventRecordID>574</EventRecordID>\n<Correlation ActivityID=\"\" RelatedActivityID=\"\"></Correlation>\n<Execution ProcessID=\"432\" ThreadID=\"1496\"></Execution>\n<Channel>System</Channel>\n<Computer>WIN-9HMG19S1CU8</Computer>\n<Security UserID=\"\"></Security>\n</System>\n<EventData><Data Name=\"param1\">Diagnostic Service Host</Data>\n<Data Name=\"param2\">running</Data>\n<Binary>VwBkAGkAUwBlAHIAdgBpAGMAZQBIAG8AcwB0AC8ANAAAAA==</Binary>\n</EventData>\n</Event>\n",
    "<Event xmlns=\"http://schemas.microsoft.com/win/2004/08/events/event\"><System><Provider Name=\"Service Control Manager\" Guid=\"{555908d1-a6d7-4695-8e1e-26931d2012f4}\" EventSourceName=\"Service Control Manager\"></Provider>\n<EventID Qualifiers=\"16384\">7036</EventID>\n<Version>0</Version>\n<Level>4</Level>\n<Task>0</Task>\n<Opcode>0</Opcode>\n<Keywords>0x8080000000000000</Keywords>\n<TimeCreated SystemTime=\"2024-12-18 23:46:41.414831\"></TimeCreated>\n<EventRecordID>575</EventRecordID>\n<Correlation ActivityID=\"\" RelatedActivityID=\"\"></Correlation>\n<Execution ProcessID=\"432\" ThreadID=\"1496\"></Execution>\n<Channel>System</Channel>\n<Computer>WIN-9HMG19S1CU8</Computer>\n<Security UserID=\"\"></Security>\n</System>\n<EventData><Data Name=\"param1\">Application Experience</Data>\n<Data Name=\"param2\">running</Data>\n<Binary>QQBlAEwAbwBvAGsAdQBwAFMAdgBjAC8ANAAAAA==</Binary>\n</EventData>\n</Event>\n",
    "<Event xmlns=\"http://schemas.microsoft.com/win/2004/08/events/event\"><System><Provider Name=\"Service Control Manager\" Guid=\"{555908d1-a6d7-4695-8e1e-26931d2012f4}\" EventSourceName=\"Service Control Manager\"></Provider>\n<EventID Qualifiers=\"16384\">7036</EventID>\n<Version>0</Version>\n<Level>4</Level>\n<Task>0</Task>\n<Opcode>0</Opcode>\n<Keywords>0x8080000000000000</Keywords>\n<TimeCreated SystemTime=\"2024-12-18 23:46:41.430431\"></TimeCreated>\n<EventRecordID>576</EventRecordID>\n<Correlation ActivityID=\"\" RelatedActivityID=\"\"></Correlation>\n<Execution ProcessID=\"432\" ThreadID=\"1496\"></Execution>\n<Channel>System</Channel>\n<Computer>WIN-9HMG19S1CU8</Computer>\n<Security UserID=\"\"></Security>\n</System>\n<EventData><Data Name=\"param1\">Portable Device Enumerator Service</Data>\n<Data Name=\"param2\">running</Data>\n<Binary>VwBQAEQAQgB1AHMARQBuAHUAbQAvADQAAAA=</Binary>\n</EventData>\n</Event>\n",
    "<Event xmlns=\"http://schemas.microsoft.com/win/2004/08/events/event\"><System><Provider Name=\"Service Control Manager\" Guid=\"{555908d1-a6d7-4695-8e1e-26931d2012f4}\" EventSourceName=\"Service Control Manager\"></Provider>\n<EventID Qualifiers=\"16384\">7036</EventID>\n<Version>0</Version>\n<Level>4</Level>\n<Task>0</Task>\n<Opcode>0</Opcode>\n<Keywords>0x8080000000000000</Keywords>\n<TimeCreated SystemTime=\"2024-12-18 23:46:41.446032\"></TimeCreated>\n<EventRecordID>577</EventRecordID>\n<Correlation ActivityID=\"\" RelatedActivityID=\"\"></Correlation>\n<Execution ProcessID=\"432\" ThreadID=\"1496\"></Execution>\n<Channel>System</Channel>\n<Computer>WIN-9HMG19S1CU8</Computer>\n<Security UserID=\"\"></Security>\n</System>\n<EventData><Data Name=\"param1\">Diagnostic System Host</Data>\n<Data Name=\"param2\">running</Data>\n<Binary>VwBkAGkAUwB5AHMAdABlAG0ASABvAHMAdAAvADQAAAA=</Binary>\n</EventData>\n</Event>\n",
    "<Event xmlns=\"http://schemas.microsoft.com/win/2004/08/events/event\"><System><Provider Name=\"Service Control Manager\" Guid=\"{555908d1-a6d7-4695-8e1e-26931d2012f4}\" EventSourceName=\"Service Control Manager\"></Provider>\n<EventID Qualifiers=\"16384\">7036</EventID>\n<Version>0</Version>\n<Level>4</Level>\n<Task>0</Task>\n<Opcode>0</Opcode>\n<Keywords>0x8080000000000000</Keywords>\n<TimeCreated SystemTime=\"2024-12-18 23:46:43.957636\"></TimeCreated>\n<EventRecordID>578</EventRecordID>\n<Correlation ActivityID=\"\" RelatedActivityID=\"\"></Correlation>\n<Execution ProcessID=\"432\" ThreadID=\"528\"></Execution>\n<Channel>System</Channel>\n<Computer>WIN-9HMG19S1CU8</Computer>\n<Security UserID=\"\"></Security>\n</System>\n<EventData><Data Name=\"param1\">WinHTTP Web Proxy Auto-Discovery Service</Data>\n<Data Name=\"param2\">running</Data>\n<Binary>VwBpAG4ASAB0AHQAcABBAHUAdABvAFAAcgBvAHgAeQBTAHYAYwAvADQAAAA=</Binary>\n</EventData>\n</Event>\n",
    "<Event xmlns=\"http://schemas.microsoft.com/win/2004/08/events/event\"><System><Provider Name=\"Service Control Manager\" Guid=\"{555908d1-a6d7-4695-8e1e-26931d2012f4}\" EventSourceName=\"Service Control Manager\"></Provider>\n<EventID Qualifiers=\"16384\">7036</EventID>\n<Version>0</Version>\n<Level>4</Level>\n<Task>0</Task>\n<Opcode>0</Opcode>\n<Keywords>0x8080000000000000</Keywords>\n<TimeCreated SystemTime=\"2024-12-18 23:46:49.916845\"></TimeCreated>\n<EventRecordID>579</EventRecordID>\n<Correlation ActivityID=\"\" RelatedActivityID=\"\"></Correlation>\n<Execution ProcessID=\"432\" ThreadID=\"528\"></Execution>\n<Channel>System</Channel>\n<Computer>WIN-9HMG19S1CU8</Computer>\n<Security UserID=\"\"></Security>\n</System>\n<EventData><Data Name=\"param1\">Windows Search</Data>\n<Data Name=\"param2\">running</Data>\n<Binary>VwBTAGUAYQByAGMAaAAvADQAAAA=</Binary>\n</EventData>\n</Event>\n",
    "<Event xmlns=\"http://schemas.microsoft.com/win/2004/08/events/event\"><System><Provider Name=\"Microsoft-Windows-Winlogon\" Guid=\"{dbe9b383-7cf3-4331-91cc-a3cb16a3b538}\"></Provider>\n<EventID Qualifiers=\"\">7001</EventID>\n<Version>0</Version>\n<Level>4</Level>\n<Task>1101</Task>\n<Opcode>0</Opcode>\n<Keywords>0x2000000000000000</Keywords>\n<TimeCreated SystemTime=\"2024-12-18 23:46:50.821648\"></TimeCreated>\n<EventRecordID>580</EventRecordID>\n<Correlation ActivityID=\"{67144949-5132-4859-8036-a737b43825d8}\" RelatedActivityID=\"\"></Correlation>\n<Execution ProcessID=\"376\" ThreadID=\"400\"></Execution>\n<Channel>System</Channel>\n<Computer>WIN-9HMG19S1CU8</Computer>\n<Security UserID=\"S-1-5-18\"></Security>\n</System>\n<EventData><Data Name=\"TSId\">1</Data>\n<Data Name=\"UserSid\">S-1-5-21-3697686215-3386505243-3356369866-1000</Data>\n</EventData>\n</Event>\n",
    "<Event xmlns=\"http://schemas.microsoft.com/win/2004/08/events/event\"><System><Provider Name=\"Microsoft-Windows-GroupPolicy\" Guid=\"{aea1b4fa-97d1-45f2-a64c-4d69fffd92c9}\"></Provider>\n<EventID Qualifiers=\"\">1501</EventID>\n<Version>0</Version>\n<Level>4</Level>\n<Task>0</Task>\n<Opcode>1</Opcode>\n<Keywords>0x8000000000000000</Keywords>\n<TimeCreated SystemTime=\"2024-12-18 23:46:51.632849\"></TimeCreated>\n<EventRecordID>581</EventRecordID>\n<Correlation ActivityID=\"{45a183f9-0b40-4ef2-aa0b-077b65ac22d8}\" RelatedActivityID=\"\"></Correlation>\n<Execution ProcessID=\"904\" ThreadID=\"2008\"></Execution>\n<Channel>System</Channel>\n<Computer>WIN-9HMG19S1CU8</Computer>\n<Security UserID=\"S-1-5-21-3697686215-3386505243-3356369866-1000\"></Security>\n</System>\n<EventData><Data Name=\"SupportInfo1\">1</Data>\n<Data Name=\"SupportInfo2\">3182</Data>\n<Data Name=\"ProcessingMode\">1</Data>\n<Data Name=\"ProcessingTimeInMilliseconds\">172</Data>\n<Data Name=\"DCName\"></Data>\n</EventData>\n</Event>\n",
    "<Event xmlns=\"http://schemas.microsoft.com/win/2004/08/events/event\"><System><Provider Name=\"Service Control Manager\" Guid=\"{555908d1-a6d7-4695-8e1e-26931d2012f4}\" EventSourceName=\"Service Control Manager\"></Provider>\n<EventID Qualifiers=\"16384\">7036</EventID>\n<Version>0</Version>\n<Level>4</Level>\n<Task>0</Task>\n<Opcode>0</Opcode>\n<Keywords>0x8080000000000000</Keywords>\n<TimeCreated SystemTime=\"2024-12-18 23:46:53.801252\"></TimeCreated>\n<EventRecordID>582</EventRecordID>\n<Correlation ActivityID=\"\" RelatedActivityID=\"\"></Correlation>\n<Execution ProcessID=\"432\" ThreadID=\"1496\"></Execution>\n<Channel>System</Channel>\n<Computer>WIN-9HMG19S1CU8</Computer>\n<Security UserID=\"\"></Security>\n</System>\n<EventData><Data Name=\"param1\">Application Information</Data>\n<Data Name=\"param2\">running</Data>\n<Binary>QQBwAHAAaQBuAGYAbwAvADQAAAA=</Binary>\n</EventData>\n</Event>\n",
    "<Event xmlns=\"http://schemas.microsoft.com/win/2004/08/events/event\"><System><Provider Name=\"Microsoft-Windows-DNS-Client\" Guid=\"{1c95126e-7eea-49a9-a3fe-a378b03ddb4d}\"></Provider>\n<EventID Qualifiers=\"\">1014</EventID>\n<Version>0</Version>\n<Level>3</Level>\n<Task>0</Task>\n<Opcode>0</Opcode>\n<Keywords>0x4000000000000000</Keywords>\n<TimeCreated SystemTime=\"2024-12-18 23:46:54.487654\"></TimeCreated>\n<EventRecordID>583</EventRecordID>\n<Correlation ActivityID=\"\" RelatedActivityID=\"\"></Correlation>\n<Execution ProcessID=\"260\" ThreadID=\"1600\"></Execution>\n<Channel>System</Channel>\n<Computer>WIN-9HMG19S1CU8</Computer>\n<Security UserID=\"S-1-5-20\"></Security>\n</System>\n<EventData><Data Name=\"QueryName\">wpad.localdomain</Data>\n<Data Name=\"AddressLength\">16</Data>\n<Data Name=\"Address\">AgAANcCorgIAAAAAAAAAAA==</Data>\n</EventData>\n</Event>\n",
    "<Event xmlns=\"http://schemas.microsoft.com/win/2004/08/events/event\"><System><Provider Name=\"Service Control Manager\" Guid=\"{555908d1-a6d7-4695-8e1e-26931d2012f4}\" EventSourceName=\"Service Control Manager\"></Provider>\n<EventID Qualifiers=\"16384\">7036</EventID>\n<Version>0</Version>\n<Level>4</Level>\n<Task>0</Task>\n<Opcode>0</Opcode>\n<Keywords>0x8080000000000000</Keywords>\n<TimeCreated SystemTime=\"2024-12-18 23:47:06.250074\"></TimeCreated>\n<EventRecordID>584</EventRecordID>\n<Correlation ActivityID=\"\" RelatedActivityID=\"\"></Correlation>\n<Execution ProcessID=\"432\" ThreadID=\"1504\"></Execution>\n<Channel>System</Channel>\n<Computer>WIN-9HMG19S1CU8</Computer>\n<Security UserID=\"\"></Security>\n</System>\n<EventData><Data Name=\"param1\">Protected Storage</Data>\n<Data Name=\"param2\">running</Data>\n<Binary>UAByAG8AdABlAGMAdABlAGQAUwB0AG8AcgBhAGcAZQAvADQAAAA=</Binary>\n</EventData>\n</Event>\n",
    "<Event xmlns=\"http://schemas.microsoft.com/win/2004/08/events/event\"><System><Provider Name=\"Service Control Manager\" Guid=\"{555908d1-a6d7-4695-8e1e-26931d2012f4}\" EventSourceName=\"Service Control Manager\"></Provider>\n<EventID Qualifiers=\"16384\">7036</EventID>\n<Version>0</Version>\n<Level>4</Level>\n<Task>0</Task>\n<Opcode>0</Opcode>\n<Keywords>0x8080000000000000</Keywords>\n<TimeCreated SystemTime=\"2024-12-18 23:48:03.630579\"></TimeCreated>\n<EventRecordID>585</EventRecordID>\n<Correlation ActivityID=\"\" RelatedActivityID=\"\"></Correlation>\n<Execution ProcessID=\"432\" ThreadID=\"1216\"></Execution>\n<Channel>System</Channel>\n<Computer>WIN-9HMG19S1CU8</Computer>\n<Security UserID=\"\"></Security>\n</System>\n<EventData><Data Name=\"param1\">Network Connections</Data>\n<Data Name=\"param2\">running</Data>\n<Binary>TgBlAHQAbQBhAG4ALwA0AAAA</Binary>\n</EventData>\n</Event>\n",
