    "<Event xmlns=\"http://schemas.microsoft.com/win/2004/08/events/event\"><System><Provider Name=\"Service Control Manager\" Guid=\"{555908d1-a6d7-4695-8e1e-26931d2012f4}\" EventSourceName=\"Service Control Manager\"></Provider>\n<EventID Qualifiers=\"16384\">7036</EventID>\n<Version>0</Version>\n<Level>4</Level>\n<Task>0</Task>\n<Opcode>0</Opcode>\n<Keywords>0x8080000000000000</Keywords>\n<TimeCreated SystemTime=\"2024-12-19 00:13:28.717304\"></TimeCreated>\n<EventRecordID>882</EventRecordID>\n<Correlation ActivityID=\"\" RelatedActivityID=\"\"></Correlation>\n<Execution ProcessID=\"472\" ThreadID=\"564\"></Execution>\n<Channel>System</Channel>\n<Computer>WIN-9HMG19S1CU8</Computer>\n<Security UserID=\"\"></Security>\n</System>\n<EventData><Data Name=\"param1\">Application Information</Data>\n<Data Name=\"param2\">running</Data>\n<Binary>QQBwAHAAaQBuAGYAbwAvADQAAAA=</Binary>\n</EventData>\n</Event>\n",
    "<Event xmlns=\"http://schemas.microsoft.com/win/2004/08/events/event\"><System><Provider Name=\"Service Control Manager\" Guid=\"{555908d1-a6d7-4695-8e1e-26931d2012f4}\" EventSourceName=\"Service Control Manager\"></Provider>\n<EventID Qualifiers=\"16384\">7036</EventID>\n<Version>0</Version>\n<Level>4</Level>\n<Task>0</Task>\n<Opcode>0</Opcode>\n<Keywords>0x8080000000000000</Keywords>\n<TimeCreated SystemTime=\"2024-12-19 00:14:13.299877\"></TimeCreated>\n<EventRecordID>883</EventRecordID>\n<Correlation ActivityID=\"\" RelatedActivityID=\"\"></Correlation>\n<Execution ProcessID=\"472\" ThreadID=\"564\"></Execution>\n<Channel>System</Channel>\n<Computer>WIN-9HMG19S1CU8</Computer>\n<Security UserID=\"\"></Security>\n</System>\n<EventData><Data Name=\"param1\">WinHTTP Web Proxy Auto-Discovery Service</Data>\n<Data Name=\"param2\">running</Data>\n<Binary>VwBpAG4ASAB0AHQAcABBAHUAdABvAFAAcgBvAHgAeQBTAHYAYwAvADQAAAA=</Binary>\n</EventData>\n</Event>\n",
    "<Event xmlns=\"http://schemas.microsoft.com/win/2004/08/events/event\"><System><Provider Name=\"Microsoft-Windows-DNS-Client\" Guid=\"{1c95126e-7eea-49a9-a3fe-a378b03ddb4d}\"></Provider>\n<EventID Qualifiers=\"\">1014</EventID>\n<Version>0</Version>\n<Level>3</Level>\n<Task>0</Task>\n<Opcode>0</Opcode>\n<Keywords>0x4000000000000000</Keywords>\n<TimeCreated SystemTime=\"2024-12-19 00:14:22.457094\"></TimeCreated>\n<EventRecordID>884</EventRecordID>\n<Correlation ActivityID=\"\" RelatedActivityID=\"\"></Correlation>\n<Execution ProcessID=\"532\" ThreadID=\"548\"></Execution>\n<Channel>System</Channel>\n<Computer>WIN-9HMG19S1CU8</Computer>\n<Security UserID=\"S-1-5-20\"></Security>\n</System>\n<EventData><Data Name=\"QueryName\">wpad.localdomain</Data>\n<Data Name=\"AddressLength\">16</Data>\n<Data Name=\"Address\">AgAANcCorgIAAAAAAAAAAA==</Data>\n</EventData>\n</Event>\n",
    "<Event xmlns=\"http://schemas.microsoft.com/win/2004/08/events/event\"><System><Provider Name=\"Service Control Manager\" Guid=\"{555908d1-a6d7-4695-8e1e-26931d2012f4}\" EventSourceName=\"Service Control Manager\"></Provider>\n<EventID Qualifiers=\"16384\">7036</EventID>\n<Version>0</Version>\n<Level>4</Level>\n<Task>0</Task>\n<Opcode>0</Opcode>\n<Keywords>0x8080000000000000</Keywords>\n<TimeCreated SystemTime=\"2024-12-19 00:15:02.956568\"></TimeCreated>\n<EventRecordID>885</EventRecordID>\n<Correlation ActivityID=\"\" RelatedActivityID=\"\"></Correlation>\n<Execution ProcessID=\"472\" ThreadID=\"564\"></Execution>\n<Channel>System</Channel>\n<Computer>WIN-9HMG19S1CU8</Computer>\n<Security UserID=\"\"></Security>\n</System>\n<EventData><Data Name=\"param1\">Background Intelligent Transfer Service</Data>\n<Data Name=\"param2\">running</Data>\n<Binary>QgBJAFQAUwAvADQAAAA=</Binary>\n</EventData>\n</Event>\n",
    "<Event xmlns=\"http://schemas.microsoft.com/win/2004/08/events/event\"><System><Provider Name=\"Service Control Manager\" Guid=\"{555908d1-a6d7-4695-8e1e-26931d2012f4}\" EventSourceName=\"Service Control Manager\"></Provider>\n<EventID Qualifiers=\"16384\">7036</EventID>\n<Version>0</Version>\n<Level>4</Level>\n<Task>0</Task>\n<Opcode>0</Opcode>\n<Keywords>0x8080000000000000</Keywords>\n<TimeCreated SystemTime=\"2024-12-19 00:15:03.174967\"></TimeCreated>\n<EventRecordID>886</EventRecordID>\n<Correlation ActivityID=\"\" RelatedActivityID=\"\"></Correlation>\n<Execution ProcessID=\"472\" ThreadID=\"1504\"></Execution>\n<Channel>System</Channel>\n<Computer>WIN-9HMG19S1CU8</Computer>\n<Security UserID=\"\"></Security>\n</System>\n<EventData><Data Name=\"param1\">SSDP Discovery</Data>\n<Data Name=\"param2\">running</Data>\n<Binary>UwBTAEQAUABTAFIAVgAvADQAAAA=</Binary>\n</EventData>\n</Event>\n",
    "<Event xmlns=\"http://schemas.microsoft.com/win/2004/08/events/event\"><System><Provider Name=\"Service Control Manager\" Guid=\"{555908d1-a6d7-4695-8e1e-26931d2012f4}\" EventSourceName=\"Service Control Manager\"></Provider>\n<EventID Qualifiers=\"16384\">7036</EventID>\n<Version>0</Version>\n<Level>4</Level>\n<Task>0</Task>\n<Opcode>0</Opcode>\n<Keywords>0x8080000000000000</Keywords>\n<TimeCreated SystemTime=\"2024-12-19 00:15:03.377769\"></TimeCreated>\n<EventRecordID>887</EventRecordID>\n<Correlation ActivityID=\"\" RelatedActivityID=\"\"></Correlation>\n<Execution ProcessID=\"472\" ThreadID=\"1504\"></Execution>\n<Channel>System</Channel>\n<Computer>WIN-9HMG19S1CU8</Computer>\n<Security UserID=\"\"></Security>\n</System>\n<EventData><Data Name=\"param1\">Portable Device Enumerator Service</Data>\n<Data Name=\"param2\">stopped</Data>\n<Binary>VwBQAEQAQgB1AHMARQBuAHUAbQAvADEAAAA=</Binary>\n</EventData>\n</Event>\n",
    "<Event xmlns=\"http://schemas.microsoft.com/win/2004/08/events/event\"><System><Provider Name=\"Service Control Manager\" Guid=\"{555908d1-a6d7-4695-8e1e-26931d2012f4}\" EventSourceName=\"Service Control Manager\"></Provider>\n<EventID Qualifiers=\"16384\">7036</EventID>\n<Version>0</Version>\n<Level>4</Level>\n<Task>0</Task>\n<Opcode>0</Opcode>\n<Keywords>0x8080000000000000</Keywords>\n<TimeCreated SystemTime=\"2024-12-19 00:15:03.689770\"></TimeCreated>\n<EventRecordID>888</EventRecordID>\n<Correlation ActivityID=\"\" RelatedActivityID=\"\"></Correlation>\n<Execution ProcessID=\"472\" ThreadID=\"1504\"></Execution>\n<Channel>System</Channel>\n<Computer>WIN-9HMG19S1CU8</Computer>\n<Security UserID=\"\"></Security>\n</System>\n<EventData><Data Name=\"param1\">Microsoft .NET Framework NGEN v2.0.50727_X86</Data>\n<Data Name=\"param2\">running</Data>\n<Binary>YwBsAHIAXwBvAHAAdABpAG0AaQB6AGEAdABpAG8AbgBfAHYAMgAuADAALgA1ADAANwAyADcAXwAzADIALwA0AAAA</Binary>\n</EventData>\n</Event>\n",
    "<Event xmlns=\"http://schemas.microsoft.com/win/2004/08/events/event\"><System><Provider Name=\"Service Control Manager\" Guid=\"{555908d1-a6d7-4695-8e1e-26931d2012f4}\" EventSourceName=\"Service Control Manager\"></Provider>\n<EventID Qualifiers=\"16384\">7036</EventID>\n<Version>0</Version>\n<Level>4</Level>\n<Task>0</Task>\n<Opcode>0</Opcode>\n<Keywords>0x8080000000000000</Keywords>\n<TimeCreated SystemTime=\"2024-12-19 00:15:04.578970\"></TimeCreated>\n<EventRecordID>889</EventRecordID>\n<Correlation ActivityID=\"\" RelatedActivityID=\"\"></Correlation>\n<Execution ProcessID=\"472\" ThreadID=\"1504\"></Execution>\n<Channel>System</Channel>\n<Computer>WIN-9HMG19S1CU8</Computer>\n<Security UserID=\"\"></Security>\n</System>\n<EventData><Data Name=\"param1\">Microsoft .NET Framework NGEN v2.0.50727_X64</Data>\n<Data Name=\"param2\">running</Data>\n<Binary>YwBsAHIAXwBvAHAAdABpAG0AaQB6AGEAdABpAG8AbgBfAHYAMgAuADAALgA1ADAANwAyADcAXwA2ADQALwA0AAAA</Binary>\n</EventData>\n</Event>\n",
    "<Event xmlns=\"http://schemas.microsoft.com/win/2004/08/events/event\"><System><Provider Name=\"Service Control Manager\" Guid=\"{555908d1-a6d7-4695-8e1e-26931d2012f4}\" EventSourceName=\"Service Control Manager\"></Provider>\n<EventID Qualifiers=\"16384\">7036</EventID>\n<Version>0</Version>\n<Level>4</Level>\n<Task>0</Task>\n<Opcode>0</Opcode>\n<Keywords>0x8080000000000000</Keywords>\n<TimeCreated SystemTime=\"2024-12-19 00:15:04.766171\"></TimeCreated>\n<EventRecordID>890</EventRecordID>\n<Correlation ActivityID=\"\" RelatedActivityID=\"\"></Correlation>\n<Execution ProcessID=\"472\" ThreadID=\"1504\"></Execution>\n<Channel>System</Channel>\n<Computer>WIN-9HMG19S1CU8</Computer>\n<Security UserID=\"\"></Security>\n</System>\n<EventData><Data Name=\"param1\">Software Protection</Data>\n<Data Name=\"param2\">running</Data>\n<Binary>cwBwAHAAcwB2AGMALwA0AAAA</Binary>\n</EventData>\n</Event>\n",
    "<Event xmlns=\"http://schemas.microsoft.com/win/2004/08/events/event\"><System><Provider Name=\"Service Control Manager\" Guid=\"{555908d1-a6d7-4695-8e1e-26931d2012f4}\" EventSourceName=\"Service Control Manager\"></Provider>\n<EventID Qualifiers=\"16384\">7036</EventID>\n<Version>0</Version>\n<Level>4</Level>\n<Task>0</Task>\n<Opcode>0</Opcode>\n<Keywords>0x8080000000000000</Keywords>\n<TimeCreated SystemTime=\"2024-12-19 00:15:05.296572\"></TimeCreated>\n<EventRecordID>891</EventRecordID>\n<Correlation ActivityID=\"\" RelatedActivityID=\"\"></Correlation>\n<Execution ProcessID=\"472\" ThreadID=\"1504\"></Execution>\n<Channel>System</Channel>\n<Computer>WIN-9HMG19S1CU8</Computer>\n<Security UserID=\"\"></Security>\n</System>\n<EventData><Data Name=\"param1\">Windows Defender</Data>\n<Data Name=\"param2\">running</Data>\n<Binary>VwBpAG4ARABlAGYAZQBuAGQALwA0AAAA</Binary>\n</EventData>\n</Event>\n",
    "<Event xmlns=\"http://schemas.microsoft.com/win/2004/08/events/event\"><System><Provider Name=\"Service Control Manager\" Guid=\"{555908d1-a6d7-4695-8e1e-26931d2012f4}\" EventSourceName=\"Service Control Manager\"></Provider>\n<EventID Qualifiers=\"16384\">7036</EventID>\n<Version>0</Version>\n<Level>4</Level>\n<Task>0</Task>\n<Opcode>0</Opcode>\n<Keywords>0x8080000000000000</Keywords>\n<TimeCreated SystemTime=\"2024-12-19 00:15:05.608572\"></TimeCreated>\n<EventRecordID>892</EventRecordID>\n<Correlation ActivityID=\"\" RelatedActivityID=\"\"></Correlation>\n<Execution ProcessID=\"472\" ThreadID=\"1504\"></Execution>\n<Channel>System</Channel>\n<Computer>WIN-9HMG19S1CU8</Computer>\n<Security UserID=\"\"></Security>\n</System>\n<EventData><Data Name=\"param1\">Security Center</Data>\n<Data Name=\"param2\">running</Data>\n<Binary>dwBzAGMAcwB2AGMALwA0AAAA</Binary>\n</EventData>\n</Event>\n",
    "<Event xmlns=\"http://schemas.microsoft.com/win/2004/08/events/event\"><System><Provider Name=\"Microsoft-Windows-Application-Experience\" Guid=\"{eef54e71-0661-422d-9a98-82fd4940b820}\"></Provider>\n<EventID Qualifiers=\"\">206</EventID>\n<Version>0</Version>\n<Level>4</Level>\n<Task>0</Task>\n<Opcode>0</Opcode>\n<Keywords>0x8000000000000000</Keywords>\n<TimeCreated SystemTime=\"2024-12-19 00:15:07.262175\"></TimeCreated>\n<EventRecordID>893</EventRecordID>\n<Correlation ActivityID=\"\" RelatedActivityID=\"\"></Correlation>\n<Execution ProcessID=\"832\" ThreadID=\"828\"></Execution>\n<Channel>System</Channel>\n<Computer>WIN-9HMG19S1CU8</Computer>\n<Security UserID=\"S-1-5-18\"></Security>\n</System>\n<EventData></EventData>\n</Event>\n",
    "<Event xmlns=\"http://schemas.microsoft.com/win/2004/08/events/event\"><System><Provider Name=\"Service Control Manager\" Guid=\"{555908d1-a6d7-4695-8e1e-26931d2012f4}\" EventSourceName=\"Service Control Manager\"></Provider>\n<EventID Qualifiers=\"16384\">7036</EventID>\n<Version>0</Version>\n<Level>4</Level>\n<Task>0</Task>\n<Opcode>0</Opcode>\n<Keywords>0x8080000000000000</Keywords>\n<TimeCreated SystemTime=\"2024-12-19 00:15:16.046543\"></TimeCreated>\n<EventRecordID>894</EventRecordID>\n<Correlation ActivityID=\"\" RelatedActivityID=\"\"></Correlation>\n<Execution ProcessID=\"472\" ThreadID=\"1504\"></Execution>\n<Channel>System</Channel>\n<Computer>WIN-9HMG19S1CU8</Computer>\n<Security UserID=\"\"></Security>\n</System>\n<EventData><Data Name=\"param1\">Windows Update</Data>\n<Data Name=\"param2\">running</Data>\n<Binary>dwB1AGEAdQBzAGUAcgB2AC8ANAAAAA==</Binary>\n</EventData>\n</Event>\n",
    "<Event xmlns=\"http://schemas.microsoft.com/win/2004/08/events/event\"><System><Provider Name=\"Service Control Manager\" Guid=\"{555908d1-a6d7-4695-8e1e-26931d2012f4}\" EventSourceName=\"Service Control Manager\"></Provider>\n<EventID Qualifiers=\"16384\">7036</EventID>\n<Version>0</Version>\n<Level>4</Level>\n<Task>0</Task>\n<Opcode>0</Opcode>\n<Keywords>0x8080000000000000</Keywords>\n<TimeCreated SystemTime=\"2024-12-19 00:15:36.821495\"></TimeCreated>\n<EventRecordID>895</EventRecordID>\n<Correlation ActivityID=\"\" RelatedActivityID=\"\"></Correlation>\n<Execution ProcessID=\"472\" ThreadID=\"1504\"></Execution>\n<Channel>System</Channel>\n<Computer>WIN-9HMG19S1CU8</Computer>\n<Security UserID=\"\"></Security>\n</System>\n<EventData><Data Name=\"param1\">Windows Modules Installer</Data>\n<Data Name=\"param2\">running</Data>\n<Binary>VAByAHUAcwB0AGUAZABJAG4AcwB0AGEAbABsAGUAcgAvADQAAAA=</Binary>\n</EventData>\n</Event>\n",
    "<Event xmlns=\"http://schemas.microsoft.com/win/2004/08/events/event\"><System><Provider Name=\"Service Control Manager\" Guid=\"{555908d1-a6d7-4695-8e1e-26931d2012f4}\" EventSourceName=\"Service Control Manager\"></Provider>\n<EventID Qualifiers=\"16384\">7036</EventID>\n<Version>0</Version>\n<Level>4</Level>\n<Task>0</Task>\n<Opcode>0</Opcode>\n<Keywords>0x8080000000000000</Keywords>\n<TimeCreated SystemTime=\"2024-12-19 00:15:58.670898\"></TimeCreated>\n<EventRecordID>896</EventRecordID>\n<Correlation ActivityID=\"\" RelatedActivityID=\"\"></Correlation>\n<Execution ProcessID=\"472\" ThreadID=\"1504\"></Execution>\n<Channel>System</Channel>\n<Computer>WIN-9HMG19S1CU8</Computer>\n<Security UserID=\"\"></Security>\n</System>\n<EventData><Data Name=\"param1\">Volume Shadow Copy</Data>\n<Data Name=\"param2\">running</Data>\n<Binary>VgBTAFMALwA0AAAA</Binary>\n</EventData>\n</Event>\n",
    "<Event xmlns=\"http://schemas.microsoft.com/win/2004/08/events/event\"><System><Provider Name=\"Service Control Manager\" Guid=\"{555908d1-a6d7-4695-8e1e-26931d2012f4}\" EventSourceName=\"Service Control Manager\"></Provider>\n<EventID Qualifiers=\"16384\">7036</EventID>\n<Version>0</Version>\n<Level>4</Level>\n<Task>0</Task>\n<Opcode>0</Opcode>\n<Keywords>0x8080000000000000</Keywords>\n<TimeCreated SystemTime=\"2024-12-19 00:15:58.732901\"></TimeCreated>\n<EventRecordID>897</EventRecordID>\n<Correlation ActivityID=\"\" RelatedActivityID=\"\"></Correlation>\n<Execution ProcessID=\"472\" ThreadID=\"1836\"></Execution>\n<Channel>System</Channel>\n<Computer>WIN-9HMG19S1CU8</Computer>\n<Security UserID=\"\"></Security>\n</System>\n<EventData><Data Name=\"param1\">Microsoft Software Shadow Copy Provider</Data>\n<Data Name=\"param2\">running</Data>\n<Binary>cwB3AHAAcgB2AC8ANAAAAA==</Binary>\n</EventData>\n</Event>\n",
    "<Event xmlns=\"http://schemas.microsoft.com/win/2004/08/events/event\"><System><Provider Name=\"Microsoft-Windows-UserPnp\" Guid=\"{96f4a050-7e31-453c-88be-9634f4e02139}\"></Provider>\n<EventID Qualifiers=\"\">20001</EventID>\n<Version>0</Version>\n<Level>4</Level>\n<Task>7005</Task>\n<Opcode>0</Opcode>\n<Keywords>0x8000000000000000</Keywords>\n<TimeCreated SystemTime=\"2024-12-19 00:16:01.339005\"></TimeCreated>\n<EventRecordID>898</EventRecordID>\n<Correlation ActivityID=\"\" RelatedActivityID=\"\"></Correlation>\n<Execution ProcessID=\"3840\" ThreadID=\"3844\"></Execution>\n<Channel>System</Channel>\n<Computer>WIN-9HMG19S1CU8</Computer>\n<Security UserID=\"S-1-5-18\"></Security>\n</System>\n<UserData><InstallDeviceID xmlns:auto-ns2=\"http://schemas.microsoft.com/win/2004/08/events\" xmlns=\"http://manifests.microsoft.com/win/2004/08/windows/userpnp\"><DriverName>FileRepository\\volsnap.inf_amd64_neutral_7499a4fac85b39fc\\volsnap.inf</DriverName>\n<DriverVersion>6.1.7600.16385</DriverVersion>\n<DriverProvider>Microsoft</DriverProvider>\n<DeviceInstanceID>STORAGE\\VOLUMESNAPSHOT\\HARDDISKVOLUMESNAPSHOT5</DeviceInstanceID>\n<SetupClass>{533c5b84-ec70-11d2-9505-00c04f79deaf}</SetupClass>\n<RebootOption>False</RebootOption>\n<UpgradeDevice>False</UpgradeDevice>\n<IsDriverOEM>False</IsDriverOEM>\n<InstallStatus>0x00000000</InstallStatus>\n<DriverDescription>Generic volume shadow copy</DriverDescription>\n</InstallDeviceID>\n</UserData>\n</Event>\n",
    "<Event xmlns=\"http://schemas.microsoft.com/win/2004/08/events/event\"><System><Provider Name=\"Service Control Manager\" Guid=\"{555908d1-a6d7-4695-8e1e-26931d2012f4}\" EventSourceName=\"Service Control Manager\"></Provider>\n<EventID Qualifiers=\"16384\">7045</EventID>\n<Version>0</Version>\n<Level>4</Level>\n<Task>0</Task>\n<Opcode>0</Opcode>\n<Keywords>0x8080000000000000</Keywords>\n<TimeCreated SystemTime=\"2024-12-19 00:16:03.177057\"></TimeCreated>\n<EventRecordID>899</EventRecordID>\n<Correlation ActivityID=\"\" RelatedActivityID=\"\"></Correlation>\n<Execution ProcessID=\"472\" ThreadID=\"1836\"></Execution>\n<Channel>System</Channel>\n<Computer>WIN-9HMG19S1CU8</Computer>\n<Security UserID=\"S-1-5-21-3697686215-3386505243-3356369866-1000\"></Security>\n</System>\n<EventData><Data Name=\"ServiceName\">Npcap Packet Driver (NPCAP)</Data>\n<Data Name=\"ImagePath\">system32\\DRIVERS\\npcap.sys</Data>\n<Data Name=\"ServiceType\">kernel mode driver</Data>\n<Data Name=\"StartType\">system start</Data>\n<Data Name=\"AccountName\"></Data>\n</EventData>\n</Event>\n",
    "<Event xmlns=\"http://schemas.microsoft.com/win/2004/08/events/event\"><System><Provider Name=\"Application Popup\"></Provider>\n<EventID Qualifiers=\"16384\">26</EventID>\n<Level>4</Level>\n<Task>0</Task>\n<Keywords>0x0080000000000000</Keywords>\n<TimeCreated SystemTime=\"2024-12-19 00:16:03.317060\"></TimeCreated>\n<EventRecordID>900</EventRecordID>\n<Channel>System</Channel>\n<Computer>WIN-9HMG19S1CU8</Computer>\n<Security UserID=\"\"></Security>\n</System>\n<EventData><Data>&lt;string&gt;\\SystemRoot\\system32\\DRIVERS\\npcap.sys failed to load&lt;/string&gt;\n&lt;string&gt;&lt;/string&gt;\n</Data>\n<Binary>AAAAAAIAMAAAAAAAGgAAQCgEAMBsAgDAAAAAAAAAAAAAAAAAAAAAAA==</Binary>\n</EventData>\n</Event>\n",
    "<Event xmlns=\"http://schemas.microsoft.com/win/2004/08/events/event\"><System><Provider Name=\"Service Control Manager\" Guid=\"{555908d1-a6d7-4695-8e1e-26931d2012f4}\" EventSourceName=\"Service Control Manager\"></Provider>\n<EventID Qualifiers=\"49152\">7000</EventID>\n<Version>0</Version>\n<Level>2</Level>\n<Task>0</Task>\n<Opcode>0</Opcode>\n<Keywords>0x8080000000000000</Keywords>\n<TimeCreated SystemTime=\"2024-12-19 00:16:03.317060\"></TimeCreated>\n<EventRecordID>901</EventRecordID>\n<Correlation ActivityID=\"\" RelatedActivityID=\"\"></Correlation>\n<Execution ProcessID=\"472\" ThreadID=\"1836\"></Execution>\n<Channel>System</Channel>\n<Computer>WIN-9HMG19S1CU8</Computer>\n<Security UserID=\"\"></Security>\n</System>\n<EventData><Data Name=\"param1\">Npcap Packet Driver (NPCAP)</Data>\n<Data Name=\"param2\">%%577</Data>\n</EventData>\n</Event>\n",
    "<Event xmlns=\"http://schemas.microsoft.com/win/2004/08/events/event\"><System><Provider Name=\"Service Control Manager\" Guid=\"{555908d1-a6d7-4695-8e1e-26931d2012f4}\" EventSourceName=\"Service Control Manager\"></Provider>\n<EventID Qualifiers=\"16384\">7036</EventID>\n<Version>0</Version>\n<Level>4</Level>\n<Task>0</Task>\n<Opcode>0</Opcode>\n<Keywords>0x8080000000000000</Keywords>\n<TimeCreated SystemTime=\"2024-12-19 00:19:03.241573\"></TimeCreated>\n<EventRecordID>902</EventRecordID>\n<Correlation ActivityID=\"\" RelatedActivityID=\"\"></Correlation>\n<Execution ProcessID=\"472\" ThreadID=\"1836\"></Execution>\n<Channel>System</Channel>\n<Computer>WIN-9HMG19S1CU8</Computer>\n<Security UserID=\"\"></Security>\n</System>\n<EventData><Data Name=\"param1\">Volume Shadow Copy</Data>\n<Data Name=\"param2\">stopped</Data>\n<Binary>VgBTAFMALwAxAAAA</Binary>\n</EventData>\n</Event>\n",
    "<Event xmlns=\"http://schemas.microsoft.com/win/2004/08/events/event\"><System><Provider Name=\"Service Control Manager\" Guid=\"{555908d1-a6d7-4695-8e1e-26931d2012f4}\" EventSourceName=\"Service Control Manager\"></Provider>\n<EventID Qualifiers=\"16384\">7045</EventID>\n<Version>0</Version>\n<Level>4</Level>\n<Task>0</Task>\n<Opcode>0</Opcode>\n<Keywords>0x8080000000000000</Keywords>\n<TimeCreated SystemTime=\"2024-12-19 00:19:25.685209\"></TimeCreated>\n<EventRecordID>903</EventRecordID>\n<Correlation ActivityID=\"\" RelatedActivityID=\"\"></Correlation>\n<Execution ProcessID=\"472\" ThreadID=\"1836\"></Execution>\n<Channel>System</Channel>\n<Computer>WIN-9HMG19S1CU8</Computer>\n<Security UserID=\"S-1-5-21-3697686215-3386505243-3356369866-1000\"></Security>\n</System>\n<EventData><Data Name=\"ServiceName\">NetGroup Packet Filter Driver</Data>\n<Data Name=\"ImagePath\">system32\\drivers\\npf.sys</Data>\n<Data Name=\"ServiceType\">kernel mode driver</Data>\n<Data Name=\"StartType\">demand start</Data>\n<Data Name=\"AccountName\"></Data>\n</EventData>\n</Event>\n",
    "<Event xmlns=\"http://schemas.microsoft.com/win/2004/08/events/event\"><System><Provider Name=\"Service Control Manager\" Guid=\"{555908d1-a6d7-4695-8e1e-26931d2012f4}\" EventSourceName=\"Service Control Manager\"></Provider>\n<EventID Qualifiers=\"16384\">7045</EventID>\n<Version>0</Version>\n<Level>4</Level>\n<Task>0</Task>\n<Opcode>0</Opcode>\n<Keywords>0x8080000000000000</Keywords>\n<TimeCreated SystemTime=\"2024-12-19 00:19:25.796215\"></TimeCreated>\n<EventRecordID>904</EventRecordID>\n<Correlation ActivityID=\"\" RelatedActivityID=\"\"></Correlation>\n<Execution ProcessID=\"472\" ThreadID=\"1836\"></Execution>\n<Channel>System</Channel>\n<Computer>WIN-9HMG19S1CU8</Computer>\n<Security UserID=\"S-1-5-21-3697686215-3386505243-3356369866-1000\"></Security>\n</System>\n<EventData><Data Name=\"ServiceName\">Remote Packet Capture Protocol v.0 (experimental)</Data>\n<Data Name=\"ImagePath\">\"%ProgramFiles(x86)%\\WinPcap\\rpcapd.exe\" -d -f \"%ProgramFiles(x86)%\\WinPcap\\rpcapd.ini\"</Data>\n<Data Name=\"ServiceType\">user mode service</Data>\n<Data Name=\"StartType\">demand start</Data>\n<Data Name=\"AccountName\">LocalSystem</Data>\n</EventData>\n</Event>\n",
    "<Event xmlns=\"http://schemas.microsoft.com/win/2004/08/events/event\"><System><Provider Name=\"Service Control Manager\" Guid=\"{555908d1-a6d7-4695-8e1e-26931d2012f4}\" EventSourceName=\"Service Control Manager\"></Provider>\n<EventID Qualifiers=\"16384\">7036</EventID>\n<Version>0</Version>\n<Level>4</Level>\n<Task>0</Task>\n<Opcode>0</Opcode>\n<Keywords>0x8080000000000000</Keywords>\n<TimeCreated SystemTime=\"2024-12-19 00:22:03.242401\"></TimeCreated>\n<EventRecordID>905</EventRecordID>\n<Correlation ActivityID=\"\" RelatedActivityID=\"\"></Correlation>\n<Execution ProcessID=\"472\" ThreadID=\"1320\"></Execution>\n<Channel>System</Channel>\n<Computer>WIN-9HMG19S1CU8</Computer>\n<Security UserID=\"\"></Security>\n</System>\n<EventData><Data Name=\"param1\">Microsoft Software Shadow Copy Provider</Data>\n<Data Name=\"param2\">stopped</Data>\n<Binary>cwB3AHAAcgB2AC8AMQAAAA==</Binary>\n</EventData>\n</Event>\n",
    "<Event xmlns=\"http://schemas.microsoft.com/win/2004/08/events/event\"><System><Provider Name=\"Microsoft-Windows-DNS-Client\" Guid=\"{1c95126e-7eea-49a9-a3fe-a378b03ddb4d}\"></Provider>\n<EventID Qualifiers=\"\">1014</EventID>\n<Version>0</Version>\n<Level>3</Level>\n<Task>0</Task>\n<Opcode>0</Opcode>\n<Keywords>0x4000000000000000</Keywords>\n<TimeCreated SystemTime=\"2024-12-19 00:27:04.190796\"></TimeCreated>\n<EventRecordID>906</EventRecordID>\n<Correlation ActivityID=\"\" RelatedActivityID=\"\"></Correlation>\n<Execution ProcessID=\"532\" ThreadID=\"548\"></Execution>\n<Channel>System</Channel>\n<Computer>WIN-9HMG19S1CU8</Computer>\n<Security UserID=\"S-1-5-20\"></Security>\n</System>\n<EventData><Data Name=\"QueryName\">isatap.localdomain</Data>\n<Data Name=\"AddressLength\">16</Data>\n<Data Name=\"Address\">AgAANcCorgIAAAAAAAAAAA==</Data>\n</EventData>\n</Event>\n",
    "<Event xmlns=\"http://schemas.microsoft.com/win/2004/08/events/event\"><System><Provider Name=\"Service Control Manager\" Guid=\"{555908d1-a6d7-4695-8e1e-26931d2012f4}\" EventSourceName=\"Service Control Manager\"></Provider>\n<EventID Qualifiers=\"16384\">7040</EventID>\n<Version>0</Version>\n<Level>4</Level>\n<Task>0</Task>\n<Opcode>0</Opcode>\n<Keywords>0x8080000000000000</Keywords>\n<TimeCreated SystemTime=\"2024-12-19 00:28:08.830038\"></TimeCreated>\n<EventRecordID>907</EventRecordID>\n<Correlation ActivityID=\"\" RelatedActivityID=\"\"></Correlation>\n<Execution ProcessID=\"472\" ThreadID=\"2892\"></Execution>\n<Channel>System</Channel>\n<Computer>WIN-9HMG19S1CU8</Computer>\n<Security UserID=\"S-1-5-18\"></Security>\n</System>\n<EventData><Data Name=\"param1\">Windows Modules Installer</Data>\n<Data Name=\"param2\">demand start</Data>\n<Data Name=\"param3\">auto start</Data>\n<Data Name=\"param4\">TrustedInstaller</Data>\n</EventData>\n</Event>\n",
    "<Event xmlns=\"http://schemas.microsoft.com/win/2004/08/events/event\"><System><Provider Name=\"Service Control Manager\" Guid=\"{555908d1-a6d7-4695-8e1e-26931d2012f4}\" EventSourceName=\"Service Control Manager\"></Provider>\n<EventID Qualifiers=\"16384\">7040</EventID>\n<Version>0</Version>\n<Level>4</Level>\n<Task>0</Task>\n<Opcode>0</Opcode>\n<Keywords>0x8080000000000000</Keywords>\n<TimeCreated SystemTime=\"2024-12-19 00:28:12.886045\"></TimeCreated>\n<EventRecordID>908</EventRecordID>\n<Correlation ActivityID=\"\" RelatedActivityID=\"\"></Correlation>\n<Execution ProcessID=\"472\" ThreadID=\"2892\"></Execution>\n<Channel>System</Channel>\n<Computer>WIN-9HMG19S1CU8</Computer>\n<Security UserID=\"S-1-5-18\"></Security>\n</System>\n<EventData><Data Name=\"param1\">Windows Modules Installer</Data>\n<Data Name=\"param2\">auto start</Data>\n<Data Name=\"param3\">demand start</Data>\n<Data Name=\"param4\">TrustedInstaller</Data>\n</EventData>\n</Event>\n",
    "<Event xmlns=\"http://schemas.microsoft.com/win/2004/08/events/event\"><System><Provider Name=\"Service Control Manager\" Guid=\"{555908d1-a6d7-4695-8e1e-26931d2012f4}\" EventSourceName=\"Service Control Manager\"></Provider>\n<EventID Qualifiers=\"16384\">7036</EventID>\n<Version>0</Version>\n<Level>4</Level>\n<Task>0</Task>\n<Opcode>0</Opcode>\n<Keywords>0x8080000000000000</Keywords>\n<TimeCreated SystemTime=\"2024-12-19 00:28:13.166845\"></TimeCreated>\n<EventRecordID>909</EventRecordID>\n<Correlation ActivityID=\"\" RelatedActivityID=\"\"></Correlation>\n<Execution ProcessID=\"472\" ThreadID=\"2892\"></Execution>\n<Channel>System</Channel>\n<Computer>WIN-9HMG19S1CU8</Computer>\n<Security UserID=\"\"></Security>\n</System>\n<EventData><Data Name=\"param1\">Windows Modules Installer</Data>\n<Data Name=\"param2\">stopped</Data>\n<Binary>VAByAHUAcwB0AGUAZABJAG4AcwB0AGEAbABsAGUAcgAvADEAAAA=</Binary>\n</EventData>\n</Event>\n",
    "<Event xmlns=\"http://schemas.microsoft.com/win/2004/08/events/event\"><System><Provider Name=\"Service Control Manager\" Guid=\"{555908d1-a6d7-4695-8e1e-26931d2012f4}\" EventSourceName=\"Service Control Manager\"></Provider>\n<EventID Qualifiers=\"16384\">7036</EventID>\n<Version>0</Version>\n<Level>4</Level>\n<Task>0</Task>\n<Opcode>0</Opcode>\n<Keywords>0x8080000000000000</Keywords>\n<TimeCreated SystemTime=\"2024-12-19 00:30:43.301510\"></TimeCreated>\n<EventRecordID>910</EventRecordID>\n<Correlation ActivityID=\"\" RelatedActivityID=\"\"></Correlation>\n<Execution ProcessID=\"472\" ThreadID=\"3356\"></Execution>\n<Channel>System</Channel>\n<Computer>WIN-9HMG19S1CU8</Computer>\n<Security UserID=\"\"></Security>\n</System>\n<EventData><Data Name=\"param1\">WinHTTP Web Proxy Auto-Discovery Service</Data>\n<Data Name=\"param2\">stopped</Data>\n<Binary>VwBpAG4ASAB0AHQAcABBAHUAdABvAFAAcgBvAHgAeQBTAHYAYwAvADEAAAA=</Binary>\n</EventData>\n</Event>\n",
    "<Event xmlns=\"http://schemas.microsoft.com/win/2004/08/events/event\"><System><Provider Name=\"Microsoft-Windows-DNS-Client\" Guid=\"{1c95126e-7eea-49a9-a3fe-a378b03ddb4d}\"></Provider>\n<EventID Qualifiers=\"\">1014</EventID>\n<Version>0</Version>\n<Level>3</Level>\n<Task>0</Task>\n<Opcode>0</Opcode>\n<Keywords>0x4000000000000000</Keywords>\n<TimeCreated SystemTime=\"2024-12-19 00:32:11.004864\"></TimeCreated>\n<EventRecordID>911</EventRecordID>\n<Correlation ActivityID=\"\" RelatedActivityID=\"\"></Correlation>\n<Execution ProcessID=\"532\" ThreadID=\"548\"></Execution>\n<Channel>System</Channel>\n<Computer>WIN-9HMG19S1CU8</Computer>\n<Security UserID=\"S-1-5-20\"></Security>\n</System>\n<EventData><Data Name=\"QueryName\">isatap.localdomain</Data>\n<Data Name=\"AddressLength\">16</Data>\n<Data Name=\"Address\">AgAANcCorgIAAAAAAAAAAA==</Data>\n</EventData>\n</Event>\n",
    "<Event xmlns=\"http://schemas.microsoft.com/win/2004/08/events/event\"><System><Provider Name=\"Microsoft-Windows-UserPnp\" Guid=\"{96f4a050-7e31-453c-88be-9634f4e02139}\"></Provider>\n<EventID Qualifiers=\"\">20003</EventID>\n<Version>0</Version>\n<Level>4</Level>\n<Task>7005</Task>\n<Opcode>0</Opcode>\n<Keywords>0x8000000000000000</Keywords>\n<TimeCreated SystemTime=\"2024-12-19 00:32:58.026381\"></TimeCreated>\n<EventRecordID>912</EventRecordID>\n<Correlation ActivityID=\"\" RelatedActivityID=\"\"></Correlation>\n<Execution ProcessID=\"516\" ThreadID=\"3900\"></Execution>\n<Channel>System</Channel>\n<Computer>WIN-9HMG19S1CU8</Computer>\n<Security UserID=\"S-1-5-18\"></Security>\n</System>\n<UserData><AddServiceID xmlns:auto-ns2=\"http://schemas.microsoft.com/win/2004/08/events\" xmlns=\"http://manifests.microsoft.com/win/2004/08/windows/userpnp\"><ServiceName>USBSTOR</ServiceName>\n<DriverFileName>system32\\DRIVERS\\USBSTOR.SYS</DriverFileName>\n<DeviceInstanceID>USB\\VID_0930&amp;PID_6544\\0022CFF653EAC330CAB21ABC</DeviceInstanceID>\n<PrimaryService>True</PrimaryService>\n<UpdateService>True</UpdateService>\n<AddServiceStatus>0</AddServiceStatus>\n</AddServiceID>\n</UserData>\n</Event>\n",
    "<Event xmlns=\"http://schemas.microsoft.com/win/2004/08/events/event\"><System><Provider Name=\"Microsoft-Windows-UserPnp\" Guid=\"{96f4a050-7e31-453c-88be-9634f4e02139}\"></Provider>\n<EventID Qualifiers=\"\">20001</EventID>\n<Version>0</Version>\n<Level>4</Level>\n<Task>7005</Task>\n<Opcode>0</Opcode>\n<Keywords>0x8000000000000000</Keywords>\n<TimeCreated SystemTime=\"2024-12-19 00:32:58.613195\"></TimeCreated>\n<EventRecordID>913</EventRecordID>\n<Correlation ActivityID=\"\" RelatedActivityID=\"\"></Correlation>\n<Execution ProcessID=\"516\" ThreadID=\"3900\"></Execution>\n<Channel>System</Channel>\n<Computer>WIN-9HMG19S1CU8</Computer>\n<Security UserID=\"S-1-5-18\"></Security>\n</System>\n<UserData><InstallDeviceID xmlns:auto-ns2=\"http://schemas.microsoft.com/win/2004/08/events\" xmlns=\"http://manifests.microsoft.com/win/2004/08/windows/userpnp\"><DriverName>FileRepository\\usbstor.inf_amd64_neutral_0725c2806a159a9d\\usbstor.inf</DriverName>\n<DriverVersion>6.1.7601.17514</DriverVersion>\n<DriverProvider>Microsoft</DriverProvider>\n<DeviceInstanceID>USB\\VID_0930&amp;PID_6544\\0022CFF653EAC330CAB21ABC</DeviceInstanceID>\n<SetupClass>{36fc9e60-c465-11cf-8056-444553540000}</SetupClass>\n<RebootOption>False</RebootOption>\n<UpgradeDevice>False</UpgradeDevice>\n<IsDriverOEM>False</IsDriverOEM>\n<InstallStatus>0x00000000</InstallStatus>\n<DriverDescription>USB Mass Storage Device</DriverDescription>\n</InstallDeviceID>\n</UserData>\n</Event>\n",
    "<Event xmlns=\"http://schemas.microsoft.com/win/2004/08/events/event\"><System><Provider Name=\"Microsoft-Windows-UserPnp\" Guid=\"{96f4a050-7e31-453c-88be-9634f4e02139}\"></Provider>\n<EventID Qualifiers=\"\">20003</EventID>\n<Version>0</Version>\n<Level>4</Level>\n<Task>7005</Task>\n<Opcode>0</Opcode>\n<Keywords>0x8000000000000000</Keywords>\n<TimeCreated SystemTime=\"2024-12-19 00:32:59.414003\"></TimeCreated>\n<EventRecordID>914</EventRecordID>\n<Correlation ActivityID=\"\" RelatedActivityID=\"\"></Correlation>\n<Execution ProcessID=\"3160\" ThreadID=\"3084\"></Execution>\n<Channel>System</Channel>\n<Computer>WIN-9HMG19S1CU8</Computer>\n<Security UserID=\"S-1-5-18\"></Security>\n</System>\n<UserData><AddServiceID xmlns:auto-ns2=\"http://schemas.microsoft.com/win/2004/08/events\" xmlns=\"http://manifests.microsoft.com/win/2004/08/windows/userpnp\"><ServiceName>disk</ServiceName>\n<DriverFileName>system32\\DRIVERS\\disk.sys</DriverFileName>\n<DeviceInstanceID>USBSTOR\\DISK&amp;VEN_TOSHIBA&amp;PROD_TRANSMEMORY&amp;REV_1.00\\0022CFF653EAC330CAB21ABC&amp;0</DeviceInstanceID>\n<PrimaryService>True</PrimaryService>\n<UpdateService>True</UpdateService>\n<AddServiceStatus>0</AddServiceStatus>\n</AddServiceID>\n</UserData>\n</Event>\n",
    "<Event xmlns=\"http://schemas.microsoft.com/win/2004/08/events/event\"><System><Provider Name=\"Microsoft-Windows-UserPnp\" Guid=\"{96f4a050-7e31-453c-88be-9634f4e02139}\"></Provider>\n<EventID Qualifiers=\"\">20001</EventID>\n<Version>0</Version>\n<Level>4</Level>\n<Task>7005</Task>\n<Opcode>0</Opcode>\n<Keywords>0x8000000000000000</Keywords>\n<TimeCreated SystemTime=\"2024-12-19 00:32:59.492002\"></TimeCreated>\n<EventRecordID>915</EventRecordID>\n<Correlation ActivityID=\"\" RelatedActivityID=\"\"></Correlation>\n<Execution ProcessID=\"3160\" ThreadID=\"3084\"></Execution>\n<Channel>System</Channel>\n<Computer>WIN-9HMG19S1CU8</Computer>\n<Security UserID=\"S-1-5-18\"></Security>\n</System>\n<UserData><InstallDeviceID xmlns:auto-ns2=\"http://schemas.microsoft.com/win/2004/08/events\" xmlns=\"http://manifests.microsoft.com/win/2004/08/windows/userpnp\"><DriverName>FileRepository\\disk.inf_amd64_neutral_10ce25bbc5a9cc43\\disk.inf</DriverName>\n<DriverVersion>6.1.7600.16385</DriverVersion>\n<DriverProvider>Microsoft</DriverProvider>\n<DeviceInstanceID>USBSTOR\\DISK&amp;VEN_TOSHIBA&amp;PROD_TRANSMEMORY&amp;REV_1.00\\0022CFF653EAC330CAB21ABC&amp;0</DeviceInstanceID>\n<SetupClass>{4d36e967-e325-11ce-bfc1-08002be10318}</SetupClass>\n<RebootOption>False</RebootOption>\n<UpgradeDevice>False</UpgradeDevice>\n<IsDriverOEM>False</IsDriverOEM>\n<InstallStatus>0x00000000</InstallStatus>\n<DriverDescription>Disk drive</DriverDescription>\n</InstallDeviceID>\n</UserData>\n</Event>\n",
    "<Event xmlns=\"http://schemas.microsoft.com/win/2004/08/events/event\"><System><Provider Name=\"Microsoft-Windows-UserPnp\" Guid=\"{96f4a050-7e31-453c-88be-9634f4e02139}\"></Provider>\n<EventID Qualifiers=\"\">20003</EventID>\n<Version>0</Version>\n<Level>4</Level>\n<Task>7005</Task>\n<Opcode>0</Opcode>\n<Keywords>0x8000000000000000</Keywords>\n<TimeCreated SystemTime=\"2024-12-19 00:33:00.100405\"></TimeCreated>\n<EventRecordID>916</EventRecordID>\n<Correlation ActivityID=\"\" RelatedActivityID=\"\"></Correlation>\n<Execution ProcessID=\"3516\" ThreadID=\"3472\"></Execution>\n<Channel>System</Channel>\n<Computer>WIN-9HMG19S1CU8</Computer>\n<Security UserID=\"S-1-5-18\"></Security>\n</System>\n<UserData><AddServiceID xmlns:auto-ns2=\"http://schemas.microsoft.com/win/2004/08/events\" xmlns=\"http://manifests.microsoft.com/win/2004/08/windows/userpnp\"><ServiceName>volsnap</ServiceName>\n<DriverFileName>system32\\DRIVERS\\volsnap.sys</DriverFileName>\n<DeviceInstanceID>STORAGE\\VOLUME\\_??_USBSTOR#DISK&amp;VEN_TOSHIBA&amp;PROD_TRANSMEMORY&amp;REV_1.00#0022CFF653EAC330CAB21ABC&amp;0#{53F56307-B6BF-11D0-94F2-00A0C91EFB8B}</DeviceInstanceID>\n<PrimaryService>True</PrimaryService>\n<UpdateService>True</UpdateService>\n<AddServiceStatus>0</AddServiceStatus>\n</AddServiceID>\n</UserData>\n</Event>\n",
    "<Event xmlns=\"http://schemas.microsoft.com/win/2004/08/events/event\"><System><Provider Name=\"Microsoft-Windows-UserPnp\" Guid=\"{96f4a050-7e31-453c-88be-9634f4e02139}\"></Provider>\n<EventID Qualifiers=\"\">20001</EventID>\n<Version>0</Version>\n<Level>4</Level>\n<Task>7005</Task>\n<Opcode>0</Opcode>\n<Keywords>0x8000000000000000</Keywords>\n<TimeCreated SystemTime=\"2024-12-19 00:33:00.209604\"></TimeCreated>\n<EventRecordID>917</EventRecordID>\n<Correlation ActivityID=\"\" RelatedActivityID=\"\"></Correlation>\n<Execution ProcessID=\"3516\" ThreadID=\"3472\"></Execution>\n<Channel>System</Channel>\n<Computer>WIN-9HMG19S1CU8</Computer>\n<Security UserID=\"S-1-5-18\"></Security>\n</System>\n<UserData><InstallDeviceID xmlns:auto-ns2=\"http://schemas.microsoft.com/win/2004/08/events\" xmlns=\"http://manifests.microsoft.com/win/2004/08/windows/userpnp\"><DriverName>FileRepository\\volume.inf_amd64_neutral_df8bea40ac96ca21\\volume.inf</DriverName>\n<DriverVersion>6.1.7601.17514</DriverVersion>\n<DriverProvider>Microsoft</DriverProvider>\n<DeviceInstanceID>STORAGE\\VOLUME\\_??_USBSTOR#DISK&amp;VEN_TOSHIBA&amp;PROD_TRANSMEMORY&amp;REV_1.00#0022CFF653EAC330CAB21ABC&amp;0#{53F56307-B6BF-11D0-94F2-00A0C91EFB8B}</DeviceInstanceID>\n<SetupClass>{71a27cdd-812a-11d0-bec7-08002be2092f}</SetupClass>\n<RebootOption>False</RebootOption>\n<UpgradeDevice>False</UpgradeDevice>\n<IsDriverOEM>False</IsDriverOEM>\n<InstallStatus>0x00000000</InstallStatus>\n<DriverDescription>Generic volume</DriverDescription>\n</InstallDeviceID>\n</UserData>\n</Event>\n",
    "<Event xmlns=\"http://schemas.microsoft.com/win/2004/08/events/event\"><System><Provider Name=\"Service Control Manager\" Guid=\"{555908d1-a6d7-4695-8e1e-26931d2012f4}\" EventSourceName=\"Service Control Manager\"></Provider>\n<EventID Qualifiers=\"16384\">7036</EventID>\n<Version>0</Version>\n<Level>4</Level>\n<Task>0</Task>\n<Opcode>0</Opcode>\n<Keywords>0x8080000000000000</Keywords>\n<TimeCreated SystemTime=\"2024-12-19 00:33:00.428003\"></TimeCreated>\n<EventRecordID>918</EventRecordID>\n<Correlation ActivityID=\"\" RelatedActivityID=\"\"></Correlation>\n<Execution ProcessID=\"472\" ThreadID=\"3496\"></Execution>\n<Channel>System</Channel>\n<Computer>WIN-9HMG19S1CU8</Computer>\n<Security UserID=\"\"></Security>\n</System>\n<EventData><Data Name=\"param1\">Portable Device Enumerator Service</Data>\n<Data Name=\"param2\">running</Data>\n<Binary>VwBQAEQAQgB1AHMARQBuAHUAbQAvADQAAAA=</Binary>\n</EventData>\n</Event>\n",
    "<Event xmlns=\"http://schemas.microsoft.com/win/2004/08/events/event\"><System><Provider Name=\"Microsoft-Windows-UserPnp\" Guid=\"{96f4a050-7e31-453c-88be-9634f4e02139}\"></Provider>\n<EventID Qualifiers=\"\">20003</EventID>\n<Version>0</Version>\n<Level>4</Level>\n<Task>7005</Task>\n<Opcode>0</Opcode>\n<Keywords>0x8000000000000000</Keywords>\n<TimeCreated SystemTime=\"2024-12-19 00:33:01.785208\"></TimeCreated>\n<EventRecordID>919</EventRecordID>\n<Correlation ActivityID=\"\" RelatedActivityID=\"\"></Correlation>\n<Execution ProcessID=\"2404\" ThreadID=\"3492\"></Execution>\n<Channel>System</Channel>\n<Computer>WIN-9HMG19S1CU8</Computer>\n<Security UserID=\"S-1-5-18\"></Security>\n</System>\n<UserData><AddServiceID xmlns:auto-ns2=\"http://schemas.microsoft.com/win/2004/08/events\" xmlns=\"http://manifests.microsoft.com/win/2004/08/windows/userpnp\"><ServiceName>umbus</ServiceName>\n<DriverFileName>system32\\DRIVERS\\umbus.sys</DriverFileName>\n<DeviceInstanceID>UMB\\UMB\\1&amp;841921D&amp;0&amp;WPDBUSENUMROOT</DeviceInstanceID>\n<PrimaryService>True</PrimaryService>\n<UpdateService>True</UpdateService>\n<AddServiceStatus>0</AddServiceStatus>\n</AddServiceID>\n</UserData>\n</Event>\n",
    "<Event xmlns=\"http://schemas.microsoft.com/win/2004/08/events/event\"><System><Provider Name=\"Microsoft-Windows-UserPnp\" Guid=\"{96f4a050-7e31-453c-88be-9634f4e02139}\"></Provider>\n<EventID Qualifiers=\"\">20001</EventID>\n<Version>0</Version>\n<Level>4</Level>\n<Task>7005</Task>\n<Opcode>0</Opcode>\n<Keywords>0x8000000000000000</Keywords>\n<TimeCreated SystemTime=\"2024-12-19 00:33:01.816408\"></TimeCreated>\n<EventRecordID>920</EventRecordID>\n<Correlation ActivityID=\"\" RelatedActivityID=\"\"></Correlation>\n<Execution ProcessID=\"2404\" ThreadID=\"3492\"></Execution>\n<Channel>System</Channel>\n<Computer>WIN-9HMG19S1CU8</Computer>\n<Security UserID=\"S-1-5-18\"></Security>\n</System>\n<UserData><InstallDeviceID xmlns:auto-ns2=\"http://schemas.microsoft.com/win/2004/08/events\" xmlns=\"http://manifests.microsoft.com/win/2004/08/windows/userpnp\"><DriverName>FileRepository\\umbus.inf_amd64_neutral_2d4257afa2e35253\\umbus.inf</DriverName>\n<DriverVersion>6.1.7601.17514</DriverVersion>\n<DriverProvider>Microsoft</DriverProvider>\n<DeviceInstanceID>UMB\\UMB\\1&amp;841921D&amp;0&amp;WPDBUSENUMROOT</DeviceInstanceID>\n<SetupClass>{4d36e97d-e325-11ce-bfc1-08002be10318}</SetupClass>\n<RebootOption>False</RebootOption>\n<UpgradeDevice>False</UpgradeDevice>\n<IsDriverOEM>False</IsDriverOEM>\n<InstallStatus>0x00000000</InstallStatus>\n<DriverDescription>UMBus Enumerator</DriverDescription>\n</InstallDeviceID>\n</UserData>\n</Event>\n",
    "<Event xmlns=\"http://schemas.microsoft.com/win/2004/08/events/event\"><System><Provider Name=\"Microsoft-Windows-DriverFrameworks-UserMode\" Guid=\"{2e35aaeb-857f-4beb-a418-2e6c0e54d988}\"></Provider>\n<EventID Qualifiers=\"\">10000</EventID>\n<Version>1</Version>\n<Level>4</Level>\n<Task>48</Task>\n<Opcode>1</Opcode>\n<Keywords>0x2000000000000000</Keywords>\n<TimeCreated SystemTime=\"2024-12-19 00:33:02.596409\"></TimeCreated>\n<EventRecordID>921</EventRecordID>\n<Correlation ActivityID=\"\" RelatedActivityID=\"\"></Correlation>\n<Execution ProcessID=\"2256\" ThreadID=\"2716\"></Execution>\n<Channel>System</Channel>\n<Computer>WIN-9HMG19S1CU8</Computer>\n<Security UserID=\"S-1-5-18\"></Security>\n</System>\n<UserData><UMDFDeviceInstallBegin version=\"1.9.0\" xmlns:auto-ns2=\"http://schemas.microsoft.com/win/2004/08/events\" xmlns=\"http://www.microsoft.com/DriverFrameworks/UserMode/Event\"><DeviceId>WPDBUSENUMROOT\\UMB\\2&amp;37C186B&amp;0&amp;STORAGE#VOLUME#_??_USBSTOR#DISK&amp;VEN_TOSHIBA&amp;PROD_TRANSMEMORY&amp;REV_1.00#0022CFF653EAC330CAB21ABC&amp;0#</DeviceId>\n</UMDFDeviceInstallBegin>\n</UserData>\n</Event>\n",
    "<Event xmlns=\"http://schemas.microsoft.com/win/2004/08/events/event\"><System><Provider Name=\"Microsoft-Windows-DriverFrameworks-UserMode\" Guid=\"{2e35aaeb-857f-4beb-a418-2e6c0e54d988}\"></Provider>\n<EventID Qualifiers=\"\">10001</EventID>\n<Version>1</Version>\n<Level>4</Level>\n<Task>48</Task>\n<Opcode>0</Opcode>\n<Keywords>0x2000000000000000</Keywords>\n<TimeCreated SystemTime=\"2024-12-19 00:33:02.596409\"></TimeCreated>\n<EventRecordID>922</EventRecordID>\n<Correlation ActivityID=\"\" RelatedActivityID=\"\"></Correlation>\n<Execution ProcessID=\"2256\" ThreadID=\"2716\"></Execution>\n<Channel>System</Channel>\n<Computer>WIN-9HMG19S1CU8</Computer>\n<Security UserID=\"S-1-5-18\"></Security>\n</System>\n<UserData><UMDFServiceInstall upgrade=\"False\" xmlns:auto-ns2=\"http://schemas.microsoft.com/win/2004/08/events\" xmlns=\"http://www.microsoft.com/DriverFrameworks/UserMode/Event\"><Service clsid=\"{112de495-ac4c-46f8-b663-6a4266c53313}\" name=\"WpdFs\"></Service>\n<MinimumFxVersion>1.9.0</MinimumFxVersion>\n</UMDFServiceInstall>\n</UserData>\n</Event>\n",
    "<Event xmlns=\"http://schemas.microsoft.com/win/2004/08/events/event\"><System><Provider Name=\"Service Control Manager\" Guid=\"{555908d1-a6d7-4695-8e1e-26931d2012f4}\" EventSourceName=\"Service Control Manager\"></Provider>\n<EventID Qualifiers=\"16384\">7040</EventID>\n<Version>0</Version>\n<Level>4</Level>\n<Task>0</Task>\n<Opcode>0</Opcode>\n<Keywords>0x8080000000000000</Keywords>\n<TimeCreated SystemTime=\"2024-12-19 00:33:02.612009\"></TimeCreated>\n<EventRecordID>923</EventRecordID>\n<Correlation ActivityID=\"\" RelatedActivityID=\"\"></Correlation>\n<Execution ProcessID=\"472\" ThreadID=\"3828\"></Execution>\n<Channel>System</Channel>\n<Computer>WIN-9HMG19S1CU8</Computer>\n<Security UserID=\"S-1-5-18\"></Security>\n</System>\n<EventData><Data Name=\"param1\">Windows Driver Foundation - User-mode Driver Framework</Data>\n<Data Name=\"param2\">demand start</Data>\n<Data Name=\"param3\">auto start</Data>\n<Data Name=\"param4\">wudfsvc</Data>\n</EventData>\n</Event>\n",
    "<Event xmlns=\"http://schemas.microsoft.com/win/2004/08/events/event\"><System><Provider Name=\"Service Control Manager\" Guid=\"{555908d1-a6d7-4695-8e1e-26931d2012f4}\" EventSourceName=\"Service Control Manager\"></Provider>\n<EventID Qualifiers=\"16384\">7036</EventID>\n<Version>0</Version>\n<Level>4</Level>\n<Task>0</Task>\n<Opcode>0</Opcode>\n<Keywords>0x8080000000000000</Keywords>\n<TimeCreated SystemTime=\"2024-12-19 00:33:02.752409\"></TimeCreated>\n<EventRecordID>924</EventRecordID>\n<Correlation ActivityID=\"\" RelatedActivityID=\"\"></Correlation>\n<Execution ProcessID=\"472\" ThreadID=\"3496\"></Execution>\n<Channel>System</Channel>\n<Computer>WIN-9HMG19S1CU8</Computer>\n<Security UserID=\"\"></Security>\n</System>\n<EventData><Data Name=\"param1\">Windows Driver Foundation - User-mode Driver Framework</Data>\n<Data Name=\"param2\">running</Data>\n<Binary>dwB1AGQAZgBzAHYAYwAvADQAAAA=</Binary>\n</EventData>\n</Event>\n",
    "<Event xmlns=\"http://schemas.microsoft.com/win/2004/08/events/event\"><System><Provider Name=\"Microsoft-Windows-DriverFrameworks-UserMode\" Guid=\"{2e35aaeb-857f-4beb-a418-2e6c0e54d988}\"></Provider>\n<EventID Qualifiers=\"\">10100</EventID>\n<Version>1</Version>\n<Level>4</Level>\n<Task>48</Task>\n<Opcode>2</Opcode>\n<Keywords>0x2000000000000000</Keywords>\n<TimeCreated SystemTime=\"2024-12-19 00:33:02.814810\"></TimeCreated>\n<EventRecordID>925</EventRecordID>\n<Correlation ActivityID=\"\" RelatedActivityID=\"\"></Correlation>\n<Execution ProcessID=\"2256\" ThreadID=\"2716\"></Execution>\n<Channel>System</Channel>\n<Computer>WIN-9HMG19S1CU8</Computer>\n<Security UserID=\"S-1-5-18\"></Security>\n</System>\n<UserData><UMDFDeviceInstallEnd xmlns:auto-ns2=\"http://schemas.microsoft.com/win/2004/08/events\" xmlns=\"http://www.microsoft.com/DriverFrameworks/UserMode/Event\"><FinalStatus>0</FinalStatus>\n</UMDFDeviceInstallEnd>\n</UserData>\n</Event>\n",
    "<Event xmlns=\"http://schemas.microsoft.com/win/2004/08/events/event\"><System><Provider Name=\"Service Control Manager\" Guid=\"{555908d1-a6d7-4695-8e1e-26931d2012f4}\" EventSourceName=\"Service Control Manager\"></Provider>\n<EventID Qualifiers=\"16384\">7045</EventID>\n<Version>0</Version>\n<Level>4</Level>\n<Task>0</Task>\n<Opcode>0</Opcode>\n<Keywords>0x8080000000000000</Keywords>\n<TimeCreated SystemTime=\"2024-12-19 00:33:03.033209\"></TimeCreated>\n<EventRecordID>926</EventRecordID>\n<Correlation ActivityID=\"\" RelatedActivityID=\"\"></Correlation>\n<Execution ProcessID=\"472\" ThreadID=\"3496\"></Execution>\n<Channel>System</Channel>\n<Computer>WIN-9HMG19S1CU8</Computer>\n<Security UserID=\"S-1-5-18\"></Security>\n</System>\n<EventData><Data Name=\"ServiceName\">WUDFRd</Data>\n<Data Name=\"ImagePath\">system32\\DRIVERS\\WUDFRd.sys</Data>\n<Data Name=\"ServiceType\">kernel mode driver</Data>\n<Data Name=\"StartType\">demand start</Data>\n<Data Name=\"AccountName\"></Data>\n</EventData>\n</Event>\n",
    "<Event xmlns=\"http://schemas.microsoft.com/win/2004/08/events/event\"><System><Provider Name=\"Microsoft-Windows-UserPnp\" Guid=\"{96f4a050-7e31-453c-88be-9634f4e02139}\"></Provider>\n<EventID Qualifiers=\"\">20003</EventID>\n<Version>0</Version>\n<Level>4</Level>\n<Task>7005</Task>\n<Opcode>0</Opcode>\n<Keywords>0x8000000000000000</Keywords>\n<TimeCreated SystemTime=\"2024-12-19 00:33:03.064409\"></TimeCreated>\n<EventRecordID>927</EventRecordID>\n<Correlation ActivityID=\"\" RelatedActivityID=\"\"></Correlation>\n<Execution ProcessID=\"2256\" ThreadID=\"2716\"></Execution>\n<Channel>System</Channel>\n<Computer>WIN-9HMG19S1CU8</Computer>\n<Security UserID=\"S-1-5-18\"></Security>\n</System>\n<UserData><AddServiceID xmlns:auto-ns2=\"http://schemas.microsoft.com/win/2004/08/events\" xmlns=\"http://manifests.microsoft.com/win/2004/08/windows/userpnp\"><ServiceName>WUDFRd</ServiceName>\n<DriverFileName>system32\\DRIVERS\\WUDFRd.sys</DriverFileName>\n<DeviceInstanceID>WPDBUSENUMROOT\\UMB\\2&amp;37C186B&amp;0&amp;STORAGE#VOLUME#_??_USBSTOR#DISK&amp;VEN_TOSHIBA&amp;PROD_TRANSMEMORY&amp;REV_1.00#0022CFF653EAC330CAB21ABC&amp;0#</DeviceInstanceID>\n<PrimaryService>True</PrimaryService>\n<UpdateService>False</UpdateService>\n<AddServiceStatus>0</AddServiceStatus>\n</AddServiceID>\n</UserData>\n</Event>\n",
    "<Event xmlns=\"http://schemas.microsoft.com/win/2004/08/events/event\"><System><Provider Name=\"Microsoft-Windows-WPDClassInstaller\" Guid=\"{AD5162D8-DAF0-4A25-88A7-01CBEB33902E}\" EventSourceName=\"WPDClassInstaller\"></Provider>\n<EventID Qualifiers=\"16385\">24576</EventID>\n<Version>0</Version>\n<Level>4</Level>\n<Task>16</Task>\n<Opcode>0</Opcode>\n<Keywords>0x0080000000000000</Keywords>\n<TimeCreated SystemTime=\"2024-12-19 00:33:03\"></TimeCreated>\n<EventRecordID>928</EventRecordID>\n<Correlation ActivityID=\"\" RelatedActivityID=\"\"></Correlation>\n<Execution ProcessID=\"0\" ThreadID=\"0\"></Execution>\n<Channel>System</Channel>\n<Computer>WIN-9HMG19S1CU8</Computer>\n<Security UserID=\"\"></Security>\n</System>\n<EventData><Data>&lt;string&gt;&lt;/string&gt;\n</Data>\n<Binary></Binary>\n</EventData>\n</Event>\n",
    "<Event xmlns=\"http://schemas.microsoft.com/win/2004/08/events/event\"><System><Provider Name=\"Microsoft-Windows-WPDClassInstaller\" Guid=\"{AD5162D8-DAF0-4A25-88A7-01CBEB33902E}\" EventSourceName=\"WPDClassInstaller\"></Provider>\n<EventID Qualifiers=\"16385\">24577</EventID>\n<Version>0</Version>\n<Level>4</Level>\n<Task>32</Task>\n<Opcode>0</Opcode>\n<Keywords>0x0080000000000000</Keywords>\n<TimeCreated SystemTime=\"2024-12-19 00:33:04\"></TimeCreated>\n<EventRecordID>929</EventRecordID>\n<Correlation ActivityID=\"\" RelatedActivityID=\"\"></Correlation>\n<Execution ProcessID=\"0\" ThreadID=\"0\"></Execution>\n<Channel>System</Channel>\n<Computer>WIN-9HMG19S1CU8</Computer>\n<Security UserID=\"\"></Security>\n</System>\n<EventData><Data>&lt;string&gt;0x00000002&lt;/string&gt;\n&lt;string&gt;&lt;/string&gt;\n&lt;string&gt;0x00000002&lt;/string&gt;\n</Data>\n<Binary></Binary>\n</EventData>\n</Event>\n",
