    "<Event xmlns=\"http://schemas.microsoft.com/win/2004/08/events/event\"><System><Provider Name=\"Microsoft-Windows-UserPnp\" Guid=\"{96f4a050-7e31-453c-88be-9634f4e02139}\"></Provider>\n<EventID Qualifiers=\"\">20003</EventID>\n<Version>0</Version>\n<Level>4</Level>\n<Task>7005</Task>\n<Opcode>0</Opcode>\n<Keywords>0x8000000000000000</Keywords>\n<TimeCreated SystemTime=\"2024-12-19 09:42:08.667393\"></TimeCreated>\n<EventRecordID>150</EventRecordID>\n<Correlation ActivityID=\"\" RelatedActivityID=\"\"></Correlation>\n<Execution ProcessID=\"1924\" ThreadID=\"1932\"></Execution>\n<Channel>System</Channel>\n<Computer>37L4247F27-25</Computer>\n<Security UserID=\"S-1-5-18\"></Security>\n</System>\n<UserData><AddServiceID xmlns:auto-ns2=\"http://schemas.microsoft.com/win/2004/08/events\" xmlns=\"http://manifests.microsoft.com/win/2004/08/windows/userpnp\"><ServiceName>NdisWan</ServiceName>\n<DriverFileName>system32\\DRIVERS\\ndiswan.sys</DriverFileName>\n<DeviceInstanceID>ROOT\\MS_NDISWANIPV6\\0000</DeviceInstanceID>\n<PrimaryService>True</PrimaryService>\n<UpdateService>True</UpdateService>\n<AddServiceStatus>0</AddServiceStatus>\n</AddServiceID>\n</UserData>\n</Event>\n",
    "<Event xmlns=\"http://schemas.microsoft.com/win/2004/08/events/event\"><System><Provider Name=\"Microsoft-Windows-UserPnp\" Guid=\"{96f4a050-7e31-453c-88be-9634f4e02139}\"></Provider>\n<EventID Qualifiers=\"\">20003</EventID>\n<Version>0</Version>\n<Level>4</Level>\n<Task>7005</Task>\n<Opcode>0</Opcode>\n<Keywords>0x8000000000000000</Keywords>\n<TimeCreated SystemTime=\"2024-12-19 09:42:08.682993\"></TimeCreated>\n<EventRecordID>151</EventRecordID>\n<Correlation ActivityID=\"\" RelatedActivityID=\"\"></Correlation>\n<Execution ProcessID=\"1924\" ThreadID=\"1932\"></Execution>\n<Channel>System</Channel>\n<Computer>37L4247F27-25</Computer>\n<Security UserID=\"S-1-5-18\"></Security>\n</System>\n<UserData><AddServiceID xmlns:auto-ns2=\"http://schemas.microsoft.com/win/2004/08/events\" xmlns=\"http://manifests.microsoft.com/win/2004/08/windows/userpnp\"><ServiceName>NdisTapi</ServiceName>\n<DriverFileName>system32\\DRIVERS\\ndistapi.sys</DriverFileName>\n<DeviceInstanceID>ROOT\\MS_NDISWANIPV6\\0000</DeviceInstanceID>\n<PrimaryService>False</PrimaryService>\n<UpdateService>True</UpdateService>\n<AddServiceStatus>0</AddServiceStatus>\n</AddServiceID>\n</UserData>\n</Event>\n",
    "<Event xmlns=\"http://schemas.microsoft.com/win/2004/08/events/event\"><System><Provider Name=\"Microsoft-Windows-UserPnp\" Guid=\"{96f4a050-7e31-453c-88be-9634f4e02139}\"></Provider>\n<EventID Qualifiers=\"\">20001</EventID>\n<Version>0</Version>\n<Level>4</Level>\n<Task>7005</Task>\n<Opcode>0</Opcode>\n<Keywords>0x8000000000000000</Keywords>\n<TimeCreated SystemTime=\"2024-12-19 09:42:08.854593\"></TimeCreated>\n<EventRecordID>152</EventRecordID>\n<Correlation ActivityID=\"\" RelatedActivityID=\"\"></Correlation>\n<Execution ProcessID=\"1924\" ThreadID=\"1932\"></Execution>\n<Channel>System</Channel>\n<Computer>37L4247F27-25</Computer>\n<Security UserID=\"S-1-5-18\"></Security>\n</System>\n<UserData><InstallDeviceID xmlns:auto-ns2=\"http://schemas.microsoft.com/win/2004/08/events\" xmlns=\"http://manifests.microsoft.com/win/2004/08/windows/userpnp\"><DriverName></DriverName>\n<DriverVersion>6.1.7601.17514</DriverVersion>\n<DriverProvider>Microsoft</DriverProvider>\n<DeviceInstanceID>ROOT\\MS_NDISWANIPV6\\0000</DeviceInstanceID>\n<SetupClass>{4d36e972-e325-11ce-bfc1-08002be10318}</SetupClass>\n<RebootOption>False</RebootOption>\n<UpgradeDevice>True</UpgradeDevice>\n<IsDriverOEM>False</IsDriverOEM>\n<InstallStatus>0x00000000</InstallStatus>\n<DriverDescription>WAN Miniport (IPv6)</DriverDescription>\n</InstallDeviceID>\n</UserData>\n</Event>\n",
    "<Event xmlns=\"http://schemas.microsoft.com/win/2004/08/events/event\"><System><Provider Name=\"Microsoft-Windows-UserPnp\" Guid=\"{96f4a050-7e31-453c-88be-9634f4e02139}\"></Provider>\n<EventID Qualifiers=\"\">20003</EventID>\n<Version>0</Version>\n<Level>4</Level>\n<Task>7005</Task>\n<Opcode>0</Opcode>\n<Keywords>0x8000000000000000</Keywords>\n<TimeCreated SystemTime=\"2024-12-19 09:42:08.901394\"></TimeCreated>\n<EventRecordID>153</EventRecordID>\n<Correlation ActivityID=\"\" RelatedActivityID=\"\"></Correlation>\n<Execution ProcessID=\"1936\" ThreadID=\"1944\"></Execution>\n<Channel>System</Channel>\n<Computer>37L4247F27-25</Computer>\n<Security UserID=\"S-1-5-18\"></Security>\n</System>\n<UserData><AddServiceID xmlns:auto-ns2=\"http://schemas.microsoft.com/win/2004/08/events\" xmlns=\"http://manifests.microsoft.com/win/2004/08/windows/userpnp\"><ServiceName>RasPppoe</ServiceName>\n<DriverFileName>system32\\DRIVERS\\raspppoe.sys</DriverFileName>\n<DeviceInstanceID>ROOT\\MS_PPPOEMINIPORT\\0000</DeviceInstanceID>\n<PrimaryService>True</PrimaryService>\n<UpdateService>True</UpdateService>\n<AddServiceStatus>0</AddServiceStatus>\n</AddServiceID>\n</UserData>\n</Event>\n",
    "<Event xmlns=\"http://schemas.microsoft.com/win/2004/08/events/event\"><System><Provider Name=\"Microsoft-Windows-UserPnp\" Guid=\"{96f4a050-7e31-453c-88be-9634f4e02139}\"></Provider>\n<EventID Qualifiers=\"\">20001</EventID>\n<Version>0</Version>\n<Level>4</Level>\n<Task>7005</Task>\n<Opcode>0</Opcode>\n<Keywords>0x8000000000000000</Keywords>\n<TimeCreated SystemTime=\"2024-12-19 09:42:09.088593\"></TimeCreated>\n<EventRecordID>154</EventRecordID>\n<Correlation ActivityID=\"\" RelatedActivityID=\"\"></Correlation>\n<Execution ProcessID=\"1936\" ThreadID=\"1944\"></Execution>\n<Channel>System</Channel>\n<Computer>37L4247F27-25</Computer>\n<Security UserID=\"S-1-5-18\"></Security>\n</System>\n<UserData><InstallDeviceID xmlns:auto-ns2=\"http://schemas.microsoft.com/win/2004/08/events\" xmlns=\"http://manifests.microsoft.com/win/2004/08/windows/userpnp\"><DriverName></DriverName>\n<DriverVersion>6.1.7601.17514</DriverVersion>\n<DriverProvider>Microsoft</DriverProvider>\n<DeviceInstanceID>ROOT\\MS_PPPOEMINIPORT\\0000</DeviceInstanceID>\n<SetupClass>{4d36e972-e325-11ce-bfc1-08002be10318}</SetupClass>\n<RebootOption>False</RebootOption>\n<UpgradeDevice>True</UpgradeDevice>\n<IsDriverOEM>False</IsDriverOEM>\n<InstallStatus>0x00000000</InstallStatus>\n<DriverDescription>WAN Miniport (PPPOE)</DriverDescription>\n</InstallDeviceID>\n</UserData>\n</Event>\n",
    "<Event xmlns=\"http://schemas.microsoft.com/win/2004/08/events/event\"><System><Provider Name=\"Microsoft-Windows-UserPnp\" Guid=\"{96f4a050-7e31-453c-88be-9634f4e02139}\"></Provider>\n<EventID Qualifiers=\"\">20003</EventID>\n<Version>0</Version>\n<Level>4</Level>\n<Task>7005</Task>\n<Opcode>0</Opcode>\n<Keywords>0x8000000000000000</Keywords>\n<TimeCreated SystemTime=\"2024-12-19 09:42:09.135393\"></TimeCreated>\n<EventRecordID>155</EventRecordID>\n<Correlation ActivityID=\"\" RelatedActivityID=\"\"></Correlation>\n<Execution ProcessID=\"1980\" ThreadID=\"1988\"></Execution>\n<Channel>System</Channel>\n<Computer>37L4247F27-25</Computer>\n<Security UserID=\"S-1-5-18\"></Security>\n</System>\n<UserData><AddServiceID xmlns:auto-ns2=\"http://schemas.microsoft.com/win/2004/08/events\" xmlns=\"http://manifests.microsoft.com/win/2004/08/windows/userpnp\"><ServiceName>PptpMiniport</ServiceName>\n<DriverFileName>system32\\DRIVERS\\raspptp.sys</DriverFileName>\n<DeviceInstanceID>ROOT\\MS_PPTPMINIPORT\\0000</DeviceInstanceID>\n<PrimaryService>True</PrimaryService>\n<UpdateService>True</UpdateService>\n<AddServiceStatus>0</AddServiceStatus>\n</AddServiceID>\n</UserData>\n</Event>\n",
    "<Event xmlns=\"http://schemas.microsoft.com/win/2004/08/events/event\"><System><Provider Name=\"Microsoft-Windows-UserPnp\" Guid=\"{96f4a050-7e31-453c-88be-9634f4e02139}\"></Provider>\n<EventID Qualifiers=\"\">20001</EventID>\n<Version>0</Version>\n<Level>4</Level>\n<Task>7005</Task>\n<Opcode>0</Opcode>\n<Keywords>0x8000000000000000</Keywords>\n<TimeCreated SystemTime=\"2024-12-19 09:42:09.322594\"></TimeCreated>\n<EventRecordID>156</EventRecordID>\n<Correlation ActivityID=\"\" RelatedActivityID=\"\"></Correlation>\n<Execution ProcessID=\"1980\" ThreadID=\"1988\"></Execution>\n<Channel>System</Channel>\n<Computer>37L4247F27-25</Computer>\n<Security UserID=\"S-1-5-18\"></Security>\n</System>\n<UserData><InstallDeviceID xmlns:auto-ns2=\"http://schemas.microsoft.com/win/2004/08/events\" xmlns=\"http://manifests.microsoft.com/win/2004/08/windows/userpnp\"><DriverName></DriverName>\n<DriverVersion>6.1.7601.17514</DriverVersion>\n<DriverProvider>Microsoft</DriverProvider>\n<DeviceInstanceID>ROOT\\MS_PPTPMINIPORT\\0000</DeviceInstanceID>\n<SetupClass>{4d36e972-e325-11ce-bfc1-08002be10318}</SetupClass>\n<RebootOption>False</RebootOption>\n<UpgradeDevice>True</UpgradeDevice>\n<IsDriverOEM>False</IsDriverOEM>\n<InstallStatus>0x00000000</InstallStatus>\n<DriverDescription>WAN Miniport (PPTP)</DriverDescription>\n</InstallDeviceID>\n</UserData>\n</Event>\n",
    "<Event xmlns=\"http://schemas.microsoft.com/win/2004/08/events/event\"><System><Provider Name=\"Microsoft-Windows-UserPnp\" Guid=\"{96f4a050-7e31-453c-88be-9634f4e02139}\"></Provider>\n<EventID Qualifiers=\"\">20003</EventID>\n<Version>0</Version>\n<Level>4</Level>\n<Task>7005</Task>\n<Opcode>0</Opcode>\n<Keywords>0x8000000000000000</Keywords>\n<TimeCreated SystemTime=\"2024-12-19 09:42:09.494194\"></TimeCreated>\n<EventRecordID>157</EventRecordID>\n<Correlation ActivityID=\"\" RelatedActivityID=\"\"></Correlation>\n<Execution ProcessID=\"2008\" ThreadID=\"2016\"></Execution>\n<Channel>System</Channel>\n<Computer>37L4247F27-25</Computer>\n<Security UserID=\"S-1-5-18\"></Security>\n</System>\n<UserData><AddServiceID xmlns:auto-ns2=\"http://schemas.microsoft.com/win/2004/08/events\" xmlns=\"http://manifests.microsoft.com/win/2004/08/windows/userpnp\"><ServiceName>RasSstp</ServiceName>\n<DriverFileName>system32\\DRIVERS\\rassstp.sys</DriverFileName>\n<DeviceInstanceID>ROOT\\MS_SSTPMINIPORT\\0000</DeviceInstanceID>\n<PrimaryService>True</PrimaryService>\n<UpdateService>True</UpdateService>\n<AddServiceStatus>0</AddServiceStatus>\n</AddServiceID>\n</UserData>\n</Event>\n",
    "<Event xmlns=\"http://schemas.microsoft.com/win/2004/08/events/event\"><System><Provider Name=\"Microsoft-Windows-UserPnp\" Guid=\"{96f4a050-7e31-453c-88be-9634f4e02139}\"></Provider>\n<EventID Qualifiers=\"\">20001</EventID>\n<Version>0</Version>\n<Level>4</Level>\n<Task>7005</Task>\n<Opcode>0</Opcode>\n<Keywords>0x8000000000000000</Keywords>\n<TimeCreated SystemTime=\"2024-12-19 09:42:09.696995\"></TimeCreated>\n<EventRecordID>158</EventRecordID>\n<Correlation ActivityID=\"\" RelatedActivityID=\"\"></Correlation>\n<Execution ProcessID=\"2008\" ThreadID=\"2016\"></Execution>\n<Channel>System</Channel>\n<Computer>37L4247F27-25</Computer>\n<Security UserID=\"S-1-5-18\"></Security>\n</System>\n<UserData><InstallDeviceID xmlns:auto-ns2=\"http://schemas.microsoft.com/win/2004/08/events\" xmlns=\"http://manifests.microsoft.com/win/2004/08/windows/userpnp\"><DriverName></DriverName>\n<DriverVersion>6.1.7601.17514</DriverVersion>\n<DriverProvider>Microsoft</DriverProvider>\n<DeviceInstanceID>ROOT\\MS_SSTPMINIPORT\\0000</DeviceInstanceID>\n<SetupClass>{4d36e972-e325-11ce-bfc1-08002be10318}</SetupClass>\n<RebootOption>False</RebootOption>\n<UpgradeDevice>True</UpgradeDevice>\n<IsDriverOEM>False</IsDriverOEM>\n<InstallStatus>0x00000000</InstallStatus>\n<DriverDescription>WAN Miniport (SSTP)</DriverDescription>\n</InstallDeviceID>\n</UserData>\n</Event>\n",
    "<Event xmlns=\"http://schemas.microsoft.com/win/2004/08/events/event\"><System><Provider Name=\"Microsoft-Windows-UserPnp\" Guid=\"{96f4a050-7e31-453c-88be-9634f4e02139}\"></Provider>\n<EventID Qualifiers=\"\">20003</EventID>\n<Version>0</Version>\n<Level>4</Level>\n<Task>7005</Task>\n<Opcode>0</Opcode>\n<Keywords>0x8000000000000000</Keywords>\n<TimeCreated SystemTime=\"2024-12-19 09:42:09.774994\"></TimeCreated>\n<EventRecordID>159</EventRecordID>\n<Correlation ActivityID=\"\" RelatedActivityID=\"\"></Correlation>\n<Execution ProcessID=\"1084\" ThreadID=\"1140\"></Execution>\n<Channel>System</Channel>\n<Computer>37L4247F27-25</Computer>\n<Security UserID=\"S-1-5-18\"></Security>\n</System>\n<UserData><AddServiceID xmlns:auto-ns2=\"http://schemas.microsoft.com/win/2004/08/events\" xmlns=\"http://manifests.microsoft.com/win/2004/08/windows/userpnp\"><ServiceName>AsyncMac</ServiceName>\n<DriverFileName>system32\\DRIVERS\\asyncmac.sys</DriverFileName>\n<DeviceInstanceID>SW\\{EEAB7790-C514-11D1-B42B-00805FC1270E}\\ASYNCMAC</DeviceInstanceID>\n<PrimaryService>True</PrimaryService>\n<UpdateService>True</UpdateService>\n<AddServiceStatus>0</AddServiceStatus>\n</AddServiceID>\n</UserData>\n</Event>\n",
    "<Event xmlns=\"http://schemas.microsoft.com/win/2004/08/events/event\"><System><Provider Name=\"Microsoft-Windows-UserPnp\" Guid=\"{96f4a050-7e31-453c-88be-9634f4e02139}\"></Provider>\n<EventID Qualifiers=\"\">20001</EventID>\n<Version>0</Version>\n<Level>4</Level>\n<Task>7005</Task>\n<Opcode>0</Opcode>\n<Keywords>0x8000000000000000</Keywords>\n<TimeCreated SystemTime=\"2024-12-19 09:42:09.868595\"></TimeCreated>\n<EventRecordID>160</EventRecordID>\n<Correlation ActivityID=\"\" RelatedActivityID=\"\"></Correlation>\n<Execution ProcessID=\"1084\" ThreadID=\"1140\"></Execution>\n<Channel>System</Channel>\n<Computer>37L4247F27-25</Computer>\n<Security UserID=\"S-1-5-18\"></Security>\n</System>\n<UserData><InstallDeviceID xmlns:auto-ns2=\"http://schemas.microsoft.com/win/2004/08/events\" xmlns=\"http://manifests.microsoft.com/win/2004/08/windows/userpnp\"><DriverName></DriverName>\n<DriverVersion>6.1.7601.17514</DriverVersion>\n<DriverProvider>Microsoft</DriverProvider>\n<DeviceInstanceID>SW\\{EEAB7790-C514-11D1-B42B-00805FC1270E}\\ASYNCMAC</DeviceInstanceID>\n<SetupClass>{4d36e972-e325-11ce-bfc1-08002be10318}</SetupClass>\n<RebootOption>False</RebootOption>\n<UpgradeDevice>True</UpgradeDevice>\n<IsDriverOEM>False</IsDriverOEM>\n<InstallStatus>0x00000000</InstallStatus>\n<DriverDescription>RAS Async Adapter</DriverDescription>\n</InstallDeviceID>\n</UserData>\n</Event>\n",
    "<Event xmlns=\"http://schemas.microsoft.com/win/2004/08/events/event\"><System><Provider Name=\"Microsoft-Windows-UserPnp\" Guid=\"{96f4a050-7e31-453c-88be-9634f4e02139}\"></Provider>\n<EventID Qualifiers=\"\">20003</EventID>\n<Version>0</Version>\n<Level>4</Level>\n<Task>7005</Task>\n<Opcode>0</Opcode>\n<Keywords>0x8000000000000000</Keywords>\n<TimeCreated SystemTime=\"2024-12-19 09:42:10.227396\"></TimeCreated>\n<EventRecordID>161</EventRecordID>\n<Correlation ActivityID=\"\" RelatedActivityID=\"\"></Correlation>\n<Execution ProcessID=\"1036\" ThreadID=\"872\"></Execution>\n<Channel>System</Channel>\n<Computer>37L4247F27-25</Computer>\n<Security UserID=\"S-1-5-18\"></Security>\n</System>\n<UserData><AddServiceID xmlns:auto-ns2=\"http://schemas.microsoft.com/win/2004/08/events\" xmlns=\"http://manifests.microsoft.com/win/2004/08/windows/userpnp\"><ServiceName>ACPI</ServiceName>\n<DriverFileName>system32\\DRIVERS\\ACPI.sys</DriverFileName>\n<DeviceInstanceID>ACPI_HAL\\PNP0C08\\0</DeviceInstanceID>\n<PrimaryService>True</PrimaryService>\n<UpdateService>True</UpdateService>\n<AddServiceStatus>0</AddServiceStatus>\n</AddServiceID>\n</UserData>\n</Event>\n",
    "<Event xmlns=\"http://schemas.microsoft.com/win/2004/08/events/event\"><System><Provider Name=\"Microsoft-Windows-UserPnp\" Guid=\"{96f4a050-7e31-453c-88be-9634f4e02139}\"></Provider>\n<EventID Qualifiers=\"\">20001</EventID>\n<Version>0</Version>\n<Level>4</Level>\n<Task>7005</Task>\n<Opcode>0</Opcode>\n<Keywords>0x8000000000000000</Keywords>\n<TimeCreated SystemTime=\"2024-12-19 09:42:10.227396\"></TimeCreated>\n<EventRecordID>162</EventRecordID>\n<Correlation ActivityID=\"\" RelatedActivityID=\"\"></Correlation>\n<Execution ProcessID=\"1036\" ThreadID=\"872\"></Execution>\n<Channel>System</Channel>\n<Computer>37L4247F27-25</Computer>\n<Security UserID=\"S-1-5-18\"></Security>\n</System>\n<UserData><InstallDeviceID xmlns:auto-ns2=\"http://schemas.microsoft.com/win/2004/08/events\" xmlns=\"http://manifests.microsoft.com/win/2004/08/windows/userpnp\"><DriverName>FileRepository\\acpi.inf_amd64_neutral_aed2e7a487803437\\acpi.inf</DriverName>\n<DriverVersion>6.1.7601.17514</DriverVersion>\n<DriverProvider>Microsoft</DriverProvider>\n<DeviceInstanceID>ACPI_HAL\\PNP0C08\\0</DeviceInstanceID>\n<SetupClass>{4d36e97d-e325-11ce-bfc1-08002be10318}</SetupClass>\n<RebootOption>True</RebootOption>\n<UpgradeDevice>False</UpgradeDevice>\n<IsDriverOEM>False</IsDriverOEM>\n<InstallStatus>0x00000000</InstallStatus>\n<DriverDescription>Microsoft ACPI-Compliant System</DriverDescription>\n</InstallDeviceID>\n</UserData>\n</Event>\n",
    "<Event xmlns=\"http://schemas.microsoft.com/win/2004/08/events/event\"><System><Provider Name=\"Microsoft-Windows-UserPnp\" Guid=\"{96f4a050-7e31-453c-88be-9634f4e02139}\"></Provider>\n<EventID Qualifiers=\"\">20003</EventID>\n<Version>0</Version>\n<Level>4</Level>\n<Task>7005</Task>\n<Opcode>0</Opcode>\n<Keywords>0x8000000000000000</Keywords>\n<TimeCreated SystemTime=\"2024-12-19 09:42:10.461395\"></TimeCreated>\n<EventRecordID>163</EventRecordID>\n<Correlation ActivityID=\"\" RelatedActivityID=\"\"></Correlation>\n<Execution ProcessID=\"300\" ThreadID=\"880\"></Execution>\n<Channel>System</Channel>\n<Computer>37L4247F27-25</Computer>\n<Security UserID=\"S-1-5-18\"></Security>\n</System>\n<UserData><AddServiceID xmlns:auto-ns2=\"http://schemas.microsoft.com/win/2004/08/events\" xmlns=\"http://manifests.microsoft.com/win/2004/08/windows/userpnp\"><ServiceName>volsnap</ServiceName>\n<DriverFileName>system32\\DRIVERS\\volsnap.sys</DriverFileName>\n<DeviceInstanceID>STORAGE\\VOLUME\\{42B87B86-BDED-11EF-8149-806E6F6E6963}#0000000000100000</DeviceInstanceID>\n<PrimaryService>True</PrimaryService>\n<UpdateService>True</UpdateService>\n<AddServiceStatus>0</AddServiceStatus>\n</AddServiceID>\n</UserData>\n</Event>\n",
    "<Event xmlns=\"http://schemas.microsoft.com/win/2004/08/events/event\"><System><Provider Name=\"Microsoft-Windows-UserPnp\" Guid=\"{96f4a050-7e31-453c-88be-9634f4e02139}\"></Provider>\n<EventID Qualifiers=\"\">20001</EventID>\n<Version>0</Version>\n<Level>4</Level>\n<Task>7005</Task>\n<Opcode>0</Opcode>\n<Keywords>0x8000000000000000</Keywords>\n<TimeCreated SystemTime=\"2024-12-19 09:42:10.461395\"></TimeCreated>\n<EventRecordID>164</EventRecordID>\n<Correlation ActivityID=\"\" RelatedActivityID=\"\"></Correlation>\n<Execution ProcessID=\"300\" ThreadID=\"880\"></Execution>\n<Channel>System</Channel>\n<Computer>37L4247F27-25</Computer>\n<Security UserID=\"S-1-5-18\"></Security>\n</System>\n<UserData><InstallDeviceID xmlns:auto-ns2=\"http://schemas.microsoft.com/win/2004/08/events\" xmlns=\"http://manifests.microsoft.com/win/2004/08/windows/userpnp\"><DriverName>FileRepository\\volume.inf_amd64_neutral_df8bea40ac96ca21\\volume.inf</DriverName>\n<DriverVersion>6.1.7601.17514</DriverVersion>\n<DriverProvider>Microsoft</DriverProvider>\n<DeviceInstanceID>STORAGE\\VOLUME\\{42B87B86-BDED-11EF-8149-806E6F6E6963}#0000000000100000</DeviceInstanceID>\n<SetupClass>{71a27cdd-812a-11d0-bec7-08002be2092f}</SetupClass>\n<RebootOption>False</RebootOption>\n<UpgradeDevice>False</UpgradeDevice>\n<IsDriverOEM>False</IsDriverOEM>\n<InstallStatus>0x00000000</InstallStatus>\n<DriverDescription>Generic volume</DriverDescription>\n</InstallDeviceID>\n</UserData>\n</Event>\n",
    "<Event xmlns=\"http://schemas.microsoft.com/win/2004/08/events/event\"><System><Provider Name=\"Microsoft-Windows-UserPnp\" Guid=\"{96f4a050-7e31-453c-88be-9634f4e02139}\"></Provider>\n<EventID Qualifiers=\"\">20001</EventID>\n<Version>0</Version>\n<Level>4</Level>\n<Task>7005</Task>\n<Opcode>0</Opcode>\n<Keywords>0x8000000000000000</Keywords>\n<TimeCreated SystemTime=\"2024-12-19 09:42:10.648596\"></TimeCreated>\n<EventRecordID>165</EventRecordID>\n<Correlation ActivityID=\"\" RelatedActivityID=\"\"></Correlation>\n<Execution ProcessID=\"1340\" ThreadID=\"1492\"></Execution>\n<Channel>System</Channel>\n<Computer>37L4247F27-25</Computer>\n<Security UserID=\"S-1-5-18\"></Security>\n</System>\n<UserData><InstallDeviceID xmlns:auto-ns2=\"http://schemas.microsoft.com/win/2004/08/events\" xmlns=\"http://manifests.microsoft.com/win/2004/08/windows/userpnp\"><DriverName>FileRepository\\machine.inf_amd64_neutral_a2f120466549d68b\\machine.inf</DriverName>\n<DriverVersion>6.1.7601.17514</DriverVersion>\n<DriverProvider>Microsoft</DriverProvider>\n<DeviceInstanceID>ACPI\\PNP0A05\\11</DeviceInstanceID>\n<SetupClass>{4d36e97d-e325-11ce-bfc1-08002be10318}</SetupClass>\n<RebootOption>False</RebootOption>\n<UpgradeDevice>False</UpgradeDevice>\n<IsDriverOEM>False</IsDriverOEM>\n<InstallStatus>0x00000000</InstallStatus>\n<DriverDescription>Generic Bus</DriverDescription>\n</InstallDeviceID>\n</UserData>\n</Event>\n",
    "<Event xmlns=\"http://schemas.microsoft.com/win/2004/08/events/event\"><System><Provider Name=\"Microsoft-Windows-UserPnp\" Guid=\"{96f4a050-7e31-453c-88be-9634f4e02139}\"></Provider>\n<EventID Qualifiers=\"\">20001</EventID>\n<Version>0</Version>\n<Level>4</Level>\n<Task>7005</Task>\n<Opcode>0</Opcode>\n<Keywords>0x8000000000000000</Keywords>\n<TimeCreated SystemTime=\"2024-12-19 09:42:10.835796\"></TimeCreated>\n<EventRecordID>166</EventRecordID>\n<Correlation ActivityID=\"\" RelatedActivityID=\"\"></Correlation>\n<Execution ProcessID=\"1488\" ThreadID=\"1480\"></Execution>\n<Channel>System</Channel>\n<Computer>37L4247F27-25</Computer>\n<Security UserID=\"S-1-5-18\"></Security>\n</System>\n<UserData><InstallDeviceID xmlns:auto-ns2=\"http://schemas.microsoft.com/win/2004/08/events\" xmlns=\"http://manifests.microsoft.com/win/2004/08/windows/userpnp\"><DriverName>FileRepository\\machine.inf_amd64_neutral_a2f120466549d68b\\machine.inf</DriverName>\n<DriverVersion>6.1.7601.17514</DriverVersion>\n<DriverProvider>Microsoft</DriverProvider>\n<DeviceInstanceID>ACPI\\PNP0A05\\12</DeviceInstanceID>\n<SetupClass>{4d36e97d-e325-11ce-bfc1-08002be10318}</SetupClass>\n<RebootOption>False</RebootOption>\n<UpgradeDevice>False</UpgradeDevice>\n<IsDriverOEM>False</IsDriverOEM>\n<InstallStatus>0x00000000</InstallStatus>\n<DriverDescription>Generic Bus</DriverDescription>\n</InstallDeviceID>\n</UserData>\n</Event>\n",
    "<Event xmlns=\"http://schemas.microsoft.com/win/2004/08/events/event\"><System><Provider Name=\"Microsoft-Windows-UserPnp\" Guid=\"{96f4a050-7e31-453c-88be-9634f4e02139}\"></Provider>\n<EventID Qualifiers=\"\">20001</EventID>\n<Version>0</Version>\n<Level>4</Level>\n<Task>7005</Task>\n<Opcode>0</Opcode>\n<Keywords>0x8000000000000000</Keywords>\n<TimeCreated SystemTime=\"2024-12-19 09:42:11.022997\"></TimeCreated>\n<EventRecordID>167</EventRecordID>\n<Correlation ActivityID=\"\" RelatedActivityID=\"\"></Correlation>\n<Execution ProcessID=\"1476\" ThreadID=\"1516\"></Execution>\n<Channel>System</Channel>\n<Computer>37L4247F27-25</Computer>\n<Security UserID=\"S-1-5-18\"></Security>\n</System>\n<UserData><InstallDeviceID xmlns:auto-ns2=\"http://schemas.microsoft.com/win/2004/08/events\" xmlns=\"http://manifests.microsoft.com/win/2004/08/windows/userpnp\"><DriverName>FileRepository\\machine.inf_amd64_neutral_a2f120466549d68b\\machine.inf</DriverName>\n<DriverVersion>6.1.7601.17514</DriverVersion>\n<DriverProvider>Microsoft</DriverProvider>\n<DeviceInstanceID>ACPI\\PNP0A05\\13</DeviceInstanceID>\n<SetupClass>{4d36e97d-e325-11ce-bfc1-08002be10318}</SetupClass>\n<RebootOption>False</RebootOption>\n<UpgradeDevice>False</UpgradeDevice>\n<IsDriverOEM>False</IsDriverOEM>\n<InstallStatus>0x00000000</InstallStatus>\n<DriverDescription>Generic Bus</DriverDescription>\n</InstallDeviceID>\n</UserData>\n</Event>\n",
    "<Event xmlns=\"http://schemas.microsoft.com/win/2004/08/events/event\"><System><Provider Name=\"Microsoft-Windows-UserPnp\" Guid=\"{96f4a050-7e31-453c-88be-9634f4e02139}\"></Provider>\n<EventID Qualifiers=\"\">20001</EventID>\n<Version>0</Version>\n<Level>4</Level>\n<Task>7005</Task>\n<Opcode>0</Opcode>\n<Keywords>0x8000000000000000</Keywords>\n<TimeCreated SystemTime=\"2024-12-19 09:42:11.256998\"></TimeCreated>\n<EventRecordID>168</EventRecordID>\n<Correlation ActivityID=\"\" RelatedActivityID=\"\"></Correlation>\n<Execution ProcessID=\"1624\" ThreadID=\"1444\"></Execution>\n<Channel>System</Channel>\n<Computer>37L4247F27-25</Computer>\n<Security UserID=\"S-1-5-18\"></Security>\n</System>\n<UserData><InstallDeviceID xmlns:auto-ns2=\"http://schemas.microsoft.com/win/2004/08/events\" xmlns=\"http://manifests.microsoft.com/win/2004/08/windows/userpnp\"><DriverName>FileRepository\\machine.inf_amd64_neutral_a2f120466549d68b\\machine.inf</DriverName>\n<DriverVersion>6.1.7601.17514</DriverVersion>\n<DriverProvider>Microsoft</DriverProvider>\n<DeviceInstanceID>ACPI\\PNP0A05\\14</DeviceInstanceID>\n<SetupClass>{4d36e97d-e325-11ce-bfc1-08002be10318}</SetupClass>\n<RebootOption>False</RebootOption>\n<UpgradeDevice>False</UpgradeDevice>\n<IsDriverOEM>False</IsDriverOEM>\n<InstallStatus>0x00000000</InstallStatus>\n<DriverDescription>Generic Bus</DriverDescription>\n</InstallDeviceID>\n</UserData>\n</Event>\n",
    "<Event xmlns=\"http://schemas.microsoft.com/win/2004/08/events/event\"><System><Provider Name=\"Microsoft-Windows-UserPnp\" Guid=\"{96f4a050-7e31-453c-88be-9634f4e02139}\"></Provider>\n<EventID Qualifiers=\"\">20001</EventID>\n<Version>0</Version>\n<Level>4</Level>\n<Task>7005</Task>\n<Opcode>0</Opcode>\n<Keywords>0x8000000000000000</Keywords>\n<TimeCreated SystemTime=\"2024-12-19 09:42:12.021399\"></TimeCreated>\n<EventRecordID>169</EventRecordID>\n<Correlation ActivityID=\"\" RelatedActivityID=\"\"></Correlation>\n<Execution ProcessID=\"1632\" ThreadID=\"1436\"></Execution>\n<Channel>System</Channel>\n<Computer>37L4247F27-25</Computer>\n<Security UserID=\"S-1-5-18\"></Security>\n</System>\n<UserData><InstallDeviceID xmlns:auto-ns2=\"http://schemas.microsoft.com/win/2004/08/events\" xmlns=\"http://manifests.microsoft.com/win/2004/08/windows/userpnp\"><DriverName>FileRepository\\machine.inf_amd64_neutral_a2f120466549d68b\\machine.inf</DriverName>\n<DriverVersion>6.1.7601.17514</DriverVersion>\n<DriverProvider>Microsoft</DriverProvider>\n<DeviceInstanceID>ACPI\\PNP0A05\\15</DeviceInstanceID>\n<SetupClass>{4d36e97d-e325-11ce-bfc1-08002be10318}</SetupClass>\n<RebootOption>False</RebootOption>\n<UpgradeDevice>False</UpgradeDevice>\n<IsDriverOEM>False</IsDriverOEM>\n<InstallStatus>0x00000000</InstallStatus>\n<DriverDescription>Generic Bus</DriverDescription>\n</InstallDeviceID>\n</UserData>\n</Event>\n",
    "<Event xmlns=\"http://schemas.microsoft.com/win/2004/08/events/event\"><System><Provider Name=\"Microsoft-Windows-UserPnp\" Guid=\"{96f4a050-7e31-453c-88be-9634f4e02139}\"></Provider>\n<EventID Qualifiers=\"\">20001</EventID>\n<Version>0</Version>\n<Level>4</Level>\n<Task>7005</Task>\n<Opcode>0</Opcode>\n<Keywords>0x8000000000000000</Keywords>\n<TimeCreated SystemTime=\"2024-12-19 09:42:12.208599\"></TimeCreated>\n<EventRecordID>170</EventRecordID>\n<Correlation ActivityID=\"\" RelatedActivityID=\"\"></Correlation>\n<Execution ProcessID=\"1668\" ThreadID=\"1584\"></Execution>\n<Channel>System</Channel>\n<Computer>37L4247F27-25</Computer>\n<Security UserID=\"S-1-5-18\"></Security>\n</System>\n<UserData><InstallDeviceID xmlns:auto-ns2=\"http://schemas.microsoft.com/win/2004/08/events\" xmlns=\"http://manifests.microsoft.com/win/2004/08/windows/userpnp\"><DriverName>FileRepository\\machine.inf_amd64_neutral_a2f120466549d68b\\machine.inf</DriverName>\n<DriverVersion>6.1.7601.17514</DriverVersion>\n<DriverProvider>Microsoft</DriverProvider>\n<DeviceInstanceID>ACPI\\PNP0A05\\16</DeviceInstanceID>\n<SetupClass>{4d36e97d-e325-11ce-bfc1-08002be10318}</SetupClass>\n<RebootOption>False</RebootOption>\n<UpgradeDevice>False</UpgradeDevice>\n<IsDriverOEM>False</IsDriverOEM>\n<InstallStatus>0x00000000</InstallStatus>\n<DriverDescription>Generic Bus</DriverDescription>\n</InstallDeviceID>\n</UserData>\n</Event>\n",
    "<Event xmlns=\"http://schemas.microsoft.com/win/2004/08/events/event\"><System><Provider Name=\"Microsoft-Windows-UserPnp\" Guid=\"{96f4a050-7e31-453c-88be-9634f4e02139}\"></Provider>\n<EventID Qualifiers=\"\">20001</EventID>\n<Version>0</Version>\n<Level>4</Level>\n<Task>7005</Task>\n<Opcode>0</Opcode>\n<Keywords>0x8000000000000000</Keywords>\n<TimeCreated SystemTime=\"2024-12-19 09:42:12.395800\"></TimeCreated>\n<EventRecordID>171</EventRecordID>\n<Correlation ActivityID=\"\" RelatedActivityID=\"\"></Correlation>\n<Execution ProcessID=\"1592\" ThreadID=\"1608\"></Execution>\n<Channel>System</Channel>\n<Computer>37L4247F27-25</Computer>\n<Security UserID=\"S-1-5-18\"></Security>\n</System>\n<UserData><InstallDeviceID xmlns:auto-ns2=\"http://schemas.microsoft.com/win/2004/08/events\" xmlns=\"http://manifests.microsoft.com/win/2004/08/windows/userpnp\"><DriverName>FileRepository\\machine.inf_amd64_neutral_a2f120466549d68b\\machine.inf</DriverName>\n<DriverVersion>6.1.7601.17514</DriverVersion>\n<DriverProvider>Microsoft</DriverProvider>\n<DeviceInstanceID>ACPI\\PNP0A05\\17</DeviceInstanceID>\n<SetupClass>{4d36e97d-e325-11ce-bfc1-08002be10318}</SetupClass>\n<RebootOption>False</RebootOption>\n<UpgradeDevice>False</UpgradeDevice>\n<IsDriverOEM>False</IsDriverOEM>\n<InstallStatus>0x00000000</InstallStatus>\n<DriverDescription>Generic Bus</DriverDescription>\n</InstallDeviceID>\n</UserData>\n</Event>\n",
    "<Event xmlns=\"http://schemas.microsoft.com/win/2004/08/events/event\"><System><Provider Name=\"Microsoft-Windows-UserPnp\" Guid=\"{96f4a050-7e31-453c-88be-9634f4e02139}\"></Provider>\n<EventID Qualifiers=\"\">20001</EventID>\n<Version>0</Version>\n<Level>4</Level>\n<Task>7005</Task>\n<Opcode>0</Opcode>\n<Keywords>0x8000000000000000</Keywords>\n<TimeCreated SystemTime=\"2024-12-19 09:42:12.707800\"></TimeCreated>\n<EventRecordID>172</EventRecordID>\n<Correlation ActivityID=\"\" RelatedActivityID=\"\"></Correlation>\n<Execution ProcessID=\"1712\" ThreadID=\"1736\"></Execution>\n<Channel>System</Channel>\n<Computer>37L4247F27-25</Computer>\n<Security UserID=\"S-1-5-18\"></Security>\n</System>\n<UserData><InstallDeviceID xmlns:auto-ns2=\"http://schemas.microsoft.com/win/2004/08/events\" xmlns=\"http://manifests.microsoft.com/win/2004/08/windows/userpnp\"><DriverName>FileRepository\\machine.inf_amd64_neutral_a2f120466549d68b\\machine.inf</DriverName>\n<DriverVersion>6.1.7601.17514</DriverVersion>\n<DriverProvider>Microsoft</DriverProvider>\n<DeviceInstanceID>ACPI\\FIXEDBUTTON\\2&amp;DABA3FF&amp;2</DeviceInstanceID>\n<SetupClass>{4d36e97d-e325-11ce-bfc1-08002be10318}</SetupClass>\n<RebootOption>True</RebootOption>\n<UpgradeDevice>False</UpgradeDevice>\n<IsDriverOEM>False</IsDriverOEM>\n<InstallStatus>0x00000000</InstallStatus>\n<DriverDescription>ACPI Fixed Feature Button</DriverDescription>\n</InstallDeviceID>\n</UserData>\n</Event>\n",
    "<Event xmlns=\"http://schemas.microsoft.com/win/2004/08/events/event\"><System><Provider Name=\"Microsoft-Windows-UserPnp\" Guid=\"{96f4a050-7e31-453c-88be-9634f4e02139}\"></Provider>\n<EventID Qualifiers=\"\">20003</EventID>\n<Version>0</Version>\n<Level>4</Level>\n<Task>7005</Task>\n<Opcode>0</Opcode>\n<Keywords>0x8000000000000000</Keywords>\n<TimeCreated SystemTime=\"2024-12-19 09:42:12.973001\"></TimeCreated>\n<EventRecordID>173</EventRecordID>\n<Correlation ActivityID=\"\" RelatedActivityID=\"\"></Correlation>\n<Execution ProcessID=\"1784\" ThreadID=\"1724\"></Execution>\n<Channel>System</Channel>\n<Computer>37L4247F27-25</Computer>\n<Security UserID=\"S-1-5-18\"></Security>\n</System>\n<UserData><AddServiceID xmlns:auto-ns2=\"http://schemas.microsoft.com/win/2004/08/events\" xmlns=\"http://manifests.microsoft.com/win/2004/08/windows/userpnp\"><ServiceName>pci</ServiceName>\n<DriverFileName>system32\\DRIVERS\\pci.sys</DriverFileName>\n<DeviceInstanceID>ACPI\\PNP0A03\\2&amp;DABA3FF&amp;2</DeviceInstanceID>\n<PrimaryService>True</PrimaryService>\n<UpdateService>True</UpdateService>\n<AddServiceStatus>0</AddServiceStatus>\n</AddServiceID>\n</UserData>\n</Event>\n",
    "<Event xmlns=\"http://schemas.microsoft.com/win/2004/08/events/event\"><System><Provider Name=\"Microsoft-Windows-UserPnp\" Guid=\"{96f4a050-7e31-453c-88be-9634f4e02139}\"></Provider>\n<EventID Qualifiers=\"\">20001</EventID>\n<Version>0</Version>\n<Level>4</Level>\n<Task>7005</Task>\n<Opcode>0</Opcode>\n<Keywords>0x8000000000000000</Keywords>\n<TimeCreated SystemTime=\"2024-12-19 09:42:13.565802\"></TimeCreated>\n<EventRecordID>174</EventRecordID>\n<Correlation ActivityID=\"\" RelatedActivityID=\"\"></Correlation>\n<Execution ProcessID=\"1784\" ThreadID=\"1724\"></Execution>\n<Channel>System</Channel>\n<Computer>37L4247F27-25</Computer>\n<Security UserID=\"S-1-5-18\"></Security>\n</System>\n<UserData><InstallDeviceID xmlns:auto-ns2=\"http://schemas.microsoft.com/win/2004/08/events\" xmlns=\"http://manifests.microsoft.com/win/2004/08/windows/userpnp\"><DriverName>FileRepository\\machine.inf_amd64_neutral_a2f120466549d68b\\machine.inf</DriverName>\n<DriverVersion>6.1.7601.17514</DriverVersion>\n<DriverProvider>Microsoft</DriverProvider>\n<DeviceInstanceID>ACPI\\PNP0A03\\2&amp;DABA3FF&amp;2</DeviceInstanceID>\n<SetupClass>{4d36e97d-e325-11ce-bfc1-08002be10318}</SetupClass>\n<RebootOption>True</RebootOption>\n<UpgradeDevice>False</UpgradeDevice>\n<IsDriverOEM>False</IsDriverOEM>\n<InstallStatus>0x00000000</InstallStatus>\n<DriverDescription>PCI bus</DriverDescription>\n</InstallDeviceID>\n</UserData>\n</Event>\n",
    "<Event xmlns=\"http://schemas.microsoft.com/win/2004/08/events/event\"><System><Provider Name=\"Microsoft-Windows-UserPnp\" Guid=\"{96f4a050-7e31-453c-88be-9634f4e02139}\"></Provider>\n<EventID Qualifiers=\"\">20001</EventID>\n<Version>0</Version>\n<Level>4</Level>\n<Task>7005</Task>\n<Opcode>0</Opcode>\n<Keywords>0x8000000000000000</Keywords>\n<TimeCreated SystemTime=\"2024-12-19 09:42:13.753000\"></TimeCreated>\n<EventRecordID>175</EventRecordID>\n<Correlation ActivityID=\"\" RelatedActivityID=\"\"></Correlation>\n<Execution ProcessID=\"1836\" ThreadID=\"1764\"></Execution>\n<Channel>System</Channel>\n<Computer>37L4247F27-25</Computer>\n<Security UserID=\"S-1-5-18\"></Security>\n</System>\n<UserData><InstallDeviceID xmlns:auto-ns2=\"http://schemas.microsoft.com/win/2004/08/events\" xmlns=\"http://manifests.microsoft.com/win/2004/08/windows/userpnp\"><DriverName>FileRepository\\machine.inf_amd64_neutral_a2f120466549d68b\\machine.inf</DriverName>\n<DriverVersion>6.1.7601.17514</DriverVersion>\n<DriverProvider>Microsoft</DriverProvider>\n<DeviceInstanceID>ACPI\\PNP0A05\\10</DeviceInstanceID>\n<SetupClass>{4d36e97d-e325-11ce-bfc1-08002be10318}</SetupClass>\n<RebootOption>False</RebootOption>\n<UpgradeDevice>False</UpgradeDevice>\n<IsDriverOEM>False</IsDriverOEM>\n<InstallStatus>0x00000000</InstallStatus>\n<DriverDescription>Generic Bus</DriverDescription>\n</InstallDeviceID>\n</UserData>\n</Event>\n",
    "<Event xmlns=\"http://schemas.microsoft.com/win/2004/08/events/event\"><System><Provider Name=\"Service Control Manager\" Guid=\"{555908d1-a6d7-4695-8e1e-26931d2012f4}\" EventSourceName=\"Service Control Manager\"></Provider>\n<EventID Qualifiers=\"16384\">7040</EventID>\n<Version>0</Version>\n<Level>4</Level>\n<Task>0</Task>\n<Opcode>0</Opcode>\n<Keywords>0x8080000000000000</Keywords>\n<TimeCreated SystemTime=\"2024-12-19 09:42:14.205402\"></TimeCreated>\n<EventRecordID>176</EventRecordID>\n<Correlation ActivityID=\"\" RelatedActivityID=\"\"></Correlation>\n<Execution ProcessID=\"440\" ThreadID=\"1324\"></Execution>\n<Channel>System</Channel>\n<Computer>37L4247F27-25</Computer>\n<Security UserID=\"S-1-5-18\"></Security>\n</System>\n<EventData><Data Name=\"param1\">Microsoft Composite Battery Driver</Data>\n<Data Name=\"param2\">demand start</Data>\n<Data Name=\"param3\">boot start</Data>\n<Data Name=\"param4\">Compbatt</Data>\n</EventData>\n</Event>\n",
    "<Event xmlns=\"http://schemas.microsoft.com/win/2004/08/events/event\"><System><Provider Name=\"Microsoft-Windows-UserPnp\" Guid=\"{96f4a050-7e31-453c-88be-9634f4e02139}\"></Provider>\n<EventID Qualifiers=\"\">20003</EventID>\n<Version>0</Version>\n<Level>4</Level>\n<Task>7005</Task>\n<Opcode>0</Opcode>\n<Keywords>0x8000000000000000</Keywords>\n<TimeCreated SystemTime=\"2024-12-19 09:42:14.236603\"></TimeCreated>\n<EventRecordID>177</EventRecordID>\n<Correlation ActivityID=\"\" RelatedActivityID=\"\"></Correlation>\n<Execution ProcessID=\"1696\" ThreadID=\"1600\"></Execution>\n<Channel>System</Channel>\n<Computer>37L4247F27-25</Computer>\n<Security UserID=\"S-1-5-18\"></Security>\n</System>\n<UserData><AddServiceID xmlns:auto-ns2=\"http://schemas.microsoft.com/win/2004/08/events\" xmlns=\"http://manifests.microsoft.com/win/2004/08/windows/userpnp\"><ServiceName>Compbatt</ServiceName>\n<DriverFileName>system32\\DRIVERS\\compbatt.sys</DriverFileName>\n<DeviceInstanceID>ROOT\\COMPOSITE_BATTERY\\0000</DeviceInstanceID>\n<PrimaryService>True</PrimaryService>\n<UpdateService>True</UpdateService>\n<AddServiceStatus>0</AddServiceStatus>\n</AddServiceID>\n</UserData>\n</Event>\n",
    "<Event xmlns=\"http://schemas.microsoft.com/win/2004/08/events/event\"><System><Provider Name=\"Microsoft-Windows-UserPnp\" Guid=\"{96f4a050-7e31-453c-88be-9634f4e02139}\"></Provider>\n<EventID Qualifiers=\"\">20003</EventID>\n<Version>0</Version>\n<Level>4</Level>\n<Task>7005</Task>\n<Opcode>0</Opcode>\n<Keywords>0x8000000000000000</Keywords>\n<TimeCreated SystemTime=\"2024-12-19 09:42:14.330202\"></TimeCreated>\n<EventRecordID>178</EventRecordID>\n<Correlation ActivityID=\"\" RelatedActivityID=\"\"></Correlation>\n<Execution ProcessID=\"1696\" ThreadID=\"1600\"></Execution>\n<Channel>System</Channel>\n<Computer>37L4247F27-25</Computer>\n<Security UserID=\"S-1-5-18\"></Security>\n</System>\n<UserData><AddServiceID xmlns:auto-ns2=\"http://schemas.microsoft.com/win/2004/08/events\" xmlns=\"http://manifests.microsoft.com/win/2004/08/windows/userpnp\"><ServiceName>CmBatt</ServiceName>\n<DriverFileName>system32\\DRIVERS\\CmBatt.sys</DriverFileName>\n<DeviceInstanceID>ACPI\\ACPI0003\\1</DeviceInstanceID>\n<PrimaryService>True</PrimaryService>\n<UpdateService>True</UpdateService>\n<AddServiceStatus>0</AddServiceStatus>\n</AddServiceID>\n</UserData>\n</Event>\n",
    "<Event xmlns=\"http://schemas.microsoft.com/win/2004/08/events/event\"><System><Provider Name=\"Microsoft-Windows-UserPnp\" Guid=\"{96f4a050-7e31-453c-88be-9634f4e02139}\"></Provider>\n<EventID Qualifiers=\"\">20001</EventID>\n<Version>0</Version>\n<Level>4</Level>\n<Task>7005</Task>\n<Opcode>0</Opcode>\n<Keywords>0x8000000000000000</Keywords>\n<TimeCreated SystemTime=\"2024-12-19 09:42:15.422205\"></TimeCreated>\n<EventRecordID>179</EventRecordID>\n<Correlation ActivityID=\"\" RelatedActivityID=\"\"></Correlation>\n<Execution ProcessID=\"1696\" ThreadID=\"1600\"></Execution>\n<Channel>System</Channel>\n<Computer>37L4247F27-25</Computer>\n<Security UserID=\"S-1-5-18\"></Security>\n</System>\n<UserData><InstallDeviceID xmlns:auto-ns2=\"http://schemas.microsoft.com/win/2004/08/events\" xmlns=\"http://manifests.microsoft.com/win/2004/08/windows/userpnp\"><DriverName>FileRepository\\battery.inf_amd64_neutral_cb8fa151a7b7cb80\\battery.inf</DriverName>\n<DriverVersion>6.1.7600.16385</DriverVersion>\n<DriverProvider>Microsoft</DriverProvider>\n<DeviceInstanceID>ACPI\\ACPI0003\\1</DeviceInstanceID>\n<SetupClass>{72631e54-78a4-11d0-bcf7-00aa00b7b32a}</SetupClass>\n<RebootOption>False</RebootOption>\n<UpgradeDevice>False</UpgradeDevice>\n<IsDriverOEM>False</IsDriverOEM>\n<InstallStatus>0x00000000</InstallStatus>\n<DriverDescription>Microsoft AC Adapter</DriverDescription>\n</InstallDeviceID>\n</UserData>\n</Event>\n",
    "<Event xmlns=\"http://schemas.microsoft.com/win/2004/08/events/event\"><System><Provider Name=\"Microsoft-Windows-UserPnp\" Guid=\"{96f4a050-7e31-453c-88be-9634f4e02139}\"></Provider>\n<EventID Qualifiers=\"\">20003</EventID>\n<Version>0</Version>\n<Level>4</Level>\n<Task>7005</Task>\n<Opcode>0</Opcode>\n<Keywords>0x8000000000000000</Keywords>\n<TimeCreated SystemTime=\"2024-12-19 09:42:19.119411\"></TimeCreated>\n<EventRecordID>180</EventRecordID>\n<Correlation ActivityID=\"\" RelatedActivityID=\"\"></Correlation>\n<Execution ProcessID=\"1748\" ThreadID=\"1676\"></Execution>\n<Channel>System</Channel>\n<Computer>37L4247F27-25</Computer>\n<Security UserID=\"S-1-5-18\"></Security>\n</System>\n<UserData><AddServiceID xmlns:auto-ns2=\"http://schemas.microsoft.com/win/2004/08/events\" xmlns=\"http://manifests.microsoft.com/win/2004/08/windows/userpnp\"><ServiceName>AmdPPM</ServiceName>\n<DriverFileName>system32\\DRIVERS\\amdppm.sys</DriverFileName>\n<DeviceInstanceID>ACPI\\AUTHENTICAMD_-_AMD64_FAMILY_23_MODEL_96_-_AMD_RYZEN_7_4800H_WITH_RADEON_GRAPHICS_________\\_0</DeviceInstanceID>\n<PrimaryService>True</PrimaryService>\n<UpdateService>True</UpdateService>\n<AddServiceStatus>0</AddServiceStatus>\n</AddServiceID>\n</UserData>\n</Event>\n",
    "<Event xmlns=\"http://schemas.microsoft.com/win/2004/08/events/event\"><System><Provider Name=\"Microsoft-Windows-UserPnp\" Guid=\"{96f4a050-7e31-453c-88be-9634f4e02139}\"></Provider>\n<EventID Qualifiers=\"\">20001</EventID>\n<Version>0</Version>\n<Level>4</Level>\n<Task>7005</Task>\n<Opcode>0</Opcode>\n<Keywords>0x8000000000000000</Keywords>\n<TimeCreated SystemTime=\"2024-12-19 09:42:19.135010\"></TimeCreated>\n<EventRecordID>181</EventRecordID>\n<Correlation ActivityID=\"\" RelatedActivityID=\"\"></Correlation>\n<Execution ProcessID=\"1748\" ThreadID=\"1676\"></Execution>\n<Channel>System</Channel>\n<Computer>37L4247F27-25</Computer>\n<Security UserID=\"S-1-5-18\"></Security>\n</System>\n<UserData><InstallDeviceID xmlns:auto-ns2=\"http://schemas.microsoft.com/win/2004/08/events\" xmlns=\"http://manifests.microsoft.com/win/2004/08/windows/userpnp\"><DriverName>FileRepository\\cpu.inf_amd64_neutral_ae5de2e1bf2793c3\\cpu.inf</DriverName>\n<DriverVersion>6.1.7600.16385</DriverVersion>\n<DriverProvider>Microsoft</DriverProvider>\n<DeviceInstanceID>ACPI\\AUTHENTICAMD_-_AMD64_FAMILY_23_MODEL_96_-_AMD_RYZEN_7_4800H_WITH_RADEON_GRAPHICS_________\\_0</DeviceInstanceID>\n<SetupClass>{50127dc3-0f36-415e-a6cc-4cb3be910b65}</SetupClass>\n<RebootOption>True</RebootOption>\n<UpgradeDevice>False</UpgradeDevice>\n<IsDriverOEM>False</IsDriverOEM>\n<InstallStatus>0x00000000</InstallStatus>\n<DriverDescription>AMD Processor</DriverDescription>\n</InstallDeviceID>\n</UserData>\n</Event>\n",
    "<Event xmlns=\"http://schemas.microsoft.com/win/2004/08/events/event\"><System><Provider Name=\"Microsoft-Windows-UserPnp\" Guid=\"{96f4a050-7e31-453c-88be-9634f4e02139}\"></Provider>\n<EventID Qualifiers=\"\">20001</EventID>\n<Version>0</Version>\n<Level>4</Level>\n<Task>7005</Task>\n<Opcode>0</Opcode>\n<Keywords>0x8000000000000000</Keywords>\n<TimeCreated SystemTime=\"2024-12-19 09:42:19.306612\"></TimeCreated>\n<EventRecordID>182</EventRecordID>\n<Correlation ActivityID=\"\" RelatedActivityID=\"\"></Correlation>\n<Execution ProcessID=\"1828\" ThreadID=\"1760\"></Execution>\n<Channel>System</Channel>\n<Computer>37L4247F27-25</Computer>\n<Security UserID=\"S-1-5-18\"></Security>\n</System>\n<UserData><InstallDeviceID xmlns:auto-ns2=\"http://schemas.microsoft.com/win/2004/08/events\" xmlns=\"http://manifests.microsoft.com/win/2004/08/windows/userpnp\"><DriverName>FileRepository\\machine.inf_amd64_neutral_a2f120466549d68b\\machine.inf</DriverName>\n<DriverVersion>6.1.7601.17514</DriverVersion>\n<DriverProvider>Microsoft</DriverProvider>\n<DeviceInstanceID>ACPI\\PNP0A05\\35</DeviceInstanceID>\n<SetupClass>{4d36e97d-e325-11ce-bfc1-08002be10318}</SetupClass>\n<RebootOption>False</RebootOption>\n<UpgradeDevice>False</UpgradeDevice>\n<IsDriverOEM>False</IsDriverOEM>\n<InstallStatus>0x00000000</InstallStatus>\n<DriverDescription>Generic Bus</DriverDescription>\n</InstallDeviceID>\n</UserData>\n</Event>\n",
    "<Event xmlns=\"http://schemas.microsoft.com/win/2004/08/events/event\"><System><Provider Name=\"Microsoft-Windows-UserPnp\" Guid=\"{96f4a050-7e31-453c-88be-9634f4e02139}\"></Provider>\n<EventID Qualifiers=\"\">20001</EventID>\n<Version>0</Version>\n<Level>4</Level>\n<Task>7005</Task>\n<Opcode>0</Opcode>\n<Keywords>0x8000000000000000</Keywords>\n<TimeCreated SystemTime=\"2024-12-19 09:42:19.478212\"></TimeCreated>\n<EventRecordID>183</EventRecordID>\n<Correlation ActivityID=\"\" RelatedActivityID=\"\"></Correlation>\n<Execution ProcessID=\"1804\" ThreadID=\"1816\"></Execution>\n<Channel>System</Channel>\n<Computer>37L4247F27-25</Computer>\n<Security UserID=\"S-1-5-18\"></Security>\n</System>\n<UserData><InstallDeviceID xmlns:auto-ns2=\"http://schemas.microsoft.com/win/2004/08/events\" xmlns=\"http://manifests.microsoft.com/win/2004/08/windows/userpnp\"><DriverName>FileRepository\\machine.inf_amd64_neutral_a2f120466549d68b\\machine.inf</DriverName>\n<DriverVersion>6.1.7601.17514</DriverVersion>\n<DriverProvider>Microsoft</DriverProvider>\n<DeviceInstanceID>ACPI\\PNP0A05\\50</DeviceInstanceID>\n<SetupClass>{4d36e97d-e325-11ce-bfc1-08002be10318}</SetupClass>\n<RebootOption>False</RebootOption>\n<UpgradeDevice>False</UpgradeDevice>\n<IsDriverOEM>False</IsDriverOEM>\n<InstallStatus>0x00000000</InstallStatus>\n<DriverDescription>Generic Bus</DriverDescription>\n</InstallDeviceID>\n</UserData>\n</Event>\n",
    "<Event xmlns=\"http://schemas.microsoft.com/win/2004/08/events/event\"><System><Provider Name=\"Microsoft-Windows-UserPnp\" Guid=\"{96f4a050-7e31-453c-88be-9634f4e02139}\"></Provider>\n<EventID Qualifiers=\"\">20001</EventID>\n<Version>0</Version>\n<Level>4</Level>\n<Task>7005</Task>\n<Opcode>0</Opcode>\n<Keywords>0x8000000000000000</Keywords>\n<TimeCreated SystemTime=\"2024-12-19 09:42:19.649813\"></TimeCreated>\n<EventRecordID>184</EventRecordID>\n<Correlation ActivityID=\"\" RelatedActivityID=\"\"></Correlation>\n<Execution ProcessID=\"1992\" ThreadID=\"1880\"></Execution>\n<Channel>System</Channel>\n<Computer>37L4247F27-25</Computer>\n<Security UserID=\"S-1-5-18\"></Security>\n</System>\n<UserData><InstallDeviceID xmlns:auto-ns2=\"http://schemas.microsoft.com/win/2004/08/events\" xmlns=\"http://manifests.microsoft.com/win/2004/08/windows/userpnp\"><DriverName>FileRepository\\machine.inf_amd64_neutral_a2f120466549d68b\\machine.inf</DriverName>\n<DriverVersion>6.1.7601.17514</DriverVersion>\n<DriverProvider>Microsoft</DriverProvider>\n<DeviceInstanceID>ACPI\\PNP0A05\\36</DeviceInstanceID>\n<SetupClass>{4d36e97d-e325-11ce-bfc1-08002be10318}</SetupClass>\n<RebootOption>False</RebootOption>\n<UpgradeDevice>False</UpgradeDevice>\n<IsDriverOEM>False</IsDriverOEM>\n<InstallStatus>0x00000000</InstallStatus>\n<DriverDescription>Generic Bus</DriverDescription>\n</InstallDeviceID>\n</UserData>\n</Event>\n",
    "<Event xmlns=\"http://schemas.microsoft.com/win/2004/08/events/event\"><System><Provider Name=\"Microsoft-Windows-UserPnp\" Guid=\"{96f4a050-7e31-453c-88be-9634f4e02139}\"></Provider>\n<EventID Qualifiers=\"\">20001</EventID>\n<Version>0</Version>\n<Level>4</Level>\n<Task>7005</Task>\n<Opcode>0</Opcode>\n<Keywords>0x8000000000000000</Keywords>\n<TimeCreated SystemTime=\"2024-12-19 09:42:19.883812\"></TimeCreated>\n<EventRecordID>185</EventRecordID>\n<Correlation ActivityID=\"\" RelatedActivityID=\"\"></Correlation>\n<Execution ProcessID=\"2024\" ThreadID=\"1944\"></Execution>\n<Channel>System</Channel>\n<Computer>37L4247F27-25</Computer>\n<Security UserID=\"S-1-5-18\"></Security>\n</System>\n<UserData><InstallDeviceID xmlns:auto-ns2=\"http://schemas.microsoft.com/win/2004/08/events\" xmlns=\"http://manifests.microsoft.com/win/2004/08/windows/userpnp\"><DriverName>FileRepository\\machine.inf_amd64_neutral_a2f120466549d68b\\machine.inf</DriverName>\n<DriverVersion>6.1.7601.17514</DriverVersion>\n<DriverProvider>Microsoft</DriverProvider>\n<DeviceInstanceID>ACPI\\PNP0A05\\51</DeviceInstanceID>\n<SetupClass>{4d36e97d-e325-11ce-bfc1-08002be10318}</SetupClass>\n<RebootOption>False</RebootOption>\n<UpgradeDevice>False</UpgradeDevice>\n<IsDriverOEM>False</IsDriverOEM>\n<InstallStatus>0x00000000</InstallStatus>\n<DriverDescription>Generic Bus</DriverDescription>\n</InstallDeviceID>\n</UserData>\n</Event>\n",
    "<Event xmlns=\"http://schemas.microsoft.com/win/2004/08/events/event\"><System><Provider Name=\"Microsoft-Windows-UserPnp\" Guid=\"{96f4a050-7e31-453c-88be-9634f4e02139}\"></Provider>\n<EventID Qualifiers=\"\">20003</EventID>\n<Version>0</Version>\n<Level>4</Level>\n<Task>7005</Task>\n<Opcode>0</Opcode>\n<Keywords>0x8000000000000000</Keywords>\n<TimeCreated SystemTime=\"2024-12-19 09:42:20.086613\"></TimeCreated>\n<EventRecordID>186</EventRecordID>\n<Correlation ActivityID=\"\" RelatedActivityID=\"\"></Correlation>\n<Execution ProcessID=\"2040\" ThreadID=\"2008\"></Execution>\n<Channel>System</Channel>\n<Computer>37L4247F27-25</Computer>\n<Security UserID=\"S-1-5-18\"></Security>\n</System>\n<UserData><AddServiceID xmlns:auto-ns2=\"http://schemas.microsoft.com/win/2004/08/events\" xmlns=\"http://manifests.microsoft.com/win/2004/08/windows/userpnp\"><ServiceName>pci</ServiceName>\n<DriverFileName>system32\\DRIVERS\\pci.sys</DriverFileName>\n<DeviceInstanceID>PCI\\VEN_15AD&amp;DEV_07A0&amp;SUBSYS_07A015AD&amp;REV_01\\3&amp;2B8E0B4B&amp;0&amp;BF</DeviceInstanceID>\n<PrimaryService>True</PrimaryService>\n<UpdateService>True</UpdateService>\n<AddServiceStatus>0</AddServiceStatus>\n</AddServiceID>\n</UserData>\n</Event>\n",
